-- The C compiler identification is GNU 11.4.0
-- The CXX compiler identification is GNU 11.4.0
-- Detecting C compiler ABI info
-- Detecting C compiler ABI info - done
-- Check for working C compiler: /usr/bin/cc - skipped
-- Detecting C compile features
-- Detecting C compile features - done
-- Detecting CXX compiler ABI info
-- Detecting CXX compiler ABI info - done
-- Check for working CXX compiler: /usr/bin/c++ - skipped
-- Detecting CXX compile features
-- Detecting CXX compile features - done
-- Found ament_cmake: 1.3.8 (/opt/ros/humble/share/ament_cmake/cmake)
-- Found Python3: /usr/bin/python3 (found version "3.10.12") found components: Interpreter 
-- Found rclcpp: 16.0.8 (/opt/ros/humble/share/rclcpp/cmake)
-- Found rosidl_generator_c: 3.1.5 (/opt/ros/humble/share/rosidl_generator_c/cmake)
-- Found rosidl_adapter: 3.1.5 (/opt/ros/humble/share/rosidl_adapter/cmake)
-- Found rosidl_generator_cpp: 3.1.5 (/opt/ros/humble/share/rosidl_generator_cpp/cmake)
-- Using all available rosidl_typesupport_c: rosidl_typesupport_fastrtps_c;rosidl_typesupport_introspection_c
-- Using all available rosidl_typesupport_cpp: rosidl_typesupport_fastrtps_cpp;rosidl_typesupport_introspection_cpp
-- Found rmw_implementation_cmake: 6.1.1 (/opt/ros/humble/share/rmw_implementation_cmake/cmake)
-- Found rmw_fastrtps_cpp: 6.2.6 (/opt/ros/humble/share/rmw_fastrtps_cpp/cmake)
-- Found OpenSSL: /usr/lib/aarch64-linux-gnu/libcrypto.so (found version "3.0.2")  
-- Found FastRTPS: /opt/ros/humble/include  
-- Using RMW implementation 'rmw_fastrtps_cpp' as default
-- Looking for pthread.h
-- Looking for pthread.h - found
-- Performing Test CMAKE_HAVE_LIBC_PTHREAD
-- Performing Test CMAKE_HAVE_LIBC_PTHREAD - Success
-- Found Threads: TRUE  
-- Found rosidl_default_generators: 1.2.0 (/opt/ros/humble/share/rosidl_default_generators/cmake)
-- Found ament_cmake_ros: 0.10.0 (/opt/ros/humble/share/ament_cmake_ros/cmake)
-- Using all available rosidl_typesupport_c: rosidl_typesupport_fastrtps_c;rosidl_typesupport_introspection_c
-- Using all available rosidl_typesupport_cpp: rosidl_typesupport_fastrtps_cpp;rosidl_typesupport_introspection_cpp
-- Found PythonInterp: /usr/bin/python3 (found suitable version "3.10.12", minimum required is "3.6") 
-- Found python_cmake_module: 0.10.0 (/opt/ros/humble/share/python_cmake_module/cmake)
-- Found PythonLibs: /usr/lib/aarch64-linux-gnu/libpython3.10.so (found suitable version "3.10.12", minimum required is "3.5") 
-- Using PYTHON_EXECUTABLE: /usr/bin/python3
-- Using PYTHON_INCLUDE_DIRS: /usr/include/python3.10
-- Using PYTHON_LIBRARIES: /usr/lib/aarch64-linux-gnu/libpython3.10.so
-- Found PythonExtra: .so  
-- Found ament_lint_auto: 0.12.10 (/opt/ros/humble/share/ament_lint_auto/cmake)
-- Added test 'cppcheck' to perform static code analysis on C / C++ code
-- Configured cppcheck include dirs: 
-- Configured cppcheck exclude dirs and/or files: 
-- Added test 'flake8' to check Python code syntax and style conventions
-- Added test 'lint_cmake' to check CMake code style
-- Added test 'pep257' to check Python code against some of the docstring style conventions in PEP 257
-- Added test 'uncrustify' to check C / C++ code style
-- Configured uncrustify additional arguments: 
-- Added test 'xmllint' to check XML markup files
-- Configuring done
-- Generating done
-- Build files have been written to: /home/ros/rosPackages/ENAE450/ENAE450_ws/src/ENAE450-Group-Project/final_project/build/interface_package
[  3%] [34m[1mGenerating C code for ROS interfaces[0m
[  6%] [34m[1mGenerating C++ code for ROS interfaces[0m
[  6%] Built target interface_package__cpp
[  9%] [32mBuilding C object CMakeFiles/interface_package__rosidl_generator_c.dir/rosidl_generator_c/interface_package/srv/detail/aruco_detect_srv__functions.c.o[0m
[  9%] Built target ament_cmake_python_copy_interface_package
[ 12%] [34m[1mGenerating C++ type support dispatch for ROS interfaces[0m
[ 16%] [32m[1mLinking C shared library libinterface_package__rosidl_generator_c.so[0m
[ 16%] Built target interface_package__rosidl_generator_c
[ 19%] [34m[1mGenerating C++ type support for eProsima Fast-RTPS[0m
[ 22%] [32mBuilding CXX object CMakeFiles/interface_package__rosidl_typesupport_cpp.dir/rosidl_typesupport_cpp/interface_package/srv/aruco_detect_srv__type_support.cpp.o[0m
[ 25%] [32mBuilding CXX object CMakeFiles/interface_package__rosidl_typesupport_fastrtps_cpp.dir/rosidl_typesupport_fastrtps_cpp/interface_package/srv/detail/dds_fastrtps/aruco_detect_srv__type_support.cpp.o[0m
[ 29%] [32m[1mLinking CXX shared library libinterface_package__rosidl_typesupport_cpp.so[0m
[ 29%] Built target interface_package__rosidl_typesupport_cpp
[ 32%] [34m[1mGenerating C introspection for ROS interfaces[0m
[ 35%] [32m[1mLinking CXX shared library libinterface_package__rosidl_typesupport_fastrtps_cpp.so[0m
[ 38%] [32mBuilding C object CMakeFiles/interface_package__rosidl_typesupport_introspection_c.dir/rosidl_typesupport_introspection_c/interface_package/srv/detail/aruco_detect_srv__type_support.c.o[0m
[ 38%] Built target interface_package__rosidl_typesupport_fastrtps_cpp
[ 41%] [34m[1mGenerating C type support dispatch for ROS interfaces[0m
[ 45%] [32m[1mLinking C shared library libinterface_package__rosidl_typesupport_introspection_c.so[0m
[ 45%] Built target interface_package__rosidl_typesupport_introspection_c
[ 48%] [34m[1mGenerating C++ introspection for ROS interfaces[0m
[ 51%] [32mBuilding CXX object CMakeFiles/interface_package__rosidl_typesupport_c.dir/rosidl_typesupport_c/interface_package/srv/aruco_detect_srv__type_support.cpp.o[0m
[ 54%] [32m[1mLinking CXX shared library libinterface_package__rosidl_typesupport_c.so[0m
[ 54%] Built target interface_package__rosidl_typesupport_c
[ 58%] [32mBuilding CXX object CMakeFiles/interface_package__rosidl_typesupport_introspection_cpp.dir/rosidl_typesupport_introspection_cpp/interface_package/srv/detail/aruco_detect_srv__type_support.cpp.o[0m
running egg_info
creating interface_package.egg-info
writing interface_package.egg-info/PKG-INFO
writing dependency_links to interface_package.egg-info/dependency_links.txt
writing top-level names to interface_package.egg-info/top_level.txt
writing manifest file 'interface_package.egg-info/SOURCES.txt'
reading manifest file 'interface_package.egg-info/SOURCES.txt'
writing manifest file 'interface_package.egg-info/SOURCES.txt'
[ 58%] Built target ament_cmake_python_build_interface_package_egg
[ 61%] [34m[1mGenerating C type support for eProsima Fast-RTPS[0m
[ 64%] [32m[1mLinking CXX shared library libinterface_package__rosidl_typesupport_introspection_cpp.so[0m
[ 64%] Built target interface_package__rosidl_typesupport_introspection_cpp
[ 67%] [32mBuilding CXX object CMakeFiles/interface_package__rosidl_typesupport_fastrtps_c.dir/rosidl_typesupport_fastrtps_c/interface_package/srv/detail/aruco_detect_srv__type_support_c.cpp.o[0m
[ 70%] [32m[1mLinking CXX shared library libinterface_package__rosidl_typesupport_fastrtps_c.so[0m
[ 70%] Built target interface_package__rosidl_typesupport_fastrtps_c
[ 70%] Built target interface_package
[ 74%] [34m[1mGenerating Python code for ROS interfaces[0m
[ 74%] Built target interface_package__py
[ 77%] [32mBuilding C object CMakeFiles/interface_package__rosidl_generator_py.dir/rosidl_generator_py/interface_package/srv/_aruco_detect_srv_s.c.o[0m
[ 80%] [32m[1mLinking C shared library rosidl_generator_py/interface_package/libinterface_package__rosidl_generator_py.so[0m
[ 80%] Built target interface_package__rosidl_generator_py
[ 83%] [32mBuilding C object CMakeFiles/interface_package__rosidl_typesupport_introspection_c__pyext.dir/rosidl_generator_py/interface_package/_interface_package_s.ep.rosidl_typesupport_introspection_c.c.o[0m
[ 87%] [32mBuilding C object CMakeFiles/interface_package__rosidl_typesupport_fastrtps_c__pyext.dir/rosidl_generator_py/interface_package/_interface_package_s.ep.rosidl_typesupport_fastrtps_c.c.o[0m
[ 90%] [32m[1mLinking C shared library rosidl_generator_py/interface_package/interface_package_s__rosidl_typesupport_introspection_c.cpython-310-aarch64-linux-gnu.so[0m
[ 93%] [32m[1mLinking C shared library rosidl_generator_py/interface_package/interface_package_s__rosidl_typesupport_fastrtps_c.cpython-310-aarch64-linux-gnu.so[0m
[ 93%] Built target interface_package__rosidl_typesupport_introspection_c__pyext
[ 93%] Built target interface_package__rosidl_typesupport_fastrtps_c__pyext
[ 96%] [32mBuilding C object CMakeFiles/interface_package__rosidl_typesupport_c__pyext.dir/rosidl_generator_py/interface_package/_interface_package_s.ep.rosidl_typesupport_c.c.o[0m
[100%] [32m[1mLinking C shared library rosidl_generator_py/interface_package/interface_package_s__rosidl_typesupport_c.cpython-310-aarch64-linux-gnu.so[0m
[100%] Built target interface_package__rosidl_typesupport_c__pyext
-- Install configuration: ""
-- Installing: /home/ros/rosPackages/ENAE450/ENAE450_ws/src/ENAE450-Group-Project/final_project/install/interface_package/share/ament_index/resource_index/rosidl_interfaces/interface_package
-- Installing: /home/ros/rosPackages/ENAE450/ENAE450_ws/src/ENAE450-Group-Project/final_project/install/interface_package/include/interface_package/interface_package
-- Installing: /home/ros/rosPackages/ENAE450/ENAE450_ws/src/ENAE450-Group-Project/final_project/install/interface_package/include/interface_package/interface_package/srv
-- Installing: /home/ros/rosPackages/ENAE450/ENAE450_ws/src/ENAE450-Group-Project/final_project/install/interface_package/include/interface_package/interface_package/srv/aruco_detect_srv.h
-- Installing: /home/ros/rosPackages/ENAE450/ENAE450_ws/src/ENAE450-Group-Project/final_project/install/interface_package/include/interface_package/interface_package/srv/detail
-- Installing: /home/ros/rosPackages/ENAE450/ENAE450_ws/src/ENAE450-Group-Project/final_project/install/interface_package/include/interface_package/interface_package/srv/detail/aruco_detect_srv__functions.c
-- Installing: /home/ros/rosPackages/ENAE450/ENAE450_ws/src/ENAE450-Group-Project/final_project/install/interface_package/include/interface_package/interface_package/srv/detail/aruco_detect_srv__functions.h
-- Installing: /home/ros/rosPackages/ENAE450/ENAE450_ws/src/ENAE450-Group-Project/final_project/install/interface_package/include/interface_package/interface_package/srv/detail/aruco_detect_srv__struct.h
-- Installing: /home/ros/rosPackages/ENAE450/ENAE450_ws/src/ENAE450-Group-Project/final_project/install/interface_package/include/interface_package/interface_package/srv/detail/aruco_detect_srv__type_support.h
-- Installing: /home/ros/rosPackages/ENAE450/ENAE450_ws/src/ENAE450-Group-Project/final_project/install/interface_package/include/interface_package/interface_package/msg
-- Installing: /home/ros/rosPackages/ENAE450/ENAE450_ws/src/ENAE450-Group-Project/final_project/install/interface_package/include/interface_package/interface_package/msg/rosidl_generator_c__visibility_control.h
-- Installing: /home/ros/rosPackages/ENAE450/ENAE450_ws/src/ENAE450-Group-Project/final_project/install/interface_package/share/interface_package/environment/library_path.sh
-- Installing: /home/ros/rosPackages/ENAE450/ENAE450_ws/src/ENAE450-Group-Project/final_project/install/interface_package/share/interface_package/environment/library_path.dsv
-- Installing: /home/ros/rosPackages/ENAE450/ENAE450_ws/src/ENAE450-Group-Project/final_project/install/interface_package/lib/libinterface_package__rosidl_generator_c.so
-- Set runtime path of "/home/ros/rosPackages/ENAE450/ENAE450_ws/src/ENAE450-Group-Project/final_project/install/interface_package/lib/libinterface_package__rosidl_generator_c.so" to ""
-- Up-to-date: /home/ros/rosPackages/ENAE450/ENAE450_ws/src/ENAE450-Group-Project/final_project/install/interface_package/include/interface_package/interface_package
-- Up-to-date: /home/ros/rosPackages/ENAE450/ENAE450_ws/src/ENAE450-Group-Project/final_project/install/interface_package/include/interface_package/interface_package/srv
-- Up-to-date: /home/ros/rosPackages/ENAE450/ENAE450_ws/src/ENAE450-Group-Project/final_project/install/interface_package/include/interface_package/interface_package/srv/detail
-- Installing: /home/ros/rosPackages/ENAE450/ENAE450_ws/src/ENAE450-Group-Project/final_project/install/interface_package/include/interface_package/interface_package/srv/detail/aruco_detect_srv__rosidl_typesupport_fastrtps_c.h
-- Up-to-date: /home/ros/rosPackages/ENAE450/ENAE450_ws/src/ENAE450-Group-Project/final_project/install/interface_package/include/interface_package/interface_package/msg
-- Installing: /home/ros/rosPackages/ENAE450/ENAE450_ws/src/ENAE450-Group-Project/final_project/install/interface_package/include/interface_package/interface_package/msg/rosidl_typesupport_fastrtps_c__visibility_control.h
-- Installing: /home/ros/rosPackages/ENAE450/ENAE450_ws/src/ENAE450-Group-Project/final_project/install/interface_package/lib/libinterface_package__rosidl_typesupport_fastrtps_c.so
-- Set runtime path of "/home/ros/rosPackages/ENAE450/ENAE450_ws/src/ENAE450-Group-Project/final_project/install/interface_package/lib/libinterface_package__rosidl_typesupport_fastrtps_c.so" to ""
-- Up-to-date: /home/ros/rosPackages/ENAE450/ENAE450_ws/src/ENAE450-Group-Project/final_project/install/interface_package/include/interface_package/interface_package
-- Up-to-date: /home/ros/rosPackages/ENAE450/ENAE450_ws/src/ENAE450-Group-Project/final_project/install/interface_package/include/interface_package/interface_package/srv
-- Installing: /home/ros/rosPackages/ENAE450/ENAE450_ws/src/ENAE450-Group-Project/final_project/install/interface_package/include/interface_package/interface_package/srv/aruco_detect_srv.hpp
-- Up-to-date: /home/ros/rosPackages/ENAE450/ENAE450_ws/src/ENAE450-Group-Project/final_project/install/interface_package/include/interface_package/interface_package/srv/detail
-- Installing: /home/ros/rosPackages/ENAE450/ENAE450_ws/src/ENAE450-Group-Project/final_project/install/interface_package/include/interface_package/interface_package/srv/detail/aruco_detect_srv__struct.hpp
-- Installing: /home/ros/rosPackages/ENAE450/ENAE450_ws/src/ENAE450-Group-Project/final_project/install/interface_package/include/interface_package/interface_package/srv/detail/aruco_detect_srv__traits.hpp
-- Installing: /home/ros/rosPackages/ENAE450/ENAE450_ws/src/ENAE450-Group-Project/final_project/install/interface_package/include/interface_package/interface_package/srv/detail/aruco_detect_srv__builder.hpp
-- Up-to-date: /home/ros/rosPackages/ENAE450/ENAE450_ws/src/ENAE450-Group-Project/final_project/install/interface_package/include/interface_package/interface_package
-- Up-to-date: /home/ros/rosPackages/ENAE450/ENAE450_ws/src/ENAE450-Group-Project/final_project/install/interface_package/include/interface_package/interface_package/srv
-- Up-to-date: /home/ros/rosPackages/ENAE450/ENAE450_ws/src/ENAE450-Group-Project/final_project/install/interface_package/include/interface_package/interface_package/srv/detail
-- Installing: /home/ros/rosPackages/ENAE450/ENAE450_ws/src/ENAE450-Group-Project/final_project/install/interface_package/include/interface_package/interface_package/srv/detail/dds_fastrtps
-- Installing: /home/ros/rosPackages/ENAE450/ENAE450_ws/src/ENAE450-Group-Project/final_project/install/interface_package/include/interface_package/interface_package/srv/detail/aruco_detect_srv__rosidl_typesupport_fastrtps_cpp.hpp
-- Up-to-date: /home/ros/rosPackages/ENAE450/ENAE450_ws/src/ENAE450-Group-Project/final_project/install/interface_package/include/interface_package/interface_package/msg
-- Installing: /home/ros/rosPackages/ENAE450/ENAE450_ws/src/ENAE450-Group-Project/final_project/install/interface_package/include/interface_package/interface_package/msg/rosidl_typesupport_fastrtps_cpp__visibility_control.h
-- Installing: /home/ros/rosPackages/ENAE450/ENAE450_ws/src/ENAE450-Group-Project/final_project/install/interface_package/lib/libinterface_package__rosidl_typesupport_fastrtps_cpp.so
-- Set runtime path of "/home/ros/rosPackages/ENAE450/ENAE450_ws/src/ENAE450-Group-Project/final_project/install/interface_package/lib/libinterface_package__rosidl_typesupport_fastrtps_cpp.so" to ""
-- Up-to-date: /home/ros/rosPackages/ENAE450/ENAE450_ws/src/ENAE450-Group-Project/final_project/install/interface_package/include/interface_package/interface_package
-- Up-to-date: /home/ros/rosPackages/ENAE450/ENAE450_ws/src/ENAE450-Group-Project/final_project/install/interface_package/include/interface_package/interface_package/srv
-- Up-to-date: /home/ros/rosPackages/ENAE450/ENAE450_ws/src/ENAE450-Group-Project/final_project/install/interface_package/include/interface_package/interface_package/srv/detail
-- Installing: /home/ros/rosPackages/ENAE450/ENAE450_ws/src/ENAE450-Group-Project/final_project/install/interface_package/include/interface_package/interface_package/srv/detail/aruco_detect_srv__rosidl_typesupport_introspection_c.h
-- Installing: /home/ros/rosPackages/ENAE450/ENAE450_ws/src/ENAE450-Group-Project/final_project/install/interface_package/include/interface_package/interface_package/srv/detail/aruco_detect_srv__type_support.c
-- Up-to-date: /home/ros/rosPackages/ENAE450/ENAE450_ws/src/ENAE450-Group-Project/final_project/install/interface_package/include/interface_package/interface_package/msg
-- Installing: /home/ros/rosPackages/ENAE450/ENAE450_ws/src/ENAE450-Group-Project/final_project/install/interface_package/include/interface_package/interface_package/msg/rosidl_typesupport_introspection_c__visibility_control.h
-- Installing: /home/ros/rosPackages/ENAE450/ENAE450_ws/src/ENAE450-Group-Project/final_project/install/interface_package/lib/libinterface_package__rosidl_typesupport_introspection_c.so
-- Set runtime path of "/home/ros/rosPackages/ENAE450/ENAE450_ws/src/ENAE450-Group-Project/final_project/install/interface_package/lib/libinterface_package__rosidl_typesupport_introspection_c.so" to ""
-- Installing: /home/ros/rosPackages/ENAE450/ENAE450_ws/src/ENAE450-Group-Project/final_project/install/interface_package/lib/libinterface_package__rosidl_typesupport_c.so
-- Set runtime path of "/home/ros/rosPackages/ENAE450/ENAE450_ws/src/ENAE450-Group-Project/final_project/install/interface_package/lib/libinterface_package__rosidl_typesupport_c.so" to ""
-- Up-to-date: /home/ros/rosPackages/ENAE450/ENAE450_ws/src/ENAE450-Group-Project/final_project/install/interface_package/include/interface_package/interface_package
-- Up-to-date: /home/ros/rosPackages/ENAE450/ENAE450_ws/src/ENAE450-Group-Project/final_project/install/interface_package/include/interface_package/interface_package/srv
-- Up-to-date: /home/ros/rosPackages/ENAE450/ENAE450_ws/src/ENAE450-Group-Project/final_project/install/interface_package/include/interface_package/interface_package/srv/detail
-- Installing: /home/ros/rosPackages/ENAE450/ENAE450_ws/src/ENAE450-Group-Project/final_project/install/interface_package/include/interface_package/interface_package/srv/detail/aruco_detect_srv__type_support.cpp
-- Installing: /home/ros/rosPackages/ENAE450/ENAE450_ws/src/ENAE450-Group-Project/final_project/install/interface_package/include/interface_package/interface_package/srv/detail/aruco_detect_srv__rosidl_typesupport_introspection_cpp.hpp
-- Installing: /home/ros/rosPackages/ENAE450/ENAE450_ws/src/ENAE450-Group-Project/final_project/install/interface_package/lib/libinterface_package__rosidl_typesupport_introspection_cpp.so
-- Set runtime path of "/home/ros/rosPackages/ENAE450/ENAE450_ws/src/ENAE450-Group-Project/final_project/install/interface_package/lib/libinterface_package__rosidl_typesupport_introspection_cpp.so" to ""
-- Installing: /home/ros/rosPackages/ENAE450/ENAE450_ws/src/ENAE450-Group-Project/final_project/install/interface_package/lib/libinterface_package__rosidl_typesupport_cpp.so
-- Set runtime path of "/home/ros/rosPackages/ENAE450/ENAE450_ws/src/ENAE450-Group-Project/final_project/install/interface_package/lib/libinterface_package__rosidl_typesupport_cpp.so" to ""
-- Installing: /home/ros/rosPackages/ENAE450/ENAE450_ws/src/ENAE450-Group-Project/final_project/install/interface_package/share/interface_package/environment/pythonpath.sh
-- Installing: /home/ros/rosPackages/ENAE450/ENAE450_ws/src/ENAE450-Group-Project/final_project/install/interface_package/share/interface_package/environment/pythonpath.dsv
-- Installing: /home/ros/rosPackages/ENAE450/ENAE450_ws/src/ENAE450-Group-Project/final_project/install/interface_package/local/lib/python3.10/dist-packages/interface_package-0.0.0-py3.10.egg-info
-- Installing: /home/ros/rosPackages/ENAE450/ENAE450_ws/src/ENAE450-Group-Project/final_project/install/interface_package/local/lib/python3.10/dist-packages/interface_package-0.0.0-py3.10.egg-info/dependency_links.txt
-- Installing: /home/ros/rosPackages/ENAE450/ENAE450_ws/src/ENAE450-Group-Project/final_project/install/interface_package/local/lib/python3.10/dist-packages/interface_package-0.0.0-py3.10.egg-info/top_level.txt
-- Installing: /home/ros/rosPackages/ENAE450/ENAE450_ws/src/ENAE450-Group-Project/final_project/install/interface_package/local/lib/python3.10/dist-packages/interface_package-0.0.0-py3.10.egg-info/SOURCES.txt
-- Installing: /home/ros/rosPackages/ENAE450/ENAE450_ws/src/ENAE450-Group-Project/final_project/install/interface_package/local/lib/python3.10/dist-packages/interface_package-0.0.0-py3.10.egg-info/PKG-INFO
-- Installing: /home/ros/rosPackages/ENAE450/ENAE450_ws/src/ENAE450-Group-Project/final_project/install/interface_package/local/lib/python3.10/dist-packages/interface_package
-- Installing: /home/ros/rosPackages/ENAE450/ENAE450_ws/src/ENAE450-Group-Project/final_project/install/interface_package/local/lib/python3.10/dist-packages/interface_package/_interface_package_s.ep.rosidl_typesupport_introspection_c.c
-- Installing: /home/ros/rosPackages/ENAE450/ENAE450_ws/src/ENAE450-Group-Project/final_project/install/interface_package/local/lib/python3.10/dist-packages/interface_package/srv
-- Installing: /home/ros/rosPackages/ENAE450/ENAE450_ws/src/ENAE450-Group-Project/final_project/install/interface_package/local/lib/python3.10/dist-packages/interface_package/srv/_aruco_detect_srv.py
-- Installing: /home/ros/rosPackages/ENAE450/ENAE450_ws/src/ENAE450-Group-Project/final_project/install/interface_package/local/lib/python3.10/dist-packages/interface_package/srv/_aruco_detect_srv_s.c
-- Installing: /home/ros/rosPackages/ENAE450/ENAE450_ws/src/ENAE450-Group-Project/final_project/install/interface_package/local/lib/python3.10/dist-packages/interface_package/srv/__init__.py
-- Installing: /home/ros/rosPackages/ENAE450/ENAE450_ws/src/ENAE450-Group-Project/final_project/install/interface_package/local/lib/python3.10/dist-packages/interface_package/interface_package_s__rosidl_typesupport_introspection_c.cpython-310-aarch64-linux-gnu.so
-- Installing: /home/ros/rosPackages/ENAE450/ENAE450_ws/src/ENAE450-Group-Project/final_project/install/interface_package/local/lib/python3.10/dist-packages/interface_package/interface_package_s__rosidl_typesupport_c.cpython-310-aarch64-linux-gnu.so
-- Installing: /home/ros/rosPackages/ENAE450/ENAE450_ws/src/ENAE450-Group-Project/final_project/install/interface_package/local/lib/python3.10/dist-packages/interface_package/_interface_package_s.ep.rosidl_typesupport_fastrtps_c.c
-- Installing: /home/ros/rosPackages/ENAE450/ENAE450_ws/src/ENAE450-Group-Project/final_project/install/interface_package/local/lib/python3.10/dist-packages/interface_package/libinterface_package__rosidl_generator_py.so
-- Installing: /home/ros/rosPackages/ENAE450/ENAE450_ws/src/ENAE450-Group-Project/final_project/install/interface_package/local/lib/python3.10/dist-packages/interface_package/_interface_package_s.ep.rosidl_typesupport_c.c
-- Installing: /home/ros/rosPackages/ENAE450/ENAE450_ws/src/ENAE450-Group-Project/final_project/install/interface_package/local/lib/python3.10/dist-packages/interface_package/__init__.py
-- Installing: /home/ros/rosPackages/ENAE450/ENAE450_ws/src/ENAE450-Group-Project/final_project/install/interface_package/local/lib/python3.10/dist-packages/interface_package/interface_package_s__rosidl_typesupport_fastrtps_c.cpython-310-aarch64-linux-gnu.so
Listing '/home/ros/rosPackages/ENAE450/ENAE450_ws/src/ENAE450-Group-Project/final_project/install/interface_package/local/lib/python3.10/dist-packages/interface_package'...
Compiling '/home/ros/rosPackages/ENAE450/ENAE450_ws/src/ENAE450-Group-Project/final_project/install/interface_package/local/lib/python3.10/dist-packages/interface_package/__init__.py'...
Listing '/home/ros/rosPackages/ENAE450/ENAE450_ws/src/ENAE450-Group-Project/final_project/install/interface_package/local/lib/python3.10/dist-packages/interface_package/srv'...
Compiling '/home/ros/rosPackages/ENAE450/ENAE450_ws/src/ENAE450-Group-Project/final_project/install/interface_package/local/lib/python3.10/dist-packages/interface_package/srv/__init__.py'...
Compiling '/home/ros/rosPackages/ENAE450/ENAE450_ws/src/ENAE450-Group-Project/final_project/install/interface_package/local/lib/python3.10/dist-packages/interface_package/srv/_aruco_detect_srv.py'...
-- Installing: /home/ros/rosPackages/ENAE450/ENAE450_ws/src/ENAE450-Group-Project/final_project/install/interface_package/local/lib/python3.10/dist-packages/interface_package/interface_package_s__rosidl_typesupport_fastrtps_c.cpython-310-aarch64-linux-gnu.so
-- Set runtime path of "/home/ros/rosPackages/ENAE450/ENAE450_ws/src/ENAE450-Group-Project/final_project/install/interface_package/local/lib/python3.10/dist-packages/interface_package/interface_package_s__rosidl_typesupport_fastrtps_c.cpython-310-aarch64-linux-gnu.so" to ""
-- Installing: /home/ros/rosPackages/ENAE450/ENAE450_ws/src/ENAE450-Group-Project/final_project/install/interface_package/local/lib/python3.10/dist-packages/interface_package/interface_package_s__rosidl_typesupport_introspection_c.cpython-310-aarch64-linux-gnu.so
-- Set runtime path of "/home/ros/rosPackages/ENAE450/ENAE450_ws/src/ENAE450-Group-Project/final_project/install/interface_package/local/lib/python3.10/dist-packages/interface_package/interface_package_s__rosidl_typesupport_introspection_c.cpython-310-aarch64-linux-gnu.so" to ""
-- Installing: /home/ros/rosPackages/ENAE450/ENAE450_ws/src/ENAE450-Group-Project/final_project/install/interface_package/local/lib/python3.10/dist-packages/interface_package/interface_package_s__rosidl_typesupport_c.cpython-310-aarch64-linux-gnu.so
-- Set runtime path of "/home/ros/rosPackages/ENAE450/ENAE450_ws/src/ENAE450-Group-Project/final_project/install/interface_package/local/lib/python3.10/dist-packages/interface_package/interface_package_s__rosidl_typesupport_c.cpython-310-aarch64-linux-gnu.so" to ""
-- Installing: /home/ros/rosPackages/ENAE450/ENAE450_ws/src/ENAE450-Group-Project/final_project/install/interface_package/lib/libinterface_package__rosidl_generator_py.so
-- Set runtime path of "/home/ros/rosPackages/ENAE450/ENAE450_ws/src/ENAE450-Group-Project/final_project/install/interface_package/lib/libinterface_package__rosidl_generator_py.so" to ""
-- Installing: /home/ros/rosPackages/ENAE450/ENAE450_ws/src/ENAE450-Group-Project/final_project/install/interface_package/share/interface_package/srv/ArucoDetectSrv.idl
-- Installing: /home/ros/rosPackages/ENAE450/ENAE450_ws/src/ENAE450-Group-Project/final_project/install/interface_package/share/interface_package/srv/ArucoDetectSrv.srv
-- Installing: /home/ros/rosPackages/ENAE450/ENAE450_ws/src/ENAE450-Group-Project/final_project/install/interface_package/share/interface_package/srv/ArucoDetectSrv_Request.msg
-- Installing: /home/ros/rosPackages/ENAE450/ENAE450_ws/src/ENAE450-Group-Project/final_project/install/interface_package/share/interface_package/srv/ArucoDetectSrv_Response.msg
-- Installing: /home/ros/rosPackages/ENAE450/ENAE450_ws/src/ENAE450-Group-Project/final_project/install/interface_package/share/ament_index/resource_index/package_run_dependencies/interface_package
-- Installing: /home/ros/rosPackages/ENAE450/ENAE450_ws/src/ENAE450-Group-Project/final_project/install/interface_package/share/ament_index/resource_index/parent_prefix_path/interface_package
-- Installing: /home/ros/rosPackages/ENAE450/ENAE450_ws/src/ENAE450-Group-Project/final_project/install/interface_package/share/interface_package/environment/ament_prefix_path.sh
-- Installing: /home/ros/rosPackages/ENAE450/ENAE450_ws/src/ENAE450-Group-Project/final_project/install/interface_package/share/interface_package/environment/ament_prefix_path.dsv
-- Installing: /home/ros/rosPackages/ENAE450/ENAE450_ws/src/ENAE450-Group-Project/final_project/install/interface_package/share/interface_package/environment/path.sh
-- Installing: /home/ros/rosPackages/ENAE450/ENAE450_ws/src/ENAE450-Group-Project/final_project/install/interface_package/share/interface_package/environment/path.dsv
-- Installing: /home/ros/rosPackages/ENAE450/ENAE450_ws/src/ENAE450-Group-Project/final_project/install/interface_package/share/interface_package/local_setup.bash
-- Installing: /home/ros/rosPackages/ENAE450/ENAE450_ws/src/ENAE450-Group-Project/final_project/install/interface_package/share/interface_package/local_setup.sh
-- Installing: /home/ros/rosPackages/ENAE450/ENAE450_ws/src/ENAE450-Group-Project/final_project/install/interface_package/share/interface_package/local_setup.zsh
-- Installing: /home/ros/rosPackages/ENAE450/ENAE450_ws/src/ENAE450-Group-Project/final_project/install/interface_package/share/interface_package/local_setup.dsv
-- Installing: /home/ros/rosPackages/ENAE450/ENAE450_ws/src/ENAE450-Group-Project/final_project/install/interface_package/share/interface_package/package.dsv
-- Installing: /home/ros/rosPackages/ENAE450/ENAE450_ws/src/ENAE450-Group-Project/final_project/install/interface_package/share/ament_index/resource_index/packages/interface_package
-- Installing: /home/ros/rosPackages/ENAE450/ENAE450_ws/src/ENAE450-Group-Project/final_project/install/interface_package/share/interface_package/cmake/export_interface_package__rosidl_generator_cExport.cmake
-- Installing: /home/ros/rosPackages/ENAE450/ENAE450_ws/src/ENAE450-Group-Project/final_project/install/interface_package/share/interface_package/cmake/export_interface_package__rosidl_generator_cExport-noconfig.cmake
-- Installing: /home/ros/rosPackages/ENAE450/ENAE450_ws/src/ENAE450-Group-Project/final_project/install/interface_package/share/interface_package/cmake/export_interface_package__rosidl_typesupport_fastrtps_cExport.cmake
-- Installing: /home/ros/rosPackages/ENAE450/ENAE450_ws/src/ENAE450-Group-Project/final_project/install/interface_package/share/interface_package/cmake/export_interface_package__rosidl_typesupport_fastrtps_cExport-noconfig.cmake
-- Installing: /home/ros/rosPackages/ENAE450/ENAE450_ws/src/ENAE450-Group-Project/final_project/install/interface_package/share/interface_package/cmake/export_interface_package__rosidl_generator_cppExport.cmake
-- Installing: /home/ros/rosPackages/ENAE450/ENAE450_ws/src/ENAE450-Group-Project/final_project/install/interface_package/share/interface_package/cmake/export_interface_package__rosidl_typesupport_fastrtps_cppExport.cmake
-- Installing: /home/ros/rosPackages/ENAE450/ENAE450_ws/src/ENAE450-Group-Project/final_project/install/interface_package/share/interface_package/cmake/export_interface_package__rosidl_typesupport_fastrtps_cppExport-noconfig.cmake
-- Installing: /home/ros/rosPackages/ENAE450/ENAE450_ws/src/ENAE450-Group-Project/final_project/install/interface_package/share/interface_package/cmake/interface_package__rosidl_typesupport_introspection_cExport.cmake
-- Installing: /home/ros/rosPackages/ENAE450/ENAE450_ws/src/ENAE450-Group-Project/final_project/install/interface_package/share/interface_package/cmake/interface_package__rosidl_typesupport_introspection_cExport-noconfig.cmake
-- Installing: /home/ros/rosPackages/ENAE450/ENAE450_ws/src/ENAE450-Group-Project/final_project/install/interface_package/share/interface_package/cmake/interface_package__rosidl_typesupport_cExport.cmake
-- Installing: /home/ros/rosPackages/ENAE450/ENAE450_ws/src/ENAE450-Group-Project/final_project/install/interface_package/share/interface_package/cmake/interface_package__rosidl_typesupport_cExport-noconfig.cmake
-- Installing: /home/ros/rosPackages/ENAE450/ENAE450_ws/src/ENAE450-Group-Project/final_project/install/interface_package/share/interface_package/cmake/interface_package__rosidl_typesupport_introspection_cppExport.cmake
-- Installing: /home/ros/rosPackages/ENAE450/ENAE450_ws/src/ENAE450-Group-Project/final_project/install/interface_package/share/interface_package/cmake/interface_package__rosidl_typesupport_introspection_cppExport-noconfig.cmake
-- Installing: /home/ros/rosPackages/ENAE450/ENAE450_ws/src/ENAE450-Group-Project/final_project/install/interface_package/share/interface_package/cmake/interface_package__rosidl_typesupport_cppExport.cmake
-- Installing: /home/ros/rosPackages/ENAE450/ENAE450_ws/src/ENAE450-Group-Project/final_project/install/interface_package/share/interface_package/cmake/interface_package__rosidl_typesupport_cppExport-noconfig.cmake
-- Installing: /home/ros/rosPackages/ENAE450/ENAE450_ws/src/ENAE450-Group-Project/final_project/install/interface_package/share/interface_package/cmake/export_interface_package__rosidl_generator_pyExport.cmake
-- Installing: /home/ros/rosPackages/ENAE450/ENAE450_ws/src/ENAE450-Group-Project/final_project/install/interface_package/share/interface_package/cmake/export_interface_package__rosidl_generator_pyExport-noconfig.cmake
-- Installing: /home/ros/rosPackages/ENAE450/ENAE450_ws/src/ENAE450-Group-Project/final_project/install/interface_package/share/interface_package/cmake/rosidl_cmake-extras.cmake
-- Installing: /home/ros/rosPackages/ENAE450/ENAE450_ws/src/ENAE450-Group-Project/final_project/install/interface_package/share/interface_package/cmake/ament_cmake_export_include_directories-extras.cmake
-- Installing: /home/ros/rosPackages/ENAE450/ENAE450_ws/src/ENAE450-Group-Project/final_project/install/interface_package/share/interface_package/cmake/ament_cmake_export_libraries-extras.cmake
-- Installing: /home/ros/rosPackages/ENAE450/ENAE450_ws/src/ENAE450-Group-Project/final_project/install/interface_package/share/interface_package/cmake/ament_cmake_export_targets-extras.cmake
-- Installing: /home/ros/rosPackages/ENAE450/ENAE450_ws/src/ENAE450-Group-Project/final_project/install/interface_package/share/interface_package/cmake/rosidl_cmake_export_typesupport_targets-extras.cmake
-- Installing: /home/ros/rosPackages/ENAE450/ENAE450_ws/src/ENAE450-Group-Project/final_project/install/interface_package/share/interface_package/cmake/ament_cmake_export_dependencies-extras.cmake
-- Installing: /home/ros/rosPackages/ENAE450/ENAE450_ws/src/ENAE450-Group-Project/final_project/install/interface_package/share/interface_package/cmake/rosidl_cmake_export_typesupport_libraries-extras.cmake
-- Installing: /home/ros/rosPackages/ENAE450/ENAE450_ws/src/ENAE450-Group-Project/final_project/install/interface_package/share/interface_package/cmake/interface_packageConfig.cmake
-- Installing: /home/ros/rosPackages/ENAE450/ENAE450_ws/src/ENAE450-Group-Project/final_project/install/interface_package/share/interface_package/cmake/interface_packageConfig-version.cmake
-- Installing: /home/ros/rosPackages/ENAE450/ENAE450_ws/src/ENAE450-Group-Project/final_project/install/interface_package/share/interface_package/package.xml
