[0.107s] Invoking command in '/home/ros/rosPackages/ENAE450/ENAE450_ws/src/ENAE450-Group-Project/final_project/build/interface_package': CMAKE_PREFIX_PATH=/home/ros/rosPackages/ENAE450/ENAE450_ws/src/ENAE450-Group-Project/install/maze_simulation:/home/ros/rosPackages/ENAE450/ENAE450_ws/src/ENAE450-Group-Project/install/maze:/home/ros/rosPackages/ENAE450/ENAE450_ws/src/ENAE450-Group-Project/install/lab_package:/home/ros/rosPackages/ENAE450/ENAE450_ws/src/ENAE450-Group-Project/install/hw5:/opt/ros/humble /usr/bin/cmake /home/ros/rosPackages/ENAE450/ENAE450_ws/src/ENAE450-Group-Project/final_project/interface_package -DCMAKE_INSTALL_PREFIX=/home/ros/rosPackages/ENAE450/ENAE450_ws/src/ENAE450-Group-Project/final_project/install/interface_package
[0.253s] -- The C compiler identification is GNU 11.4.0
[0.340s] -- The CXX compiler identification is GNU 11.4.0
[0.348s] -- Detecting C compiler ABI info
[0.404s] -- Detecting C compiler ABI info - done
[0.410s] -- Check for working C compiler: /usr/bin/cc - skipped
[0.411s] -- Detecting C compile features
[0.413s] -- Detecting C compile features - done
[0.416s] -- Detecting CXX compiler ABI info
[0.480s] -- Detecting CXX compiler ABI info - done
[0.486s] -- Check for working CXX compiler: /usr/bin/c++ - skipped
[0.486s] -- Detecting CXX compile features
[0.487s] -- Detecting CXX compile features - done
[0.495s] -- Found ament_cmake: 1.3.8 (/opt/ros/humble/share/ament_cmake/cmake)
[0.724s] -- Found Python3: /usr/bin/python3 (found version "3.10.12") found components: Interpreter 
[0.791s] -- Found rclcpp: 16.0.8 (/opt/ros/humble/share/rclcpp/cmake)
[0.841s] -- Found rosidl_generator_c: 3.1.5 (/opt/ros/humble/share/rosidl_generator_c/cmake)
[0.846s] -- Found rosidl_adapter: 3.1.5 (/opt/ros/humble/share/rosidl_adapter/cmake)
[0.854s] -- Found rosidl_generator_cpp: 3.1.5 (/opt/ros/humble/share/rosidl_generator_cpp/cmake)
[0.868s] -- Using all available rosidl_typesupport_c: rosidl_typesupport_fastrtps_c;rosidl_typesupport_introspection_c
[0.886s] -- Using all available rosidl_typesupport_cpp: rosidl_typesupport_fastrtps_cpp;rosidl_typesupport_introspection_cpp
[0.950s] -- Found rmw_implementation_cmake: 6.1.1 (/opt/ros/humble/share/rmw_implementation_cmake/cmake)
[0.953s] -- Found rmw_fastrtps_cpp: 6.2.6 (/opt/ros/humble/share/rmw_fastrtps_cpp/cmake)
[1.026s] -- Found OpenSSL: /usr/lib/aarch64-linux-gnu/libcrypto.so (found version "3.0.2")  
[1.048s] -- Found FastRTPS: /opt/ros/humble/include  
[1.080s] -- Using RMW implementation 'rmw_fastrtps_cpp' as default
[1.092s] -- Looking for pthread.h
[1.141s] -- Looking for pthread.h - found
[1.142s] -- Performing Test CMAKE_HAVE_LIBC_PTHREAD
[1.182s] -- Performing Test CMAKE_HAVE_LIBC_PTHREAD - Success
[1.183s] -- Found Threads: TRUE  
[1.314s] -- Found rosidl_default_generators: 1.2.0 (/opt/ros/humble/share/rosidl_default_generators/cmake)
[1.464s] -- Found ament_cmake_ros: 0.10.0 (/opt/ros/humble/share/ament_cmake_ros/cmake)
[1.637s] -- Using all available rosidl_typesupport_c: rosidl_typesupport_fastrtps_c;rosidl_typesupport_introspection_c
[1.703s] -- Using all available rosidl_typesupport_cpp: rosidl_typesupport_fastrtps_cpp;rosidl_typesupport_introspection_cpp
[1.716s] -- Found PythonInterp: /usr/bin/python3 (found suitable version "3.10.12", minimum required is "3.6") 
[1.718s] -- Found python_cmake_module: 0.10.0 (/opt/ros/humble/share/python_cmake_module/cmake)
[1.737s] -- Found PythonLibs: /usr/lib/aarch64-linux-gnu/libpython3.10.so (found suitable version "3.10.12", minimum required is "3.5") 
[1.737s] -- Using PYTHON_EXECUTABLE: /usr/bin/python3
[1.738s] -- Using PYTHON_INCLUDE_DIRS: /usr/include/python3.10
[1.738s] -- Using PYTHON_LIBRARIES: /usr/lib/aarch64-linux-gnu/libpython3.10.so
[1.749s] -- Found PythonExtra: .so  
[1.770s] -- Found ament_lint_auto: 0.12.10 (/opt/ros/humble/share/ament_lint_auto/cmake)
[1.802s] -- Added test 'cppcheck' to perform static code analysis on C / C++ code
[1.802s] -- Configured cppcheck include dirs: 
[1.802s] -- Configured cppcheck exclude dirs and/or files: 
[1.805s] -- Added test 'flake8' to check Python code syntax and style conventions
[1.809s] -- Added test 'lint_cmake' to check CMake code style
[1.812s] -- Added test 'pep257' to check Python code against some of the docstring style conventions in PEP 257
[1.828s] -- Added test 'uncrustify' to check C / C++ code style
[1.828s] -- Configured uncrustify additional arguments: 
[1.833s] -- Added test 'xmllint' to check XML markup files
[1.839s] -- Configuring done
[1.854s] -- Generating done
[1.856s] -- Build files have been written to: /home/ros/rosPackages/ENAE450/ENAE450_ws/src/ENAE450-Group-Project/final_project/build/interface_package
[1.862s] Invoked command in '/home/ros/rosPackages/ENAE450/ENAE450_ws/src/ENAE450-Group-Project/final_project/build/interface_package' returned '0': CMAKE_PREFIX_PATH=/home/ros/rosPackages/ENAE450/ENAE450_ws/src/ENAE450-Group-Project/install/maze_simulation:/home/ros/rosPackages/ENAE450/ENAE450_ws/src/ENAE450-Group-Project/install/maze:/home/ros/rosPackages/ENAE450/ENAE450_ws/src/ENAE450-Group-Project/install/lab_package:/home/ros/rosPackages/ENAE450/ENAE450_ws/src/ENAE450-Group-Project/install/hw5:/opt/ros/humble /usr/bin/cmake /home/ros/rosPackages/ENAE450/ENAE450_ws/src/ENAE450-Group-Project/final_project/interface_package -DCMAKE_INSTALL_PREFIX=/home/ros/rosPackages/ENAE450/ENAE450_ws/src/ENAE450-Group-Project/final_project/install/interface_package
[1.863s] Invoking command in '/home/ros/rosPackages/ENAE450/ENAE450_ws/src/ENAE450-Group-Project/final_project/build/interface_package': CMAKE_PREFIX_PATH=/home/ros/rosPackages/ENAE450/ENAE450_ws/src/ENAE450-Group-Project/install/maze_simulation:/home/ros/rosPackages/ENAE450/ENAE450_ws/src/ENAE450-Group-Project/install/maze:/home/ros/rosPackages/ENAE450/ENAE450_ws/src/ENAE450-Group-Project/install/lab_package:/home/ros/rosPackages/ENAE450/ENAE450_ws/src/ENAE450-Group-Project/install/hw5:/opt/ros/humble /usr/bin/cmake --build /home/ros/rosPackages/ENAE450/ENAE450_ws/src/ENAE450-Group-Project/final_project/build/interface_package -- -j2 -l2
[1.883s] [  3%] [34m[1mGenerating C code for ROS interfaces[0m
[1.887s] [  6%] [34m[1mGenerating C++ code for ROS interfaces[0m
[2.051s] [  6%] Built target interface_package__cpp
[2.059s] [  9%] [32mBuilding C object CMakeFiles/interface_package__rosidl_generator_c.dir/rosidl_generator_c/interface_package/srv/detail/aruco_detect_srv__functions.c.o[0m
[2.064s] [  9%] Built target ament_cmake_python_copy_interface_package
[2.069s] [ 12%] [34m[1mGenerating C++ type support dispatch for ROS interfaces[0m
[2.104s] [ 16%] [32m[1mLinking C shared library libinterface_package__rosidl_generator_c.so[0m
[2.124s] [ 16%] Built target interface_package__rosidl_generator_c
[2.129s] [ 19%] [34m[1mGenerating C++ type support for eProsima Fast-RTPS[0m
[2.201s] [ 22%] [32mBuilding CXX object CMakeFiles/interface_package__rosidl_typesupport_cpp.dir/rosidl_typesupport_cpp/interface_package/srv/aruco_detect_srv__type_support.cpp.o[0m
[2.288s] [ 25%] [32mBuilding CXX object CMakeFiles/interface_package__rosidl_typesupport_fastrtps_cpp.dir/rosidl_typesupport_fastrtps_cpp/interface_package/srv/detail/dds_fastrtps/aruco_detect_srv__type_support.cpp.o[0m
[2.377s] [ 29%] [32m[1mLinking CXX shared library libinterface_package__rosidl_typesupport_cpp.so[0m
[2.397s] [ 29%] Built target interface_package__rosidl_typesupport_cpp
[2.402s] [ 32%] [34m[1mGenerating C introspection for ROS interfaces[0m
[2.513s] [ 35%] [32m[1mLinking CXX shared library libinterface_package__rosidl_typesupport_fastrtps_cpp.so[0m
[2.546s] [ 38%] [32mBuilding C object CMakeFiles/interface_package__rosidl_typesupport_introspection_c.dir/rosidl_typesupport_introspection_c/interface_package/srv/detail/aruco_detect_srv__type_support.c.o[0m
[2.556s] [ 38%] Built target interface_package__rosidl_typesupport_fastrtps_cpp
[2.561s] [ 41%] [34m[1mGenerating C type support dispatch for ROS interfaces[0m
[2.572s] [ 45%] [32m[1mLinking C shared library libinterface_package__rosidl_typesupport_introspection_c.so[0m
[2.592s] [ 45%] Built target interface_package__rosidl_typesupport_introspection_c
[2.597s] [ 48%] [34m[1mGenerating C++ introspection for ROS interfaces[0m
[2.685s] [ 51%] [32mBuilding CXX object CMakeFiles/interface_package__rosidl_typesupport_c.dir/rosidl_typesupport_c/interface_package/srv/aruco_detect_srv__type_support.cpp.o[0m
[2.706s] [ 54%] [32m[1mLinking CXX shared library libinterface_package__rosidl_typesupport_c.so[0m
[2.728s] [ 54%] Built target interface_package__rosidl_typesupport_c
[2.742s] [ 58%] [32mBuilding CXX object CMakeFiles/interface_package__rosidl_typesupport_introspection_cpp.dir/rosidl_typesupport_introspection_cpp/interface_package/srv/detail/aruco_detect_srv__type_support.cpp.o[0m
[2.832s] running egg_info
[2.833s] creating interface_package.egg-info
[2.843s] writing interface_package.egg-info/PKG-INFO
[2.844s] writing dependency_links to interface_package.egg-info/dependency_links.txt
[2.844s] writing top-level names to interface_package.egg-info/top_level.txt
[2.844s] writing manifest file 'interface_package.egg-info/SOURCES.txt'
[2.864s] reading manifest file 'interface_package.egg-info/SOURCES.txt'
[2.865s] writing manifest file 'interface_package.egg-info/SOURCES.txt'
[2.882s] [ 58%] Built target ament_cmake_python_build_interface_package_egg
[2.887s] [ 61%] [34m[1mGenerating C type support for eProsima Fast-RTPS[0m
[2.932s] [ 64%] [32m[1mLinking CXX shared library libinterface_package__rosidl_typesupport_introspection_cpp.so[0m
[2.962s] [ 64%] Built target interface_package__rosidl_typesupport_introspection_cpp
[3.024s] [ 67%] [32mBuilding CXX object CMakeFiles/interface_package__rosidl_typesupport_fastrtps_c.dir/rosidl_typesupport_fastrtps_c/interface_package/srv/detail/aruco_detect_srv__type_support_c.cpp.o[0m
[3.191s] [ 70%] [32m[1mLinking CXX shared library libinterface_package__rosidl_typesupport_fastrtps_c.so[0m
[3.225s] [ 70%] Built target interface_package__rosidl_typesupport_fastrtps_c
[3.236s] [ 70%] Built target interface_package
[3.249s] [ 74%] [34m[1mGenerating Python code for ROS interfaces[0m
[3.438s] [ 74%] Built target interface_package__py
[3.450s] [ 77%] [32mBuilding C object CMakeFiles/interface_package__rosidl_generator_py.dir/rosidl_generator_py/interface_package/srv/_aruco_detect_srv_s.c.o[0m
[3.528s] [ 80%] [32m[1mLinking C shared library rosidl_generator_py/interface_package/libinterface_package__rosidl_generator_py.so[0m
[3.549s] [ 80%] Built target interface_package__rosidl_generator_py
[3.559s] [ 83%] [32mBuilding C object CMakeFiles/interface_package__rosidl_typesupport_introspection_c__pyext.dir/rosidl_generator_py/interface_package/_interface_package_s.ep.rosidl_typesupport_introspection_c.c.o[0m
[3.560s] [ 87%] [32mBuilding C object CMakeFiles/interface_package__rosidl_typesupport_fastrtps_c__pyext.dir/rosidl_generator_py/interface_package/_interface_package_s.ep.rosidl_typesupport_fastrtps_c.c.o[0m
[3.612s] [ 90%] [32m[1mLinking C shared library rosidl_generator_py/interface_package/interface_package_s__rosidl_typesupport_introspection_c.cpython-310-aarch64-linux-gnu.so[0m
[3.614s] [ 93%] [32m[1mLinking C shared library rosidl_generator_py/interface_package/interface_package_s__rosidl_typesupport_fastrtps_c.cpython-310-aarch64-linux-gnu.so[0m
[3.628s] [ 93%] Built target interface_package__rosidl_typesupport_introspection_c__pyext
[3.635s] [ 93%] Built target interface_package__rosidl_typesupport_fastrtps_c__pyext
[3.641s] [ 96%] [32mBuilding C object CMakeFiles/interface_package__rosidl_typesupport_c__pyext.dir/rosidl_generator_py/interface_package/_interface_package_s.ep.rosidl_typesupport_c.c.o[0m
[3.689s] [100%] [32m[1mLinking C shared library rosidl_generator_py/interface_package/interface_package_s__rosidl_typesupport_c.cpython-310-aarch64-linux-gnu.so[0m
[3.704s] [100%] Built target interface_package__rosidl_typesupport_c__pyext
[3.712s] Invoked command in '/home/ros/rosPackages/ENAE450/ENAE450_ws/src/ENAE450-Group-Project/final_project/build/interface_package' returned '0': CMAKE_PREFIX_PATH=/home/ros/rosPackages/ENAE450/ENAE450_ws/src/ENAE450-Group-Project/install/maze_simulation:/home/ros/rosPackages/ENAE450/ENAE450_ws/src/ENAE450-Group-Project/install/maze:/home/ros/rosPackages/ENAE450/ENAE450_ws/src/ENAE450-Group-Project/install/lab_package:/home/ros/rosPackages/ENAE450/ENAE450_ws/src/ENAE450-Group-Project/install/hw5:/opt/ros/humble /usr/bin/cmake --build /home/ros/rosPackages/ENAE450/ENAE450_ws/src/ENAE450-Group-Project/final_project/build/interface_package -- -j2 -l2
[3.743s] Invoking command in '/home/ros/rosPackages/ENAE450/ENAE450_ws/src/ENAE450-Group-Project/final_project/build/interface_package': CMAKE_PREFIX_PATH=/home/ros/rosPackages/ENAE450/ENAE450_ws/src/ENAE450-Group-Project/install/maze_simulation:/home/ros/rosPackages/ENAE450/ENAE450_ws/src/ENAE450-Group-Project/install/maze:/home/ros/rosPackages/ENAE450/ENAE450_ws/src/ENAE450-Group-Project/install/lab_package:/home/ros/rosPackages/ENAE450/ENAE450_ws/src/ENAE450-Group-Project/install/hw5:/opt/ros/humble /usr/bin/cmake --install /home/ros/rosPackages/ENAE450/ENAE450_ws/src/ENAE450-Group-Project/final_project/build/interface_package
[3.748s] -- Install configuration: ""
[3.748s] -- Installing: /home/ros/rosPackages/ENAE450/ENAE450_ws/src/ENAE450-Group-Project/final_project/install/interface_package/share/ament_index/resource_index/rosidl_interfaces/interface_package
[3.749s] -- Installing: /home/ros/rosPackages/ENAE450/ENAE450_ws/src/ENAE450-Group-Project/final_project/install/interface_package/include/interface_package/interface_package
[3.750s] -- Installing: /home/ros/rosPackages/ENAE450/ENAE450_ws/src/ENAE450-Group-Project/final_project/install/interface_package/include/interface_package/interface_package/srv
[3.754s] -- Installing: /home/ros/rosPackages/ENAE450/ENAE450_ws/src/ENAE450-Group-Project/final_project/install/interface_package/include/interface_package/interface_package/srv/aruco_detect_srv.h
[3.754s] -- Installing: /home/ros/rosPackages/ENAE450/ENAE450_ws/src/ENAE450-Group-Project/final_project/install/interface_package/include/interface_package/interface_package/srv/detail
[3.754s] -- Installing: /home/ros/rosPackages/ENAE450/ENAE450_ws/src/ENAE450-Group-Project/final_project/install/interface_package/include/interface_package/interface_package/srv/detail/aruco_detect_srv__functions.c
[3.754s] -- Installing: /home/ros/rosPackages/ENAE450/ENAE450_ws/src/ENAE450-Group-Project/final_project/install/interface_package/include/interface_package/interface_package/srv/detail/aruco_detect_srv__functions.h
[3.755s] -- Installing: /home/ros/rosPackages/ENAE450/ENAE450_ws/src/ENAE450-Group-Project/final_project/install/interface_package/include/interface_package/interface_package/srv/detail/aruco_detect_srv__struct.h
[3.755s] -- Installing: /home/ros/rosPackages/ENAE450/ENAE450_ws/src/ENAE450-Group-Project/final_project/install/interface_package/include/interface_package/interface_package/srv/detail/aruco_detect_srv__type_support.h
[3.755s] -- Installing: /home/ros/rosPackages/ENAE450/ENAE450_ws/src/ENAE450-Group-Project/final_project/install/interface_package/include/interface_package/interface_package/msg
[3.755s] -- Installing: /home/ros/rosPackages/ENAE450/ENAE450_ws/src/ENAE450-Group-Project/final_project/install/interface_package/include/interface_package/interface_package/msg/rosidl_generator_c__visibility_control.h
[3.755s] -- Installing: /home/ros/rosPackages/ENAE450/ENAE450_ws/src/ENAE450-Group-Project/final_project/install/interface_package/share/interface_package/environment/library_path.sh
[3.755s] -- Installing: /home/ros/rosPackages/ENAE450/ENAE450_ws/src/ENAE450-Group-Project/final_project/install/interface_package/share/interface_package/environment/library_path.dsv
[3.755s] -- Installing: /home/ros/rosPackages/ENAE450/ENAE450_ws/src/ENAE450-Group-Project/final_project/install/interface_package/lib/libinterface_package__rosidl_generator_c.so
[3.755s] -- Set runtime path of "/home/ros/rosPackages/ENAE450/ENAE450_ws/src/ENAE450-Group-Project/final_project/install/interface_package/lib/libinterface_package__rosidl_generator_c.so" to ""
[3.755s] -- Up-to-date: /home/ros/rosPackages/ENAE450/ENAE450_ws/src/ENAE450-Group-Project/final_project/install/interface_package/include/interface_package/interface_package
[3.755s] -- Up-to-date: /home/ros/rosPackages/ENAE450/ENAE450_ws/src/ENAE450-Group-Project/final_project/install/interface_package/include/interface_package/interface_package/srv
[3.755s] -- Up-to-date: /home/ros/rosPackages/ENAE450/ENAE450_ws/src/ENAE450-Group-Project/final_project/install/interface_package/include/interface_package/interface_package/srv/detail
[3.755s] -- Installing: /home/ros/rosPackages/ENAE450/ENAE450_ws/src/ENAE450-Group-Project/final_project/install/interface_package/include/interface_package/interface_package/srv/detail/aruco_detect_srv__rosidl_typesupport_fastrtps_c.h
[3.755s] -- Up-to-date: /home/ros/rosPackages/ENAE450/ENAE450_ws/src/ENAE450-Group-Project/final_project/install/interface_package/include/interface_package/interface_package/msg
[3.755s] -- Installing: /home/ros/rosPackages/ENAE450/ENAE450_ws/src/ENAE450-Group-Project/final_project/install/interface_package/include/interface_package/interface_package/msg/rosidl_typesupport_fastrtps_c__visibility_control.h
[3.755s] -- Installing: /home/ros/rosPackages/ENAE450/ENAE450_ws/src/ENAE450-Group-Project/final_project/install/interface_package/lib/libinterface_package__rosidl_typesupport_fastrtps_c.so
[3.755s] -- Set runtime path of "/home/ros/rosPackages/ENAE450/ENAE450_ws/src/ENAE450-Group-Project/final_project/install/interface_package/lib/libinterface_package__rosidl_typesupport_fastrtps_c.so" to ""
[3.755s] -- Up-to-date: /home/ros/rosPackages/ENAE450/ENAE450_ws/src/ENAE450-Group-Project/final_project/install/interface_package/include/interface_package/interface_package
[3.755s] -- Up-to-date: /home/ros/rosPackages/ENAE450/ENAE450_ws/src/ENAE450-Group-Project/final_project/install/interface_package/include/interface_package/interface_package/srv
[3.755s] -- Installing: /home/ros/rosPackages/ENAE450/ENAE450_ws/src/ENAE450-Group-Project/final_project/install/interface_package/include/interface_package/interface_package/srv/aruco_detect_srv.hpp
[3.755s] -- Up-to-date: /home/ros/rosPackages/ENAE450/ENAE450_ws/src/ENAE450-Group-Project/final_project/install/interface_package/include/interface_package/interface_package/srv/detail
[3.755s] -- Installing: /home/ros/rosPackages/ENAE450/ENAE450_ws/src/ENAE450-Group-Project/final_project/install/interface_package/include/interface_package/interface_package/srv/detail/aruco_detect_srv__struct.hpp
[3.755s] -- Installing: /home/ros/rosPackages/ENAE450/ENAE450_ws/src/ENAE450-Group-Project/final_project/install/interface_package/include/interface_package/interface_package/srv/detail/aruco_detect_srv__traits.hpp
[3.755s] -- Installing: /home/ros/rosPackages/ENAE450/ENAE450_ws/src/ENAE450-Group-Project/final_project/install/interface_package/include/interface_package/interface_package/srv/detail/aruco_detect_srv__builder.hpp
[3.755s] -- Up-to-date: /home/ros/rosPackages/ENAE450/ENAE450_ws/src/ENAE450-Group-Project/final_project/install/interface_package/include/interface_package/interface_package
[3.755s] -- Up-to-date: /home/ros/rosPackages/ENAE450/ENAE450_ws/src/ENAE450-Group-Project/final_project/install/interface_package/include/interface_package/interface_package/srv
[3.755s] -- Up-to-date: /home/ros/rosPackages/ENAE450/ENAE450_ws/src/ENAE450-Group-Project/final_project/install/interface_package/include/interface_package/interface_package/srv/detail
[3.755s] -- Installing: /home/ros/rosPackages/ENAE450/ENAE450_ws/src/ENAE450-Group-Project/final_project/install/interface_package/include/interface_package/interface_package/srv/detail/dds_fastrtps
[3.755s] -- Installing: /home/ros/rosPackages/ENAE450/ENAE450_ws/src/ENAE450-Group-Project/final_project/install/interface_package/include/interface_package/interface_package/srv/detail/aruco_detect_srv__rosidl_typesupport_fastrtps_cpp.hpp
[3.755s] -- Up-to-date: /home/ros/rosPackages/ENAE450/ENAE450_ws/src/ENAE450-Group-Project/final_project/install/interface_package/include/interface_package/interface_package/msg
[3.755s] -- Installing: /home/ros/rosPackages/ENAE450/ENAE450_ws/src/ENAE450-Group-Project/final_project/install/interface_package/include/interface_package/interface_package/msg/rosidl_typesupport_fastrtps_cpp__visibility_control.h
[3.755s] -- Installing: /home/ros/rosPackages/ENAE450/ENAE450_ws/src/ENAE450-Group-Project/final_project/install/interface_package/lib/libinterface_package__rosidl_typesupport_fastrtps_cpp.so
[3.755s] -- Set runtime path of "/home/ros/rosPackages/ENAE450/ENAE450_ws/src/ENAE450-Group-Project/final_project/install/interface_package/lib/libinterface_package__rosidl_typesupport_fastrtps_cpp.so" to ""
[3.755s] -- Up-to-date: /home/ros/rosPackages/ENAE450/ENAE450_ws/src/ENAE450-Group-Project/final_project/install/interface_package/include/interface_package/interface_package
[3.756s] -- Up-to-date: /home/ros/rosPackages/ENAE450/ENAE450_ws/src/ENAE450-Group-Project/final_project/install/interface_package/include/interface_package/interface_package/srv
[3.756s] -- Up-to-date: /home/ros/rosPackages/ENAE450/ENAE450_ws/src/ENAE450-Group-Project/final_project/install/interface_package/include/interface_package/interface_package/srv/detail
[3.756s] -- Installing: /home/ros/rosPackages/ENAE450/ENAE450_ws/src/ENAE450-Group-Project/final_project/install/interface_package/include/interface_package/interface_package/srv/detail/aruco_detect_srv__rosidl_typesupport_introspection_c.h
[3.756s] -- Installing: /home/ros/rosPackages/ENAE450/ENAE450_ws/src/ENAE450-Group-Project/final_project/install/interface_package/include/interface_package/interface_package/srv/detail/aruco_detect_srv__type_support.c
[3.756s] -- Up-to-date: /home/ros/rosPackages/ENAE450/ENAE450_ws/src/ENAE450-Group-Project/final_project/install/interface_package/include/interface_package/interface_package/msg
[3.756s] -- Installing: /home/ros/rosPackages/ENAE450/ENAE450_ws/src/ENAE450-Group-Project/final_project/install/interface_package/include/interface_package/interface_package/msg/rosidl_typesupport_introspection_c__visibility_control.h
[3.763s] -- Installing: /home/ros/rosPackages/ENAE450/ENAE450_ws/src/ENAE450-Group-Project/final_project/install/interface_package/lib/libinterface_package__rosidl_typesupport_introspection_c.so
[3.763s] -- Set runtime path of "/home/ros/rosPackages/ENAE450/ENAE450_ws/src/ENAE450-Group-Project/final_project/install/interface_package/lib/libinterface_package__rosidl_typesupport_introspection_c.so" to ""
[3.763s] -- Installing: /home/ros/rosPackages/ENAE450/ENAE450_ws/src/ENAE450-Group-Project/final_project/install/interface_package/lib/libinterface_package__rosidl_typesupport_c.so
[3.763s] -- Set runtime path of "/home/ros/rosPackages/ENAE450/ENAE450_ws/src/ENAE450-Group-Project/final_project/install/interface_package/lib/libinterface_package__rosidl_typesupport_c.so" to ""
[3.763s] -- Up-to-date: /home/ros/rosPackages/ENAE450/ENAE450_ws/src/ENAE450-Group-Project/final_project/install/interface_package/include/interface_package/interface_package
[3.763s] -- Up-to-date: /home/ros/rosPackages/ENAE450/ENAE450_ws/src/ENAE450-Group-Project/final_project/install/interface_package/include/interface_package/interface_package/srv
[3.763s] -- Up-to-date: /home/ros/rosPackages/ENAE450/ENAE450_ws/src/ENAE450-Group-Project/final_project/install/interface_package/include/interface_package/interface_package/srv/detail
[3.763s] -- Installing: /home/ros/rosPackages/ENAE450/ENAE450_ws/src/ENAE450-Group-Project/final_project/install/interface_package/include/interface_package/interface_package/srv/detail/aruco_detect_srv__type_support.cpp
[3.763s] -- Installing: /home/ros/rosPackages/ENAE450/ENAE450_ws/src/ENAE450-Group-Project/final_project/install/interface_package/include/interface_package/interface_package/srv/detail/aruco_detect_srv__rosidl_typesupport_introspection_cpp.hpp
[3.763s] -- Installing: /home/ros/rosPackages/ENAE450/ENAE450_ws/src/ENAE450-Group-Project/final_project/install/interface_package/lib/libinterface_package__rosidl_typesupport_introspection_cpp.so
[3.763s] -- Set runtime path of "/home/ros/rosPackages/ENAE450/ENAE450_ws/src/ENAE450-Group-Project/final_project/install/interface_package/lib/libinterface_package__rosidl_typesupport_introspection_cpp.so" to ""
[3.763s] -- Installing: /home/ros/rosPackages/ENAE450/ENAE450_ws/src/ENAE450-Group-Project/final_project/install/interface_package/lib/libinterface_package__rosidl_typesupport_cpp.so
[3.763s] -- Set runtime path of "/home/ros/rosPackages/ENAE450/ENAE450_ws/src/ENAE450-Group-Project/final_project/install/interface_package/lib/libinterface_package__rosidl_typesupport_cpp.so" to ""
[3.763s] -- Installing: /home/ros/rosPackages/ENAE450/ENAE450_ws/src/ENAE450-Group-Project/final_project/install/interface_package/share/interface_package/environment/pythonpath.sh
[3.763s] -- Installing: /home/ros/rosPackages/ENAE450/ENAE450_ws/src/ENAE450-Group-Project/final_project/install/interface_package/share/interface_package/environment/pythonpath.dsv
[3.764s] -- Installing: /home/ros/rosPackages/ENAE450/ENAE450_ws/src/ENAE450-Group-Project/final_project/install/interface_package/local/lib/python3.10/dist-packages/interface_package-0.0.0-py3.10.egg-info
[3.764s] -- Installing: /home/ros/rosPackages/ENAE450/ENAE450_ws/src/ENAE450-Group-Project/final_project/install/interface_package/local/lib/python3.10/dist-packages/interface_package-0.0.0-py3.10.egg-info/dependency_links.txt
[3.764s] -- Installing: /home/ros/rosPackages/ENAE450/ENAE450_ws/src/ENAE450-Group-Project/final_project/install/interface_package/local/lib/python3.10/dist-packages/interface_package-0.0.0-py3.10.egg-info/top_level.txt
[3.764s] -- Installing: /home/ros/rosPackages/ENAE450/ENAE450_ws/src/ENAE450-Group-Project/final_project/install/interface_package/local/lib/python3.10/dist-packages/interface_package-0.0.0-py3.10.egg-info/SOURCES.txt
[3.764s] -- Installing: /home/ros/rosPackages/ENAE450/ENAE450_ws/src/ENAE450-Group-Project/final_project/install/interface_package/local/lib/python3.10/dist-packages/interface_package-0.0.0-py3.10.egg-info/PKG-INFO
[3.764s] -- Installing: /home/ros/rosPackages/ENAE450/ENAE450_ws/src/ENAE450-Group-Project/final_project/install/interface_package/local/lib/python3.10/dist-packages/interface_package
[3.764s] -- Installing: /home/ros/rosPackages/ENAE450/ENAE450_ws/src/ENAE450-Group-Project/final_project/install/interface_package/local/lib/python3.10/dist-packages/interface_package/_interface_package_s.ep.rosidl_typesupport_introspection_c.c
[3.764s] -- Installing: /home/ros/rosPackages/ENAE450/ENAE450_ws/src/ENAE450-Group-Project/final_project/install/interface_package/local/lib/python3.10/dist-packages/interface_package/srv
[3.764s] -- Installing: /home/ros/rosPackages/ENAE450/ENAE450_ws/src/ENAE450-Group-Project/final_project/install/interface_package/local/lib/python3.10/dist-packages/interface_package/srv/_aruco_detect_srv.py
[3.764s] -- Installing: /home/ros/rosPackages/ENAE450/ENAE450_ws/src/ENAE450-Group-Project/final_project/install/interface_package/local/lib/python3.10/dist-packages/interface_package/srv/_aruco_detect_srv_s.c
[3.764s] -- Installing: /home/ros/rosPackages/ENAE450/ENAE450_ws/src/ENAE450-Group-Project/final_project/install/interface_package/local/lib/python3.10/dist-packages/interface_package/srv/__init__.py
[3.764s] -- Installing: /home/ros/rosPackages/ENAE450/ENAE450_ws/src/ENAE450-Group-Project/final_project/install/interface_package/local/lib/python3.10/dist-packages/interface_package/interface_package_s__rosidl_typesupport_introspection_c.cpython-310-aarch64-linux-gnu.so
[3.764s] -- Installing: /home/ros/rosPackages/ENAE450/ENAE450_ws/src/ENAE450-Group-Project/final_project/install/interface_package/local/lib/python3.10/dist-packages/interface_package/interface_package_s__rosidl_typesupport_c.cpython-310-aarch64-linux-gnu.so
[3.764s] -- Installing: /home/ros/rosPackages/ENAE450/ENAE450_ws/src/ENAE450-Group-Project/final_project/install/interface_package/local/lib/python3.10/dist-packages/interface_package/_interface_package_s.ep.rosidl_typesupport_fastrtps_c.c
[3.764s] -- Installing: /home/ros/rosPackages/ENAE450/ENAE450_ws/src/ENAE450-Group-Project/final_project/install/interface_package/local/lib/python3.10/dist-packages/interface_package/libinterface_package__rosidl_generator_py.so
[3.764s] -- Installing: /home/ros/rosPackages/ENAE450/ENAE450_ws/src/ENAE450-Group-Project/final_project/install/interface_package/local/lib/python3.10/dist-packages/interface_package/_interface_package_s.ep.rosidl_typesupport_c.c
[3.764s] -- Installing: /home/ros/rosPackages/ENAE450/ENAE450_ws/src/ENAE450-Group-Project/final_project/install/interface_package/local/lib/python3.10/dist-packages/interface_package/__init__.py
[3.764s] -- Installing: /home/ros/rosPackages/ENAE450/ENAE450_ws/src/ENAE450-Group-Project/final_project/install/interface_package/local/lib/python3.10/dist-packages/interface_package/interface_package_s__rosidl_typesupport_fastrtps_c.cpython-310-aarch64-linux-gnu.so
[3.773s] Listing '/home/ros/rosPackages/ENAE450/ENAE450_ws/src/ENAE450-Group-Project/final_project/install/interface_package/local/lib/python3.10/dist-packages/interface_package'...
[3.774s] Compiling '/home/ros/rosPackages/ENAE450/ENAE450_ws/src/ENAE450-Group-Project/final_project/install/interface_package/local/lib/python3.10/dist-packages/interface_package/__init__.py'...
[3.774s] Listing '/home/ros/rosPackages/ENAE450/ENAE450_ws/src/ENAE450-Group-Project/final_project/install/interface_package/local/lib/python3.10/dist-packages/interface_package/srv'...
[3.774s] Compiling '/home/ros/rosPackages/ENAE450/ENAE450_ws/src/ENAE450-Group-Project/final_project/install/interface_package/local/lib/python3.10/dist-packages/interface_package/srv/__init__.py'...
[3.774s] Compiling '/home/ros/rosPackages/ENAE450/ENAE450_ws/src/ENAE450-Group-Project/final_project/install/interface_package/local/lib/python3.10/dist-packages/interface_package/srv/_aruco_detect_srv.py'...
[3.776s] -- Installing: /home/ros/rosPackages/ENAE450/ENAE450_ws/src/ENAE450-Group-Project/final_project/install/interface_package/local/lib/python3.10/dist-packages/interface_package/interface_package_s__rosidl_typesupport_fastrtps_c.cpython-310-aarch64-linux-gnu.so
[3.777s] -- Set runtime path of "/home/ros/rosPackages/ENAE450/ENAE450_ws/src/ENAE450-Group-Project/final_project/install/interface_package/local/lib/python3.10/dist-packages/interface_package/interface_package_s__rosidl_typesupport_fastrtps_c.cpython-310-aarch64-linux-gnu.so" to ""
[3.777s] -- Installing: /home/ros/rosPackages/ENAE450/ENAE450_ws/src/ENAE450-Group-Project/final_project/install/interface_package/local/lib/python3.10/dist-packages/interface_package/interface_package_s__rosidl_typesupport_introspection_c.cpython-310-aarch64-linux-gnu.so
[3.777s] -- Set runtime path of "/home/ros/rosPackages/ENAE450/ENAE450_ws/src/ENAE450-Group-Project/final_project/install/interface_package/local/lib/python3.10/dist-packages/interface_package/interface_package_s__rosidl_typesupport_introspection_c.cpython-310-aarch64-linux-gnu.so" to ""
[3.777s] -- Installing: /home/ros/rosPackages/ENAE450/ENAE450_ws/src/ENAE450-Group-Project/final_project/install/interface_package/local/lib/python3.10/dist-packages/interface_package/interface_package_s__rosidl_typesupport_c.cpython-310-aarch64-linux-gnu.so
[3.777s] -- Set runtime path of "/home/ros/rosPackages/ENAE450/ENAE450_ws/src/ENAE450-Group-Project/final_project/install/interface_package/local/lib/python3.10/dist-packages/interface_package/interface_package_s__rosidl_typesupport_c.cpython-310-aarch64-linux-gnu.so" to ""
[3.777s] -- Installing: /home/ros/rosPackages/ENAE450/ENAE450_ws/src/ENAE450-Group-Project/final_project/install/interface_package/lib/libinterface_package__rosidl_generator_py.so
[3.778s] -- Set runtime path of "/home/ros/rosPackages/ENAE450/ENAE450_ws/src/ENAE450-Group-Project/final_project/install/interface_package/lib/libinterface_package__rosidl_generator_py.so" to ""
[3.778s] -- Installing: /home/ros/rosPackages/ENAE450/ENAE450_ws/src/ENAE450-Group-Project/final_project/install/interface_package/share/interface_package/srv/ArucoDetectSrv.idl
[3.778s] -- Installing: /home/ros/rosPackages/ENAE450/ENAE450_ws/src/ENAE450-Group-Project/final_project/install/interface_package/share/interface_package/srv/ArucoDetectSrv.srv
[3.778s] -- Installing: /home/ros/rosPackages/ENAE450/ENAE450_ws/src/ENAE450-Group-Project/final_project/install/interface_package/share/interface_package/srv/ArucoDetectSrv_Request.msg
[3.778s] -- Installing: /home/ros/rosPackages/ENAE450/ENAE450_ws/src/ENAE450-Group-Project/final_project/install/interface_package/share/interface_package/srv/ArucoDetectSrv_Response.msg
[3.778s] -- Installing: /home/ros/rosPackages/ENAE450/ENAE450_ws/src/ENAE450-Group-Project/final_project/install/interface_package/share/ament_index/resource_index/package_run_dependencies/interface_package
[3.778s] -- Installing: /home/ros/rosPackages/ENAE450/ENAE450_ws/src/ENAE450-Group-Project/final_project/install/interface_package/share/ament_index/resource_index/parent_prefix_path/interface_package
[3.778s] -- Installing: /home/ros/rosPackages/ENAE450/ENAE450_ws/src/ENAE450-Group-Project/final_project/install/interface_package/share/interface_package/environment/ament_prefix_path.sh
[3.779s] -- Installing: /home/ros/rosPackages/ENAE450/ENAE450_ws/src/ENAE450-Group-Project/final_project/install/interface_package/share/interface_package/environment/ament_prefix_path.dsv
[3.779s] -- Installing: /home/ros/rosPackages/ENAE450/ENAE450_ws/src/ENAE450-Group-Project/final_project/install/interface_package/share/interface_package/environment/path.sh
[3.779s] -- Installing: /home/ros/rosPackages/ENAE450/ENAE450_ws/src/ENAE450-Group-Project/final_project/install/interface_package/share/interface_package/environment/path.dsv
[3.779s] -- Installing: /home/ros/rosPackages/ENAE450/ENAE450_ws/src/ENAE450-Group-Project/final_project/install/interface_package/share/interface_package/local_setup.bash
[3.779s] -- Installing: /home/ros/rosPackages/ENAE450/ENAE450_ws/src/ENAE450-Group-Project/final_project/install/interface_package/share/interface_package/local_setup.sh
[3.779s] -- Installing: /home/ros/rosPackages/ENAE450/ENAE450_ws/src/ENAE450-Group-Project/final_project/install/interface_package/share/interface_package/local_setup.zsh
[3.779s] -- Installing: /home/ros/rosPackages/ENAE450/ENAE450_ws/src/ENAE450-Group-Project/final_project/install/interface_package/share/interface_package/local_setup.dsv
[3.779s] -- Installing: /home/ros/rosPackages/ENAE450/ENAE450_ws/src/ENAE450-Group-Project/final_project/install/interface_package/share/interface_package/package.dsv
[3.779s] -- Installing: /home/ros/rosPackages/ENAE450/ENAE450_ws/src/ENAE450-Group-Project/final_project/install/interface_package/share/ament_index/resource_index/packages/interface_package
[3.780s] -- Installing: /home/ros/rosPackages/ENAE450/ENAE450_ws/src/ENAE450-Group-Project/final_project/install/interface_package/share/interface_package/cmake/export_interface_package__rosidl_generator_cExport.cmake
[3.780s] -- Installing: /home/ros/rosPackages/ENAE450/ENAE450_ws/src/ENAE450-Group-Project/final_project/install/interface_package/share/interface_package/cmake/export_interface_package__rosidl_generator_cExport-noconfig.cmake
[3.780s] -- Installing: /home/ros/rosPackages/ENAE450/ENAE450_ws/src/ENAE450-Group-Project/final_project/install/interface_package/share/interface_package/cmake/export_interface_package__rosidl_typesupport_fastrtps_cExport.cmake
[3.780s] -- Installing: /home/ros/rosPackages/ENAE450/ENAE450_ws/src/ENAE450-Group-Project/final_project/install/interface_package/share/interface_package/cmake/export_interface_package__rosidl_typesupport_fastrtps_cExport-noconfig.cmake
[3.780s] -- Installing: /home/ros/rosPackages/ENAE450/ENAE450_ws/src/ENAE450-Group-Project/final_project/install/interface_package/share/interface_package/cmake/export_interface_package__rosidl_generator_cppExport.cmake
[3.780s] -- Installing: /home/ros/rosPackages/ENAE450/ENAE450_ws/src/ENAE450-Group-Project/final_project/install/interface_package/share/interface_package/cmake/export_interface_package__rosidl_typesupport_fastrtps_cppExport.cmake
[3.780s] -- Installing: /home/ros/rosPackages/ENAE450/ENAE450_ws/src/ENAE450-Group-Project/final_project/install/interface_package/share/interface_package/cmake/export_interface_package__rosidl_typesupport_fastrtps_cppExport-noconfig.cmake
[3.780s] -- Installing: /home/ros/rosPackages/ENAE450/ENAE450_ws/src/ENAE450-Group-Project/final_project/install/interface_package/share/interface_package/cmake/interface_package__rosidl_typesupport_introspection_cExport.cmake
[3.780s] -- Installing: /home/ros/rosPackages/ENAE450/ENAE450_ws/src/ENAE450-Group-Project/final_project/install/interface_package/share/interface_package/cmake/interface_package__rosidl_typesupport_introspection_cExport-noconfig.cmake
[3.781s] -- Installing: /home/ros/rosPackages/ENAE450/ENAE450_ws/src/ENAE450-Group-Project/final_project/install/interface_package/share/interface_package/cmake/interface_package__rosidl_typesupport_cExport.cmake
[3.781s] -- Installing: /home/ros/rosPackages/ENAE450/ENAE450_ws/src/ENAE450-Group-Project/final_project/install/interface_package/share/interface_package/cmake/interface_package__rosidl_typesupport_cExport-noconfig.cmake
[3.781s] -- Installing: /home/ros/rosPackages/ENAE450/ENAE450_ws/src/ENAE450-Group-Project/final_project/install/interface_package/share/interface_package/cmake/interface_package__rosidl_typesupport_introspection_cppExport.cmake
[3.781s] -- Installing: /home/ros/rosPackages/ENAE450/ENAE450_ws/src/ENAE450-Group-Project/final_project/install/interface_package/share/interface_package/cmake/interface_package__rosidl_typesupport_introspection_cppExport-noconfig.cmake
[3.781s] -- Installing: /home/ros/rosPackages/ENAE450/ENAE450_ws/src/ENAE450-Group-Project/final_project/install/interface_package/share/interface_package/cmake/interface_package__rosidl_typesupport_cppExport.cmake
[3.781s] -- Installing: /home/ros/rosPackages/ENAE450/ENAE450_ws/src/ENAE450-Group-Project/final_project/install/interface_package/share/interface_package/cmake/interface_package__rosidl_typesupport_cppExport-noconfig.cmake
[3.781s] -- Installing: /home/ros/rosPackages/ENAE450/ENAE450_ws/src/ENAE450-Group-Project/final_project/install/interface_package/share/interface_package/cmake/export_interface_package__rosidl_generator_pyExport.cmake
[3.781s] -- Installing: /home/ros/rosPackages/ENAE450/ENAE450_ws/src/ENAE450-Group-Project/final_project/install/interface_package/share/interface_package/cmake/export_interface_package__rosidl_generator_pyExport-noconfig.cmake
[3.781s] -- Installing: /home/ros/rosPackages/ENAE450/ENAE450_ws/src/ENAE450-Group-Project/final_project/install/interface_package/share/interface_package/cmake/rosidl_cmake-extras.cmake
[3.782s] -- Installing: /home/ros/rosPackages/ENAE450/ENAE450_ws/src/ENAE450-Group-Project/final_project/install/interface_package/share/interface_package/cmake/ament_cmake_export_include_directories-extras.cmake
[3.782s] -- Installing: /home/ros/rosPackages/ENAE450/ENAE450_ws/src/ENAE450-Group-Project/final_project/install/interface_package/share/interface_package/cmake/ament_cmake_export_libraries-extras.cmake
[3.782s] -- Installing: /home/ros/rosPackages/ENAE450/ENAE450_ws/src/ENAE450-Group-Project/final_project/install/interface_package/share/interface_package/cmake/ament_cmake_export_targets-extras.cmake
[3.782s] -- Installing: /home/ros/rosPackages/ENAE450/ENAE450_ws/src/ENAE450-Group-Project/final_project/install/interface_package/share/interface_package/cmake/rosidl_cmake_export_typesupport_targets-extras.cmake
[3.782s] -- Installing: /home/ros/rosPackages/ENAE450/ENAE450_ws/src/ENAE450-Group-Project/final_project/install/interface_package/share/interface_package/cmake/ament_cmake_export_dependencies-extras.cmake
[3.782s] -- Installing: /home/ros/rosPackages/ENAE450/ENAE450_ws/src/ENAE450-Group-Project/final_project/install/interface_package/share/interface_package/cmake/rosidl_cmake_export_typesupport_libraries-extras.cmake
[3.782s] -- Installing: /home/ros/rosPackages/ENAE450/ENAE450_ws/src/ENAE450-Group-Project/final_project/install/interface_package/share/interface_package/cmake/interface_packageConfig.cmake
[3.782s] -- Installing: /home/ros/rosPackages/ENAE450/ENAE450_ws/src/ENAE450-Group-Project/final_project/install/interface_package/share/interface_package/cmake/interface_packageConfig-version.cmake
[3.782s] -- Installing: /home/ros/rosPackages/ENAE450/ENAE450_ws/src/ENAE450-Group-Project/final_project/install/interface_package/share/interface_package/package.xml
[3.787s] Invoked command in '/home/ros/rosPackages/ENAE450/ENAE450_ws/src/ENAE450-Group-Project/final_project/build/interface_package' returned '0': CMAKE_PREFIX_PATH=/home/ros/rosPackages/ENAE450/ENAE450_ws/src/ENAE450-Group-Project/install/maze_simulation:/home/ros/rosPackages/ENAE450/ENAE450_ws/src/ENAE450-Group-Project/install/maze:/home/ros/rosPackages/ENAE450/ENAE450_ws/src/ENAE450-Group-Project/install/lab_package:/home/ros/rosPackages/ENAE450/ENAE450_ws/src/ENAE450-Group-Project/install/hw5:/opt/ros/humble /usr/bin/cmake --install /home/ros/rosPackages/ENAE450/ENAE450_ws/src/ENAE450-Group-Project/final_project/build/interface_package
