[0.014s] Invoking command in '/home/jstone14/ENAE450_ws/src/interface_package/build/interface_package': CMAKE_PREFIX_PATH=${CMAKE_PREFIX_PATH}:/home/jstone14/tb3_ws/install/turtlebot3_teleop:/home/jstone14/tb3_ws/install/turtlebot3_example:/opt/ros/humble /usr/bin/cmake /home/jstone14/ENAE450_ws/src/interface_package -DAMENT_CMAKE_SYMLINK_INSTALL=1 -DCMAKE_INSTALL_PREFIX=/home/jstone14/ENAE450_ws/src/interface_package/install/interface_package
[0.029s] -- Found ament_cmake: 1.3.8 (/opt/ros/humble/share/ament_cmake/cmake)
[0.146s] -- Override CMake install command with custom implementation using symlinks instead of copying resources
[0.152s] -- Found rclcpp: 16.0.8 (/opt/ros/humble/share/rclcpp/cmake)
[0.179s] -- Found rosidl_generator_c: 3.1.5 (/opt/ros/humble/share/rosidl_generator_c/cmake)
[0.182s] -- Found rosidl_adapter: 3.1.5 (/opt/ros/humble/share/rosidl_adapter/cmake)
[0.187s] -- Found rosidl_generator_cpp: 3.1.5 (/opt/ros/humble/share/rosidl_generator_cpp/cmake)
[0.198s] -- Using all available rosidl_typesupport_c: rosidl_typesupport_fastrtps_c;rosidl_typesupport_introspection_c
[0.213s] -- Using all available rosidl_typesupport_cpp: rosidl_typesupport_fastrtps_cpp;rosidl_typesupport_introspection_cpp
[0.267s] -- Found rmw_implementation_cmake: 6.1.1 (/opt/ros/humble/share/rmw_implementation_cmake/cmake)
[0.268s] -- Found rmw_fastrtps_cpp: 6.2.6 (/opt/ros/humble/share/rmw_fastrtps_cpp/cmake)
[0.396s] -- Using RMW implementation 'rmw_fastrtps_cpp' as default
[0.534s] -- Found rosidl_default_generators: 1.2.0 (/opt/ros/humble/share/rosidl_default_generators/cmake)
[0.687s] [31mCMake Error at /opt/ros/humble/share/rosidl_adapter/cmake/rosidl_adapt_interfaces.cmake:59 (message):
[0.687s]   execute_process(/usr/bin/python3 -m rosidl_adapter --package-name
[0.687s]   interface_package --arguments-file
[0.687s]   /home/jstone14/ENAE450_ws/src/interface_package/build/interface_package/rosidl_adapter__arguments__interface_package.json
[0.687s]   --output-dir
[0.687s]   /home/jstone14/ENAE450_ws/src/interface_package/build/interface_package/rosidl_adapter/interface_package
[0.688s]   --output-file
[0.688s]   /home/jstone14/ENAE450_ws/src/interface_package/build/interface_package/rosidl_adapter/interface_package.idls)
[0.688s]   returned error code 1:
[0.688s] 
[0.688s]   Traceback (most recent call last):
[0.688s] 
[0.688s]     File "/usr/lib/python3.10/runpy.py", line 196, in _run_module_as_main
[0.688s]       return _run_code(code, main_globals, None,
[0.688s]     File "/usr/lib/python3.10/runpy.py", line 86, in _run_code
[0.688s]       exec(code, run_globals)
[0.688s]     File "/opt/ros/humble/local/lib/python3.10/dist-packages/rosidl_adapter/__main__.py", line 19, in <module>
[0.688s]       sys.exit(main())
[0.688s]     File "/opt/ros/humble/local/lib/python3.10/dist-packages/rosidl_adapter/main.py", line 53, in main
[0.688s]       abs_idl_file = convert_to_idl(
[0.688s]     File "/opt/ros/humble/local/lib/python3.10/dist-packages/rosidl_adapter/__init__.py", line 24, in convert_to_idl
[0.688s]       return convert_srv_to_idl(
[0.688s]     File "/opt/ros/humble/local/lib/python3.10/dist-packages/rosidl_adapter/srv/__init__.py", line 28, in convert_srv_to_idl
[0.688s]       srv = parse_service_string(package_name, input_file.stem, content)
[0.688s]     File "/opt/ros/humble/local/lib/python3.10/dist-packages/rosidl_adapter/parser.py", line 850, in parse_service_string
[0.688s]       raise InvalidServiceSpecification(
[0.688s] 
[0.689s]   rosidl_adapter.parser.InvalidServiceSpecification: Could not find separator
[0.689s]   '---' between request and response
[0.689s] 
[0.689s] Call Stack (most recent call first):
[0.689s]   /opt/ros/humble/share/rosidl_cmake/cmake/rosidl_generate_interfaces.cmake:130 (rosidl_adapt_interfaces)
[0.689s]   CMakeLists.txt:12 (rosidl_generate_interfaces)
[0.689s] 
[0.689s] [0m
[0.690s] -- Configuring incomplete, errors occurred!
[0.690s] See also "/home/jstone14/ENAE450_ws/src/interface_package/build/interface_package/CMakeFiles/CMakeOutput.log".
[0.696s] Invoked command in '/home/jstone14/ENAE450_ws/src/interface_package/build/interface_package' returned '1': CMAKE_PREFIX_PATH=${CMAKE_PREFIX_PATH}:/home/jstone14/tb3_ws/install/turtlebot3_teleop:/home/jstone14/tb3_ws/install/turtlebot3_example:/opt/ros/humble /usr/bin/cmake /home/jstone14/ENAE450_ws/src/interface_package -DAMENT_CMAKE_SYMLINK_INSTALL=1 -DCMAKE_INSTALL_PREFIX=/home/jstone14/ENAE450_ws/src/interface_package/install/interface_package
