[0.036s] Invoking command in '/home/jstone14/ENAE450_ws/src/interface_package/build/interface_package': CMAKE_PREFIX_PATH=${CMAKE_PREFIX_PATH}:/home/jstone14/tb3_ws/install/turtlebot3_teleop:/home/jstone14/tb3_ws/install/turtlebot3_example:/opt/ros/humble /usr/bin/cmake /home/jstone14/ENAE450_ws/src/interface_package -DAMENT_CMAKE_SYMLINK_INSTALL=1 -DCMAKE_INSTALL_PREFIX=/home/jstone14/ENAE450_ws/src/interface_package/install/interface_package
[0.500s] -- The C compiler identification is GNU 11.4.0
[0.809s] -- The CXX compiler identification is GNU 11.4.0
[0.827s] -- Detecting C compiler ABI info
[0.976s] -- Detecting C compiler ABI info - done
[0.982s] -- Check for working C compiler: /usr/bin/cc - skipped
[0.984s] -- Detecting C compile features
[0.986s] -- Detecting C compile features - done
[0.993s] -- Detecting CXX compiler ABI info
[1.077s] -- Detecting CXX compiler ABI info - done
[1.083s] -- Check for working CXX compiler: /usr/bin/c++ - skipped
[1.085s] -- Detecting CXX compile features
[1.086s] -- Detecting CXX compile features - done
[1.103s] -- Found ament_cmake: 1.3.8 (/opt/ros/humble/share/ament_cmake/cmake)
[1.297s] -- Found Python3: /usr/bin/python3 (found version "3.10.12") found components: Interpreter 
[1.387s] -- Override CMake install command with custom implementation using symlinks instead of copying resources
[1.491s] -- Found rclcpp: 16.0.8 (/opt/ros/humble/share/rclcpp/cmake)
[1.604s] -- Found rosidl_generator_c: 3.1.5 (/opt/ros/humble/share/rosidl_generator_c/cmake)
[1.619s] -- Found rosidl_adapter: 3.1.5 (/opt/ros/humble/share/rosidl_adapter/cmake)
[1.645s] -- Found rosidl_generator_cpp: 3.1.5 (/opt/ros/humble/share/rosidl_generator_cpp/cmake)
[1.688s] -- Using all available rosidl_typesupport_c: rosidl_typesupport_fastrtps_c;rosidl_typesupport_introspection_c
[1.726s] -- Using all available rosidl_typesupport_cpp: rosidl_typesupport_fastrtps_cpp;rosidl_typesupport_introspection_cpp
[1.863s] -- Found rmw_implementation_cmake: 6.1.1 (/opt/ros/humble/share/rmw_implementation_cmake/cmake)
[1.873s] -- Found rmw_fastrtps_cpp: 6.2.6 (/opt/ros/humble/share/rmw_fastrtps_cpp/cmake)
[2.063s] -- Found OpenSSL: /usr/lib/x86_64-linux-gnu/libcrypto.so (found version "3.0.2")  
[2.098s] -- Found FastRTPS: /opt/ros/humble/include  
[2.150s] -- Using RMW implementation 'rmw_fastrtps_cpp' as default
[2.183s] -- Looking for pthread.h
[2.316s] -- Looking for pthread.h - found
[2.316s] -- Performing Test CMAKE_HAVE_LIBC_PTHREAD
[2.408s] -- Performing Test CMAKE_HAVE_LIBC_PTHREAD - Success
[2.409s] -- Found Threads: TRUE  
[2.624s] -- Found rosidl_default_generators: 1.2.0 (/opt/ros/humble/share/rosidl_default_generators/cmake)
[2.757s] [31mCMake Error at /opt/ros/humble/share/rosidl_adapter/cmake/rosidl_adapt_interfaces.cmake:59 (message):
[2.757s]   execute_process(/usr/bin/python3 -m rosidl_adapter --package-name
[2.757s]   interface_package --arguments-file
[2.758s]   /home/jstone14/ENAE450_ws/src/interface_package/build/interface_package/rosidl_adapter__arguments__interface_package.json
[2.758s]   --output-dir
[2.758s]   /home/jstone14/ENAE450_ws/src/interface_package/build/interface_package/rosidl_adapter/interface_package
[2.758s]   --output-file
[2.758s]   /home/jstone14/ENAE450_ws/src/interface_package/build/interface_package/rosidl_adapter/interface_package.idls)
[2.758s]   returned error code 1:
[2.758s] 
[2.758s]   Error processing 'int64[][] corners' of
[2.758s]   'interface_package/ArucoDetectSrv_Request': ''int64[]' is an invalid
[2.758s]   message name.  It should have the pattern '^[A-Z][A-Za-z0-9]*$''
[2.758s] 
[2.759s]   Traceback (most recent call last):
[2.759s] 
[2.759s]     File "/usr/lib/python3.10/runpy.py", line 196, in _run_module_as_main
[2.759s]       return _run_code(code, main_globals, None,
[2.759s]     File "/usr/lib/python3.10/runpy.py", line 86, in _run_code
[2.759s]       exec(code, run_globals)
[2.759s]     File "/opt/ros/humble/local/lib/python3.10/dist-packages/rosidl_adapter/__main__.py", line 19, in <module>
[2.759s]       sys.exit(main())
[2.759s]     File "/opt/ros/humble/local/lib/python3.10/dist-packages/rosidl_adapter/main.py", line 53, in main
[2.759s]       abs_idl_file = convert_to_idl(
[2.759s]     File "/opt/ros/humble/local/lib/python3.10/dist-packages/rosidl_adapter/__init__.py", line 24, in convert_to_idl
[2.759s]       return convert_srv_to_idl(
[2.759s]     File "/opt/ros/humble/local/lib/python3.10/dist-packages/rosidl_adapter/srv/__init__.py", line 28, in convert_srv_to_idl
[2.759s]       srv = parse_service_string(package_name, input_file.stem, content)
[2.760s]     File "/opt/ros/humble/local/lib/python3.10/dist-packages/rosidl_adapter/parser.py", line 859, in parse_service_string
[2.760s]       request_message = parse_message_string(
[2.762s]     File "/opt/ros/humble/local/lib/python3.10/dist-packages/rosidl_adapter/parser.py", line 520, in parse_message_string
[2.762s]       Type(type_string, context_package_name=pkg_name),
[2.762s]     File "/opt/ros/humble/local/lib/python3.10/dist-packages/rosidl_adapter/parser.py", line 277, in __init__
[2.762s]       super(Type, self).__init__(
[2.762s]     File "/opt/ros/humble/local/lib/python3.10/dist-packages/rosidl_adapter/parser.py", line 205, in __init__
[2.762s]       raise InvalidResourceName(
[2.762s] 
[2.763s]   rosidl_adapter.parser.InvalidResourceName: 'int64[]' is an invalid message
[2.763s]   name.  It should have the pattern '^[A-Z][A-Za-z0-9]*$'
[2.763s] 
[2.763s] Call Stack (most recent call first):
[2.763s]   /opt/ros/humble/share/rosidl_cmake/cmake/rosidl_generate_interfaces.cmake:130 (rosidl_adapt_interfaces)
[2.763s]   CMakeLists.txt:12 (rosidl_generate_interfaces)
[2.763s] 
[2.763s] [0m
[2.763s] -- Configuring incomplete, errors occurred!
[2.763s] See also "/home/jstone14/ENAE450_ws/src/interface_package/build/interface_package/CMakeFiles/CMakeOutput.log".
[2.770s] Invoked command in '/home/jstone14/ENAE450_ws/src/interface_package/build/interface_package' returned '1': CMAKE_PREFIX_PATH=${CMAKE_PREFIX_PATH}:/home/jstone14/tb3_ws/install/turtlebot3_teleop:/home/jstone14/tb3_ws/install/turtlebot3_example:/opt/ros/humble /usr/bin/cmake /home/jstone14/ENAE450_ws/src/interface_package -DAMENT_CMAKE_SYMLINK_INSTALL=1 -DCMAKE_INSTALL_PREFIX=/home/jstone14/ENAE450_ws/src/interface_package/install/interface_package
