/home/ros/rosPackages/ENAE450/ENAE450_ws/src/ENAE450-Group-Project/final_project/install/hw5/lib/python3.10/site-packages/hw5/wallrider_v1.py
/home/ros/rosPackages/ENAE450/ENAE450_ws/src/ENAE450-Group-Project/final_project/install/hw5/lib/python3.10/site-packages/hw5/aruco_detect.py
/home/ros/rosPackages/ENAE450/ENAE450_ws/src/ENAE450-Group-Project/final_project/install/hw5/lib/python3.10/site-packages/hw5/wallrider_v2.py
/home/ros/rosPackages/ENAE450/ENAE450_ws/src/ENAE450-Group-Project/final_project/install/hw5/lib/python3.10/site-packages/hw5/__init__.py
/home/ros/rosPackages/ENAE450/ENAE450_ws/src/ENAE450-Group-Project/final_project/install/hw5/lib/python3.10/site-packages/hw5/__pycache__/wallrider_v1.cpython-310.pyc
/home/ros/rosPackages/ENAE450/ENAE450_ws/src/ENAE450-Group-Project/final_project/install/hw5/lib/python3.10/site-packages/hw5/__pycache__/aruco_detect.cpython-310.pyc
/home/ros/rosPackages/ENAE450/ENAE450_ws/src/ENAE450-Group-Project/final_project/install/hw5/lib/python3.10/site-packages/hw5/__pycache__/wallrider_v2.cpython-310.pyc
/home/ros/rosPackages/ENAE450/ENAE450_ws/src/ENAE450-Group-Project/final_project/install/hw5/lib/python3.10/site-packages/hw5/__pycache__/__init__.cpython-310.pyc
/home/ros/rosPackages/ENAE450/ENAE450_ws/src/ENAE450-Group-Project/final_project/install/hw5/share/ament_index/resource_index/packages/hw5
/home/ros/rosPackages/ENAE450/ENAE450_ws/src/ENAE450-Group-Project/final_project/install/hw5/share/hw5/package.xml
/home/ros/rosPackages/ENAE450/ENAE450_ws/src/ENAE450-Group-Project/final_project/install/hw5/share/hw5/launch/tb3_4walls_inside.launch.py
/home/ros/rosPackages/ENAE450/ENAE450_ws/src/ENAE450-Group-Project/final_project/install/hw5/share/hw5/launch/p2.launch.py
/home/ros/rosPackages/ENAE450/ENAE450_ws/src/ENAE450-Group-Project/final_project/install/hw5/share/hw5/launch/p3.launch.py
/home/ros/rosPackages/ENAE450/ENAE450_ws/src/ENAE450-Group-Project/final_project/install/hw5/share/hw5/launch/tb3_4walls_outside.launch.py
/home/ros/rosPackages/ENAE450/ENAE450_ws/src/ENAE450-Group-Project/final_project/install/hw5/share/hw5/worlds/tb3_4walls.world
/home/ros/rosPackages/ENAE450/ENAE450_ws/src/ENAE450-Group-Project/final_project/install/hw5/share/hw5/models/tb3_4walls/model.config
/home/ros/rosPackages/ENAE450/ENAE450_ws/src/ENAE450-Group-Project/final_project/install/hw5/share/hw5/models/tb3_4walls/four_walls.sdf
/home/ros/rosPackages/ENAE450/ENAE450_ws/src/ENAE450-Group-Project/final_project/install/hw5/lib/python3.10/site-packages/hw5-0.0.0-py3.10.egg-info/entry_points.txt
/home/ros/rosPackages/ENAE450/ENAE450_ws/src/ENAE450-Group-Project/final_project/install/hw5/lib/python3.10/site-packages/hw5-0.0.0-py3.10.egg-info/dependency_links.txt
/home/ros/rosPackages/ENAE450/ENAE450_ws/src/ENAE450-Group-Project/final_project/install/hw5/lib/python3.10/site-packages/hw5-0.0.0-py3.10.egg-info/top_level.txt
/home/ros/rosPackages/ENAE450/ENAE450_ws/src/ENAE450-Group-Project/final_project/install/hw5/lib/python3.10/site-packages/hw5-0.0.0-py3.10.egg-info/requires.txt
/home/ros/rosPackages/ENAE450/ENAE450_ws/src/ENAE450-Group-Project/final_project/install/hw5/lib/python3.10/site-packages/hw5-0.0.0-py3.10.egg-info/SOURCES.txt
/home/ros/rosPackages/ENAE450/ENAE450_ws/src/ENAE450-Group-Project/final_project/install/hw5/lib/python3.10/site-packages/hw5-0.0.0-py3.10.egg-info/PKG-INFO
/home/ros/rosPackages/ENAE450/ENAE450_ws/src/ENAE450-Group-Project/final_project/install/hw5/lib/python3.10/site-packages/hw5-0.0.0-py3.10.egg-info/zip-safe
/home/ros/rosPackages/ENAE450/ENAE450_ws/src/ENAE450-Group-Project/final_project/install/hw5/lib/hw5/aruco_detect
/home/ros/rosPackages/ENAE450/ENAE450_ws/src/ENAE450-Group-Project/final_project/install/hw5/lib/hw5/wallrider_v1
/home/ros/rosPackages/ENAE450/ENAE450_ws/src/ENAE450-Group-Project/final_project/install/hw5/lib/hw5/wallrider_v2
