[0.098s] DEBUG:colcon:Command line arguments: ['/usr/bin/colcon', 'build', '--symlink-install']
[0.098s] DEBUG:colcon:Parsed command line arguments: Namespace(log_base=None, log_level=None, verb_name='build', build_base='build', install_base='install', merge_install=False, symlink_install=True, test_result_base=None, continue_on_error=False, executor='parallel', parallel_workers=4, event_handlers=None, ignore_user_meta=False, metas=['./colcon.meta'], base_paths=['.'], packages_ignore=None, packages_ignore_regex=None, paths=None, packages_up_to=None, packages_up_to_regex=None, packages_above=None, packages_above_and_dependencies=None, packages_above_depth=None, packages_select_by_dep=None, packages_skip_by_dep=None, packages_skip_up_to=None, packages_select_build_failed=False, packages_skip_build_finished=False, packages_select_test_failures=False, packages_skip_test_passed=False, packages_select=None, packages_skip=None, packages_select_regex=None, packages_skip_regex=None, packages_start=None, packages_end=None, cmake_args=None, cmake_target=None, cmake_target_skip_unavailable=False, cmake_clean_cache=False, cmake_clean_first=False, cmake_force_configure=False, ament_cmake_args=None, catkin_cmake_args=None, catkin_skip_building_tests=False, mixin_files=None, mixin=None, verb_parser=<colcon_mixin.mixin.mixin_argument.MixinArgumentDecorator object at 0x7fe10d88e1d0>, verb_extension=<colcon_core.verb.build.BuildVerb object at 0x7fe10d88d810>, main=<bound method BuildVerb.main of <colcon_core.verb.build.BuildVerb object at 0x7fe10d88d810>>, mixin_verb=('build',))
[0.328s] Level 1:colcon.colcon_core.package_discovery:discover_packages(colcon_meta) check parameters
[0.328s] Level 1:colcon.colcon_core.package_discovery:discover_packages(recursive) check parameters
[0.328s] Level 1:colcon.colcon_core.package_discovery:discover_packages(ignore) check parameters
[0.328s] Level 1:colcon.colcon_core.package_discovery:discover_packages(path) check parameters
[0.328s] Level 1:colcon.colcon_core.package_discovery:discover_packages(colcon_meta) discover
[0.328s] Level 1:colcon.colcon_core.package_discovery:discover_packages(recursive) discover
[0.328s] INFO:colcon.colcon_core.package_discovery:Crawling recursively for packages in '/home/jstone14/ENAE450_ws/src/interface_package'
[0.328s] Level 1:colcon.colcon_core.package_identification:_identify(.) by extensions ['ignore', 'ignore_ament_install']
[0.328s] Level 1:colcon.colcon_core.package_identification:_identify(.) by extension 'ignore'
[0.328s] Level 1:colcon.colcon_core.package_identification:_identify(.) by extension 'ignore_ament_install'
[0.328s] Level 1:colcon.colcon_core.package_identification:_identify(.) by extensions ['colcon_pkg']
[0.328s] Level 1:colcon.colcon_core.package_identification:_identify(.) by extension 'colcon_pkg'
[0.328s] Level 1:colcon.colcon_core.package_identification:_identify(.) by extensions ['colcon_meta']
[0.328s] Level 1:colcon.colcon_core.package_identification:_identify(.) by extension 'colcon_meta'
[0.329s] Level 1:colcon.colcon_core.package_identification:_identify(.) by extensions ['ros']
[0.329s] Level 1:colcon.colcon_core.package_identification:_identify(.) by extension 'ros'
[0.350s] DEBUG:colcon.colcon_core.package_identification:Package '.' with type 'ros.ament_cmake' and name 'interface_package'
[0.350s] Level 1:colcon.colcon_core.package_discovery:discover_packages(recursive) using defaults
[0.350s] Level 1:colcon.colcon_core.package_discovery:discover_packages(ignore) discover
[0.350s] Level 1:colcon.colcon_core.package_discovery:discover_packages(ignore) using defaults
[0.350s] Level 1:colcon.colcon_core.package_discovery:discover_packages(path) discover
[0.350s] Level 1:colcon.colcon_core.package_discovery:discover_packages(path) using defaults
[0.366s] Level 5:colcon.colcon_core.verb:set package 'interface_package' build argument 'cmake_args' from command line to 'None'
[0.366s] Level 5:colcon.colcon_core.verb:set package 'interface_package' build argument 'cmake_target' from command line to 'None'
[0.366s] Level 5:colcon.colcon_core.verb:set package 'interface_package' build argument 'cmake_target_skip_unavailable' from command line to 'False'
[0.367s] Level 5:colcon.colcon_core.verb:set package 'interface_package' build argument 'cmake_clean_cache' from command line to 'False'
[0.367s] Level 5:colcon.colcon_core.verb:set package 'interface_package' build argument 'cmake_clean_first' from command line to 'False'
[0.367s] Level 5:colcon.colcon_core.verb:set package 'interface_package' build argument 'cmake_force_configure' from command line to 'False'
[0.367s] Level 5:colcon.colcon_core.verb:set package 'interface_package' build argument 'ament_cmake_args' from command line to 'None'
[0.367s] Level 5:colcon.colcon_core.verb:set package 'interface_package' build argument 'catkin_cmake_args' from command line to 'None'
[0.367s] Level 5:colcon.colcon_core.verb:set package 'interface_package' build argument 'catkin_skip_building_tests' from command line to 'False'
[0.367s] DEBUG:colcon.colcon_core.verb:Building package 'interface_package' with the following arguments: {'ament_cmake_args': None, 'build_base': '/home/jstone14/ENAE450_ws/src/interface_package/build/interface_package', 'catkin_cmake_args': None, 'catkin_skip_building_tests': False, 'cmake_args': None, 'cmake_clean_cache': False, 'cmake_clean_first': False, 'cmake_force_configure': False, 'cmake_target': None, 'cmake_target_skip_unavailable': False, 'install_base': '/home/jstone14/ENAE450_ws/src/interface_package/install/interface_package', 'merge_install': False, 'path': '/home/jstone14/ENAE450_ws/src/interface_package', 'symlink_install': True, 'test_result_base': None}
[0.367s] INFO:colcon.colcon_core.executor:Executing jobs using 'parallel' executor
[0.368s] DEBUG:colcon.colcon_parallel_executor.executor.parallel:run_until_complete
[0.368s] INFO:colcon.colcon_ros.task.ament_cmake.build:Building ROS package in '/home/jstone14/ENAE450_ws/src/interface_package' with build type 'ament_cmake'
[0.368s] INFO:colcon.colcon_cmake.task.cmake.build:Building CMake package in '/home/jstone14/ENAE450_ws/src/interface_package'
[0.371s] INFO:colcon.colcon_core.plugin_system:Skipping extension 'colcon_core.shell.bat': Not used on non-Windows systems
[0.371s] INFO:colcon.colcon_core.shell:Skip shell extension 'powershell' for command environment: Not usable outside of PowerShell
[0.371s] DEBUG:colcon.colcon_core.shell:Skip shell extension 'dsv' for command environment
[0.385s] DEBUG:colcon.colcon_core.event_handler.log_command:Invoking command in '/home/jstone14/ENAE450_ws/src/interface_package/build/interface_package': CMAKE_PREFIX_PATH=${CMAKE_PREFIX_PATH}:/home/jstone14/tb3_ws/install/turtlebot3_teleop:/home/jstone14/tb3_ws/install/turtlebot3_example:/opt/ros/humble /usr/bin/cmake /home/jstone14/ENAE450_ws/src/interface_package -DAMENT_CMAKE_SYMLINK_INSTALL=1 -DCMAKE_INSTALL_PREFIX=/home/jstone14/ENAE450_ws/src/interface_package/install/interface_package
[1.758s] DEBUG:colcon.colcon_core.event_handler.log_command:Invoked command in '/home/jstone14/ENAE450_ws/src/interface_package/build/interface_package' returned '0': CMAKE_PREFIX_PATH=${CMAKE_PREFIX_PATH}:/home/jstone14/tb3_ws/install/turtlebot3_teleop:/home/jstone14/tb3_ws/install/turtlebot3_example:/opt/ros/humble /usr/bin/cmake /home/jstone14/ENAE450_ws/src/interface_package -DAMENT_CMAKE_SYMLINK_INSTALL=1 -DCMAKE_INSTALL_PREFIX=/home/jstone14/ENAE450_ws/src/interface_package/install/interface_package
[1.760s] DEBUG:colcon.colcon_core.event_handler.log_command:Invoking command in '/home/jstone14/ENAE450_ws/src/interface_package/build/interface_package': CMAKE_PREFIX_PATH=${CMAKE_PREFIX_PATH}:/home/jstone14/tb3_ws/install/turtlebot3_teleop:/home/jstone14/tb3_ws/install/turtlebot3_example:/opt/ros/humble /usr/bin/cmake --build /home/jstone14/ENAE450_ws/src/interface_package/build/interface_package -- -j4 -l4
[2.195s] DEBUG:colcon.colcon_core.event_handler.log_command:Invoked command in '/home/jstone14/ENAE450_ws/src/interface_package/build/interface_package' returned '0': CMAKE_PREFIX_PATH=${CMAKE_PREFIX_PATH}:/home/jstone14/tb3_ws/install/turtlebot3_teleop:/home/jstone14/tb3_ws/install/turtlebot3_example:/opt/ros/humble /usr/bin/cmake --build /home/jstone14/ENAE450_ws/src/interface_package/build/interface_package -- -j4 -l4
[2.265s] DEBUG:colcon.colcon_core.event_handler.log_command:Invoking command in '/home/jstone14/ENAE450_ws/src/interface_package/build/interface_package': CMAKE_PREFIX_PATH=${CMAKE_PREFIX_PATH}:/home/jstone14/tb3_ws/install/turtlebot3_teleop:/home/jstone14/tb3_ws/install/turtlebot3_example:/opt/ros/humble /usr/bin/cmake --install /home/jstone14/ENAE450_ws/src/interface_package/build/interface_package
[2.342s] Level 1:colcon.colcon_core.environment:create_environment_scripts_only(interface_package)
[2.344s] DEBUG:colcon.colcon_core.event_handler.log_command:Invoked command in '/home/jstone14/ENAE450_ws/src/interface_package/build/interface_package' returned '0': CMAKE_PREFIX_PATH=${CMAKE_PREFIX_PATH}:/home/jstone14/tb3_ws/install/turtlebot3_teleop:/home/jstone14/tb3_ws/install/turtlebot3_example:/opt/ros/humble /usr/bin/cmake --install /home/jstone14/ENAE450_ws/src/interface_package/build/interface_package
[2.346s] Level 1:colcon.colcon_core.environment:checking '/home/jstone14/ENAE450_ws/src/interface_package/install/interface_package' for CMake module files
[2.347s] Level 1:colcon.colcon_core.environment:checking '/home/jstone14/ENAE450_ws/src/interface_package/install/interface_package' for CMake config files
[2.347s] Level 1:colcon.colcon_core.shell:create_environment_hook('interface_package', 'cmake_prefix_path')
[2.348s] INFO:colcon.colcon_core.shell:Creating environment hook '/home/jstone14/ENAE450_ws/src/interface_package/install/interface_package/share/interface_package/hook/cmake_prefix_path.ps1'
[2.349s] INFO:colcon.colcon_core.shell:Creating environment descriptor '/home/jstone14/ENAE450_ws/src/interface_package/install/interface_package/share/interface_package/hook/cmake_prefix_path.dsv'
[2.350s] INFO:colcon.colcon_core.shell:Creating environment hook '/home/jstone14/ENAE450_ws/src/interface_package/install/interface_package/share/interface_package/hook/cmake_prefix_path.sh'
[2.351s] Level 1:colcon.colcon_core.environment:checking '/home/jstone14/ENAE450_ws/src/interface_package/install/interface_package/lib'
[2.351s] Level 1:colcon.colcon_core.shell:create_environment_hook('interface_package', 'ld_library_path_lib')
[2.352s] INFO:colcon.colcon_core.shell:Creating environment hook '/home/jstone14/ENAE450_ws/src/interface_package/install/interface_package/share/interface_package/hook/ld_library_path_lib.ps1'
[2.352s] INFO:colcon.colcon_core.shell:Creating environment descriptor '/home/jstone14/ENAE450_ws/src/interface_package/install/interface_package/share/interface_package/hook/ld_library_path_lib.dsv'
[2.352s] INFO:colcon.colcon_core.shell:Creating environment hook '/home/jstone14/ENAE450_ws/src/interface_package/install/interface_package/share/interface_package/hook/ld_library_path_lib.sh'
[2.353s] Level 1:colcon.colcon_core.environment:checking '/home/jstone14/ENAE450_ws/src/interface_package/install/interface_package/bin'
[2.353s] Level 1:colcon.colcon_core.environment:checking '/home/jstone14/ENAE450_ws/src/interface_package/install/interface_package/lib/pkgconfig/interface_package.pc'
[2.354s] Level 1:colcon.colcon_core.environment:checking '/home/jstone14/ENAE450_ws/src/interface_package/install/interface_package/lib/python3.10/site-packages'
[2.355s] Level 1:colcon.colcon_core.environment:checking '/home/jstone14/ENAE450_ws/src/interface_package/install/interface_package/bin'
[2.355s] INFO:colcon.colcon_core.shell:Creating package script '/home/jstone14/ENAE450_ws/src/interface_package/install/interface_package/share/interface_package/package.ps1'
[2.356s] INFO:colcon.colcon_core.shell:Creating package descriptor '/home/jstone14/ENAE450_ws/src/interface_package/install/interface_package/share/interface_package/package.dsv'
[2.356s] INFO:colcon.colcon_core.shell:Creating package script '/home/jstone14/ENAE450_ws/src/interface_package/install/interface_package/share/interface_package/package.sh'
[2.357s] INFO:colcon.colcon_core.shell:Creating package script '/home/jstone14/ENAE450_ws/src/interface_package/install/interface_package/share/interface_package/package.bash'
[2.358s] INFO:colcon.colcon_core.shell:Creating package script '/home/jstone14/ENAE450_ws/src/interface_package/install/interface_package/share/interface_package/package.zsh'
[2.358s] Level 1:colcon.colcon_core.environment:create_file_with_runtime_dependencies(/home/jstone14/ENAE450_ws/src/interface_package/install/interface_package/share/colcon-core/packages/interface_package)
[2.422s] Level 1:colcon.colcon_core.environment:create_environment_scripts_only(interface_package)
[2.422s] Level 1:colcon.colcon_core.environment:checking '/home/jstone14/ENAE450_ws/src/interface_package/install/interface_package' for CMake module files
[2.422s] Level 1:colcon.colcon_core.environment:checking '/home/jstone14/ENAE450_ws/src/interface_package/install/interface_package' for CMake config files
[2.423s] Level 1:colcon.colcon_core.shell:create_environment_hook('interface_package', 'cmake_prefix_path')
[2.423s] INFO:colcon.colcon_core.shell:Creating environment hook '/home/jstone14/ENAE450_ws/src/interface_package/install/interface_package/share/interface_package/hook/cmake_prefix_path.ps1'
[2.423s] INFO:colcon.colcon_core.shell:Creating environment descriptor '/home/jstone14/ENAE450_ws/src/interface_package/install/interface_package/share/interface_package/hook/cmake_prefix_path.dsv'
[2.424s] INFO:colcon.colcon_core.shell:Creating environment hook '/home/jstone14/ENAE450_ws/src/interface_package/install/interface_package/share/interface_package/hook/cmake_prefix_path.sh'
[2.425s] Level 1:colcon.colcon_core.environment:checking '/home/jstone14/ENAE450_ws/src/interface_package/install/interface_package/lib'
[2.425s] Level 1:colcon.colcon_core.shell:create_environment_hook('interface_package', 'ld_library_path_lib')
[2.425s] INFO:colcon.colcon_core.shell:Creating environment hook '/home/jstone14/ENAE450_ws/src/interface_package/install/interface_package/share/interface_package/hook/ld_library_path_lib.ps1'
[2.426s] INFO:colcon.colcon_core.shell:Creating environment descriptor '/home/jstone14/ENAE450_ws/src/interface_package/install/interface_package/share/interface_package/hook/ld_library_path_lib.dsv'
[2.426s] INFO:colcon.colcon_core.shell:Creating environment hook '/home/jstone14/ENAE450_ws/src/interface_package/install/interface_package/share/interface_package/hook/ld_library_path_lib.sh'
[2.427s] Level 1:colcon.colcon_core.environment:checking '/home/jstone14/ENAE450_ws/src/interface_package/install/interface_package/bin'
[2.427s] Level 1:colcon.colcon_core.environment:checking '/home/jstone14/ENAE450_ws/src/interface_package/install/interface_package/lib/pkgconfig/interface_package.pc'
[2.427s] Level 1:colcon.colcon_core.environment:checking '/home/jstone14/ENAE450_ws/src/interface_package/install/interface_package/lib/python3.10/site-packages'
[2.427s] Level 1:colcon.colcon_core.environment:checking '/home/jstone14/ENAE450_ws/src/interface_package/install/interface_package/bin'
[2.427s] INFO:colcon.colcon_core.shell:Creating package script '/home/jstone14/ENAE450_ws/src/interface_package/install/interface_package/share/interface_package/package.ps1'
[2.428s] INFO:colcon.colcon_core.shell:Creating package descriptor '/home/jstone14/ENAE450_ws/src/interface_package/install/interface_package/share/interface_package/package.dsv'
[2.429s] INFO:colcon.colcon_core.shell:Creating package script '/home/jstone14/ENAE450_ws/src/interface_package/install/interface_package/share/interface_package/package.sh'
[2.429s] INFO:colcon.colcon_core.shell:Creating package script '/home/jstone14/ENAE450_ws/src/interface_package/install/interface_package/share/interface_package/package.bash'
[2.429s] INFO:colcon.colcon_core.shell:Creating package script '/home/jstone14/ENAE450_ws/src/interface_package/install/interface_package/share/interface_package/package.zsh'
[2.430s] Level 1:colcon.colcon_core.environment:create_file_with_runtime_dependencies(/home/jstone14/ENAE450_ws/src/interface_package/install/interface_package/share/colcon-core/packages/interface_package)
[2.430s] DEBUG:colcon.colcon_parallel_executor.executor.parallel:closing loop
[2.431s] DEBUG:colcon.colcon_parallel_executor.executor.parallel:loop closed
[2.431s] DEBUG:colcon.colcon_parallel_executor.executor.parallel:run_until_complete finished with '0'
[2.432s] DEBUG:colcon.colcon_core.event_reactor:joining thread
[2.437s] INFO:colcon.colcon_core.plugin_system:Skipping extension 'colcon_notification.desktop_notification.notify_send': Could not find 'notify-send'
[2.438s] INFO:colcon.colcon_core.plugin_system:Skipping extension 'colcon_notification.desktop_notification.terminal_notifier': Not used on non-Darwin systems
[2.438s] INFO:colcon.colcon_core.plugin_system:Skipping extension 'colcon_notification.desktop_notification.win32': Not used on non-Windows systems
[2.438s] INFO:colcon.colcon_notification.desktop_notification:Sending desktop notification using 'notify2'
[2.442s] DEBUG:colcon.colcon_notification.desktop_notification.notify2:Failed to initialize notify2: org.freedesktop.DBus.Error.Spawn.ExecFailed: /usr/bin/dbus-launch terminated abnormally without any error message
[2.443s] DEBUG:colcon.colcon_core.event_reactor:joined thread
[2.443s] INFO:colcon.colcon_core.shell:Creating prefix script '/home/jstone14/ENAE450_ws/src/interface_package/install/local_setup.ps1'
[2.445s] INFO:colcon.colcon_core.shell:Creating prefix util module '/home/jstone14/ENAE450_ws/src/interface_package/install/_local_setup_util_ps1.py'
[2.446s] INFO:colcon.colcon_core.shell:Creating prefix chain script '/home/jstone14/ENAE450_ws/src/interface_package/install/setup.ps1'
[2.449s] INFO:colcon.colcon_core.shell:Creating prefix script '/home/jstone14/ENAE450_ws/src/interface_package/install/local_setup.sh'
[2.450s] INFO:colcon.colcon_core.shell:Creating prefix util module '/home/jstone14/ENAE450_ws/src/interface_package/install/_local_setup_util_sh.py'
[2.451s] INFO:colcon.colcon_core.shell:Creating prefix chain script '/home/jstone14/ENAE450_ws/src/interface_package/install/setup.sh'
[2.454s] INFO:colcon.colcon_core.shell:Creating prefix script '/home/jstone14/ENAE450_ws/src/interface_package/install/local_setup.bash'
[2.454s] INFO:colcon.colcon_core.shell:Creating prefix chain script '/home/jstone14/ENAE450_ws/src/interface_package/install/setup.bash'
[2.456s] INFO:colcon.colcon_core.shell:Creating prefix script '/home/jstone14/ENAE450_ws/src/interface_package/install/local_setup.zsh'
[2.456s] INFO:colcon.colcon_core.shell:Creating prefix chain script '/home/jstone14/ENAE450_ws/src/interface_package/install/setup.zsh'
