[0.294s] Invoking command in '/home/jstone14/ENAE450_ws/src/build/interface_package': CMAKE_PREFIX_PATH=${CMAKE_PREFIX_PATH}:/home/jstone14/tb3_ws/install/turtlebot3_teleop:/home/jstone14/tb3_ws/install/turtlebot3_example:/opt/ros/humble /usr/bin/cmake --build /home/jstone14/ENAE450_ws/src/build/interface_package -- -j4 -l4
[0.343s] [35m[1mConsolidate compiler generated dependencies of target interface_package__rosidl_generator_c[0m
[0.357s] [  6%] Built target interface_package__cpp
[0.359s] [ 12%] Built target interface_package__rosidl_generator_c
[0.362s] [ 12%] Built target ament_cmake_python_symlink_interface_package
[0.370s] [35m[1mConsolidate compiler generated dependencies of target interface_package__rosidl_typesupport_cpp[0m
[0.373s] [35m[1mConsolidate compiler generated dependencies of target interface_package__rosidl_typesupport_fastrtps_cpp[0m
[0.378s] [35m[1mConsolidate compiler generated dependencies of target interface_package__rosidl_typesupport_fastrtps_c[0m
[0.385s] [35m[1mConsolidate compiler generated dependencies of target interface_package__rosidl_typesupport_introspection_cpp[0m
[0.386s] [ 22%] Built target interface_package__rosidl_typesupport_cpp
[0.397s] [ 32%] Built target interface_package__rosidl_typesupport_fastrtps_c
[0.398s] [ 41%] Built target interface_package__rosidl_typesupport_fastrtps_cpp
[0.399s] [35m[1mConsolidate compiler generated dependencies of target interface_package__rosidl_typesupport_introspection_c[0m
[0.412s] [ 51%] Built target interface_package__rosidl_typesupport_introspection_cpp
[0.416s] [ 61%] Built target interface_package__rosidl_typesupport_introspection_c
[0.419s] [35m[1mConsolidate compiler generated dependencies of target interface_package__rosidl_typesupport_c[0m
[0.435s] [ 70%] Built target interface_package__rosidl_typesupport_c
[0.460s] [ 70%] Built target interface_package
[0.485s] [ 74%] Built target interface_package__py
[0.498s] [35m[1mConsolidate compiler generated dependencies of target interface_package__rosidl_generator_py[0m
[0.519s] [ 80%] Built target interface_package__rosidl_generator_py
[0.530s] [35m[1mConsolidate compiler generated dependencies of target interface_package__rosidl_typesupport_fastrtps_c__pyext[0m
[0.550s] [35m[1mConsolidate compiler generated dependencies of target interface_package__rosidl_typesupport_introspection_c__pyext[0m
[0.554s] [35m[1mConsolidate compiler generated dependencies of target interface_package__rosidl_typesupport_c__pyext[0m
[0.568s] [ 87%] Built target interface_package__rosidl_typesupport_fastrtps_c__pyext
[0.574s] [ 93%] Built target interface_package__rosidl_typesupport_introspection_c__pyext
[0.581s] [100%] Built target interface_package__rosidl_typesupport_c__pyext
[0.708s] running egg_info
[0.709s] writing interface_package.egg-info/PKG-INFO
[0.709s] writing dependency_links to interface_package.egg-info/dependency_links.txt
[0.710s] writing top-level names to interface_package.egg-info/top_level.txt
[0.712s] reading manifest file 'interface_package.egg-info/SOURCES.txt'
[0.712s] writing manifest file 'interface_package.egg-info/SOURCES.txt'
[0.752s] [100%] Built target ament_cmake_python_build_interface_package_egg
[0.764s] Invoked command in '/home/jstone14/ENAE450_ws/src/build/interface_package' returned '0': CMAKE_PREFIX_PATH=${CMAKE_PREFIX_PATH}:/home/jstone14/tb3_ws/install/turtlebot3_teleop:/home/jstone14/tb3_ws/install/turtlebot3_example:/opt/ros/humble /usr/bin/cmake --build /home/jstone14/ENAE450_ws/src/build/interface_package -- -j4 -l4
[0.835s] Invoking command in '/home/jstone14/ENAE450_ws/src/build/interface_package': CMAKE_PREFIX_PATH=${CMAKE_PREFIX_PATH}:/home/jstone14/tb3_ws/install/turtlebot3_teleop:/home/jstone14/tb3_ws/install/turtlebot3_example:/opt/ros/humble /usr/bin/cmake --install /home/jstone14/ENAE450_ws/src/build/interface_package
[0.844s] -- Install configuration: ""
[0.844s] -- Execute custom install script
[0.844s] -- Up-to-date symlink: /home/jstone14/ENAE450_ws/src/install/interface_package/share/ament_index/resource_index/rosidl_interfaces/interface_package
[0.845s] -- Up-to-date symlink: /home/jstone14/ENAE450_ws/src/install/interface_package/include/interface_package/interface_package/msg/rosidl_generator_c__visibility_control.h
[0.846s] -- Up-to-date symlink: /home/jstone14/ENAE450_ws/src/install/interface_package/include/interface_package/interface_package/srv/aruco_detect_srv.h
[0.846s] -- Up-to-date symlink: /home/jstone14/ENAE450_ws/src/install/interface_package/include/interface_package/interface_package/srv/detail/aruco_detect_srv__functions.h
[0.846s] -- Up-to-date symlink: /home/jstone14/ENAE450_ws/src/install/interface_package/include/interface_package/interface_package/srv/detail/aruco_detect_srv__struct.h
[0.846s] -- Up-to-date symlink: /home/jstone14/ENAE450_ws/src/install/interface_package/include/interface_package/interface_package/srv/detail/aruco_detect_srv__type_support.h
[0.846s] -- Up-to-date symlink: /home/jstone14/ENAE450_ws/src/install/interface_package/share/interface_package/environment/library_path.sh
[0.846s] -- Up-to-date symlink: /home/jstone14/ENAE450_ws/src/install/interface_package/share/interface_package/environment/library_path.dsv
[0.848s] -- Up-to-date symlink: /home/jstone14/ENAE450_ws/src/install/interface_package/include/interface_package/interface_package/msg/rosidl_typesupport_fastrtps_c__visibility_control.h
[0.848s] -- Up-to-date symlink: /home/jstone14/ENAE450_ws/src/install/interface_package/include/interface_package/interface_package/srv/detail/aruco_detect_srv__rosidl_typesupport_fastrtps_c.h
[0.848s] -- Up-to-date symlink: /home/jstone14/ENAE450_ws/src/install/interface_package/include/interface_package/interface_package/srv/aruco_detect_srv.hpp
[0.848s] -- Up-to-date symlink: /home/jstone14/ENAE450_ws/src/install/interface_package/include/interface_package/interface_package/srv/detail/aruco_detect_srv__builder.hpp
[0.848s] -- Up-to-date symlink: /home/jstone14/ENAE450_ws/src/install/interface_package/include/interface_package/interface_package/srv/detail/aruco_detect_srv__struct.hpp
[0.848s] -- Up-to-date symlink: /home/jstone14/ENAE450_ws/src/install/interface_package/include/interface_package/interface_package/srv/detail/aruco_detect_srv__traits.hpp
[0.848s] -- Up-to-date symlink: /home/jstone14/ENAE450_ws/src/install/interface_package/include/interface_package/interface_package/msg/rosidl_typesupport_fastrtps_cpp__visibility_control.h
[0.848s] -- Up-to-date symlink: /home/jstone14/ENAE450_ws/src/install/interface_package/include/interface_package/interface_package/srv/detail/aruco_detect_srv__rosidl_typesupport_fastrtps_cpp.hpp
[0.848s] -- Up-to-date symlink: /home/jstone14/ENAE450_ws/src/install/interface_package/include/interface_package/interface_package/msg/rosidl_typesupport_introspection_c__visibility_control.h
[0.848s] -- Up-to-date symlink: /home/jstone14/ENAE450_ws/src/install/interface_package/include/interface_package/interface_package/srv/detail/aruco_detect_srv__rosidl_typesupport_introspection_c.h
[0.849s] -- Up-to-date symlink: /home/jstone14/ENAE450_ws/src/install/interface_package/include/interface_package/interface_package/srv/detail/aruco_detect_srv__rosidl_typesupport_introspection_cpp.hpp
[0.849s] -- Up-to-date symlink: /home/jstone14/ENAE450_ws/src/install/interface_package/share/interface_package/environment/pythonpath.sh
[0.849s] -- Up-to-date symlink: /home/jstone14/ENAE450_ws/src/install/interface_package/share/interface_package/environment/pythonpath.dsv
[0.853s] -- Up-to-date symlink: /home/jstone14/ENAE450_ws/src/install/interface_package/local/lib/python3.10/dist-packages/interface_package-0.0.0-py3.10.egg-info/PKG-INFO
[0.853s] -- Up-to-date symlink: /home/jstone14/ENAE450_ws/src/install/interface_package/local/lib/python3.10/dist-packages/interface_package-0.0.0-py3.10.egg-info/SOURCES.txt
[0.853s] -- Up-to-date symlink: /home/jstone14/ENAE450_ws/src/install/interface_package/local/lib/python3.10/dist-packages/interface_package-0.0.0-py3.10.egg-info/dependency_links.txt
[0.853s] -- Up-to-date symlink: /home/jstone14/ENAE450_ws/src/install/interface_package/local/lib/python3.10/dist-packages/interface_package-0.0.0-py3.10.egg-info/top_level.txt
[0.853s] -- Up-to-date symlink: /home/jstone14/ENAE450_ws/src/install/interface_package/local/lib/python3.10/dist-packages/interface_package/__init__.py
[0.853s] -- Up-to-date symlink: /home/jstone14/ENAE450_ws/src/install/interface_package/local/lib/python3.10/dist-packages/interface_package/_interface_package_s.ep.rosidl_typesupport_c.c
[0.853s] -- Up-to-date symlink: /home/jstone14/ENAE450_ws/src/install/interface_package/local/lib/python3.10/dist-packages/interface_package/_interface_package_s.ep.rosidl_typesupport_fastrtps_c.c
[0.853s] -- Up-to-date symlink: /home/jstone14/ENAE450_ws/src/install/interface_package/local/lib/python3.10/dist-packages/interface_package/_interface_package_s.ep.rosidl_typesupport_introspection_c.c
[0.853s] -- Up-to-date symlink: /home/jstone14/ENAE450_ws/src/install/interface_package/local/lib/python3.10/dist-packages/interface_package/interface_package_s__rosidl_typesupport_c.cpython-310-x86_64-linux-gnu.so
[0.853s] -- Up-to-date symlink: /home/jstone14/ENAE450_ws/src/install/interface_package/local/lib/python3.10/dist-packages/interface_package/interface_package_s__rosidl_typesupport_fastrtps_c.cpython-310-x86_64-linux-gnu.so
[0.853s] -- Up-to-date symlink: /home/jstone14/ENAE450_ws/src/install/interface_package/local/lib/python3.10/dist-packages/interface_package/interface_package_s__rosidl_typesupport_introspection_c.cpython-310-x86_64-linux-gnu.so
[0.854s] -- Up-to-date symlink: /home/jstone14/ENAE450_ws/src/install/interface_package/local/lib/python3.10/dist-packages/interface_package/libinterface_package__rosidl_generator_py.so
[0.854s] -- Up-to-date symlink: /home/jstone14/ENAE450_ws/src/install/interface_package/local/lib/python3.10/dist-packages/interface_package/srv/__init__.py
[0.854s] -- Up-to-date symlink: /home/jstone14/ENAE450_ws/src/install/interface_package/local/lib/python3.10/dist-packages/interface_package/srv/_aruco_detect_srv.py
[0.854s] -- Up-to-date symlink: /home/jstone14/ENAE450_ws/src/install/interface_package/local/lib/python3.10/dist-packages/interface_package/srv/_aruco_detect_srv_s.c
[0.854s] -- Up-to-date symlink: /home/jstone14/ENAE450_ws/src/install/interface_package/local/lib/python3.10/dist-packages/interface_package/interface_package_s__rosidl_typesupport_fastrtps_c.cpython-310-x86_64-linux-gnu.so
[0.854s] -- Up-to-date symlink: /home/jstone14/ENAE450_ws/src/install/interface_package/local/lib/python3.10/dist-packages/interface_package/interface_package_s__rosidl_typesupport_introspection_c.cpython-310-x86_64-linux-gnu.so
[0.854s] -- Up-to-date symlink: /home/jstone14/ENAE450_ws/src/install/interface_package/local/lib/python3.10/dist-packages/interface_package/interface_package_s__rosidl_typesupport_c.cpython-310-x86_64-linux-gnu.so
[0.854s] -- Up-to-date symlink: /home/jstone14/ENAE450_ws/src/install/interface_package/share/interface_package/srv/ArucoDetectSrv.idl
[0.854s] -- Up-to-date symlink: /home/jstone14/ENAE450_ws/src/install/interface_package/share/interface_package/srv/ArucoDetectSrv.srv
[0.854s] -- Up-to-date symlink: /home/jstone14/ENAE450_ws/src/install/interface_package/share/interface_package/srv/ArucoDetectSrv_Request.msg
[0.854s] -- Up-to-date symlink: /home/jstone14/ENAE450_ws/src/install/interface_package/share/interface_package/srv/ArucoDetectSrv_Response.msg
[0.854s] -- Up-to-date symlink: /home/jstone14/ENAE450_ws/src/install/interface_package/share/ament_index/resource_index/package_run_dependencies/interface_package
[0.854s] -- Up-to-date symlink: /home/jstone14/ENAE450_ws/src/install/interface_package/share/ament_index/resource_index/parent_prefix_path/interface_package
[0.854s] -- Up-to-date symlink: /home/jstone14/ENAE450_ws/src/install/interface_package/share/interface_package/environment/ament_prefix_path.sh
[0.854s] -- Up-to-date symlink: /home/jstone14/ENAE450_ws/src/install/interface_package/share/interface_package/environment/ament_prefix_path.dsv
[0.854s] -- Up-to-date symlink: /home/jstone14/ENAE450_ws/src/install/interface_package/share/interface_package/environment/path.sh
[0.854s] -- Up-to-date symlink: /home/jstone14/ENAE450_ws/src/install/interface_package/share/interface_package/environment/path.dsv
[0.854s] -- Up-to-date symlink: /home/jstone14/ENAE450_ws/src/install/interface_package/share/interface_package/local_setup.bash
[0.855s] -- Up-to-date symlink: /home/jstone14/ENAE450_ws/src/install/interface_package/share/interface_package/local_setup.sh
[0.861s] -- Up-to-date symlink: /home/jstone14/ENAE450_ws/src/install/interface_package/share/interface_package/local_setup.zsh
[0.862s] -- Up-to-date symlink: /home/jstone14/ENAE450_ws/src/install/interface_package/share/interface_package/local_setup.dsv
[0.862s] -- Symlinking: /home/jstone14/ENAE450_ws/src/install/interface_package/share/interface_package/package.dsv
[0.862s] -- Up-to-date symlink: /home/jstone14/ENAE450_ws/src/install/interface_package/share/ament_index/resource_index/packages/interface_package
[0.862s] -- Up-to-date symlink: /home/jstone14/ENAE450_ws/src/install/interface_package/share/interface_package/cmake/rosidl_cmake-extras.cmake
[0.862s] -- Up-to-date symlink: /home/jstone14/ENAE450_ws/src/install/interface_package/share/interface_package/cmake/ament_cmake_export_include_directories-extras.cmake
[0.862s] -- Up-to-date symlink: /home/jstone14/ENAE450_ws/src/install/interface_package/share/interface_package/cmake/ament_cmake_export_libraries-extras.cmake
[0.862s] -- Up-to-date symlink: /home/jstone14/ENAE450_ws/src/install/interface_package/share/interface_package/cmake/ament_cmake_export_targets-extras.cmake
[0.862s] -- Up-to-date symlink: /home/jstone14/ENAE450_ws/src/install/interface_package/share/interface_package/cmake/rosidl_cmake_export_typesupport_targets-extras.cmake
[0.862s] -- Up-to-date symlink: /home/jstone14/ENAE450_ws/src/install/interface_package/share/interface_package/cmake/ament_cmake_export_dependencies-extras.cmake
[0.862s] -- Up-to-date symlink: /home/jstone14/ENAE450_ws/src/install/interface_package/share/interface_package/cmake/rosidl_cmake_export_typesupport_libraries-extras.cmake
[0.863s] -- Up-to-date symlink: /home/jstone14/ENAE450_ws/src/install/interface_package/share/interface_package/cmake/interface_packageConfig.cmake
[0.863s] -- Up-to-date symlink: /home/jstone14/ENAE450_ws/src/install/interface_package/share/interface_package/cmake/interface_packageConfig-version.cmake
[0.863s] -- Up-to-date symlink: /home/jstone14/ENAE450_ws/src/install/interface_package/share/interface_package/package.xml
[0.863s] -- Up-to-date: /home/jstone14/ENAE450_ws/src/install/interface_package/lib/libinterface_package__rosidl_generator_c.so
[0.864s] -- Up-to-date: /home/jstone14/ENAE450_ws/src/install/interface_package/lib/libinterface_package__rosidl_typesupport_fastrtps_c.so
[0.864s] -- Up-to-date: /home/jstone14/ENAE450_ws/src/install/interface_package/lib/libinterface_package__rosidl_typesupport_fastrtps_cpp.so
[0.864s] -- Up-to-date: /home/jstone14/ENAE450_ws/src/install/interface_package/lib/libinterface_package__rosidl_typesupport_introspection_c.so
[0.864s] -- Up-to-date: /home/jstone14/ENAE450_ws/src/install/interface_package/lib/libinterface_package__rosidl_typesupport_c.so
[0.864s] -- Up-to-date: /home/jstone14/ENAE450_ws/src/install/interface_package/lib/libinterface_package__rosidl_typesupport_introspection_cpp.so
[0.865s] -- Up-to-date: /home/jstone14/ENAE450_ws/src/install/interface_package/lib/libinterface_package__rosidl_typesupport_cpp.so
[0.896s] Listing '/home/jstone14/ENAE450_ws/src/install/interface_package/local/lib/python3.10/dist-packages/interface_package'...
[0.896s] Listing '/home/jstone14/ENAE450_ws/src/install/interface_package/local/lib/python3.10/dist-packages/interface_package/srv'...
[0.901s] -- Up-to-date: /home/jstone14/ENAE450_ws/src/install/interface_package/lib/libinterface_package__rosidl_generator_py.so
[0.901s] -- Up-to-date: /home/jstone14/ENAE450_ws/src/install/interface_package/share/interface_package/cmake/export_interface_package__rosidl_generator_cExport.cmake
[0.902s] -- Up-to-date: /home/jstone14/ENAE450_ws/src/install/interface_package/share/interface_package/cmake/export_interface_package__rosidl_generator_cExport-noconfig.cmake
[0.902s] -- Up-to-date: /home/jstone14/ENAE450_ws/src/install/interface_package/share/interface_package/cmake/export_interface_package__rosidl_typesupport_fastrtps_cExport.cmake
[0.902s] -- Up-to-date: /home/jstone14/ENAE450_ws/src/install/interface_package/share/interface_package/cmake/export_interface_package__rosidl_typesupport_fastrtps_cExport-noconfig.cmake
[0.902s] -- Up-to-date: /home/jstone14/ENAE450_ws/src/install/interface_package/share/interface_package/cmake/export_interface_package__rosidl_generator_cppExport.cmake
[0.902s] -- Up-to-date: /home/jstone14/ENAE450_ws/src/install/interface_package/share/interface_package/cmake/export_interface_package__rosidl_typesupport_fastrtps_cppExport.cmake
[0.902s] -- Up-to-date: /home/jstone14/ENAE450_ws/src/install/interface_package/share/interface_package/cmake/export_interface_package__rosidl_typesupport_fastrtps_cppExport-noconfig.cmake
[0.903s] -- Up-to-date: /home/jstone14/ENAE450_ws/src/install/interface_package/share/interface_package/cmake/interface_package__rosidl_typesupport_introspection_cExport.cmake
[0.903s] -- Up-to-date: /home/jstone14/ENAE450_ws/src/install/interface_package/share/interface_package/cmake/interface_package__rosidl_typesupport_introspection_cExport-noconfig.cmake
[0.903s] -- Up-to-date: /home/jstone14/ENAE450_ws/src/install/interface_package/share/interface_package/cmake/interface_package__rosidl_typesupport_cExport.cmake
[0.903s] -- Up-to-date: /home/jstone14/ENAE450_ws/src/install/interface_package/share/interface_package/cmake/interface_package__rosidl_typesupport_cExport-noconfig.cmake
[0.903s] -- Up-to-date: /home/jstone14/ENAE450_ws/src/install/interface_package/share/interface_package/cmake/interface_package__rosidl_typesupport_introspection_cppExport.cmake
[0.903s] -- Up-to-date: /home/jstone14/ENAE450_ws/src/install/interface_package/share/interface_package/cmake/interface_package__rosidl_typesupport_introspection_cppExport-noconfig.cmake
[0.903s] -- Up-to-date: /home/jstone14/ENAE450_ws/src/install/interface_package/share/interface_package/cmake/interface_package__rosidl_typesupport_cppExport.cmake
[0.903s] -- Up-to-date: /home/jstone14/ENAE450_ws/src/install/interface_package/share/interface_package/cmake/interface_package__rosidl_typesupport_cppExport-noconfig.cmake
[0.903s] -- Up-to-date: /home/jstone14/ENAE450_ws/src/install/interface_package/share/interface_package/cmake/export_interface_package__rosidl_generator_pyExport.cmake
[0.903s] -- Up-to-date: /home/jstone14/ENAE450_ws/src/install/interface_package/share/interface_package/cmake/export_interface_package__rosidl_generator_pyExport-noconfig.cmake
[0.904s] Invoked command in '/home/jstone14/ENAE450_ws/src/build/interface_package' returned '0': CMAKE_PREFIX_PATH=${CMAKE_PREFIX_PATH}:/home/jstone14/tb3_ws/install/turtlebot3_teleop:/home/jstone14/tb3_ws/install/turtlebot3_example:/opt/ros/humble /usr/bin/cmake --install /home/jstone14/ENAE450_ws/src/build/interface_package
