running develop
running egg_info
creating hw5.egg-info
writing hw5.egg-info/PKG-INFO
writing dependency_links to hw5.egg-info/dependency_links.txt
writing entry points to hw5.egg-info/entry_points.txt
writing requirements to hw5.egg-info/requires.txt
writing top-level names to hw5.egg-info/top_level.txt
writing manifest file 'hw5.egg-info/SOURCES.txt'
reading manifest file 'hw5.egg-info/SOURCES.txt'
writing manifest file 'hw5.egg-info/SOURCES.txt'
running build_ext
Creating /home/jstone14/ENAE450_ws/src/install/hw5/lib/python3.10/site-packages/hw5.egg-link (link to .)
Installing wallrider_v1 script to /home/jstone14/ENAE450_ws/src/install/hw5/lib/hw5
Installing wallrider_v2 script to /home/jstone14/ENAE450_ws/src/install/hw5/lib/hw5

Installed /home/jstone14/ENAE450_ws/src/build/hw5
running symlink_data
creating /home/jstone14/ENAE450_ws/src/install/hw5/share/ament_index
creating /home/jstone14/ENAE450_ws/src/install/hw5/share/ament_index/resource_index
creating /home/jstone14/ENAE450_ws/src/install/hw5/share/ament_index/resource_index/packages
symbolically linking /home/jstone14/ENAE450_ws/src/build/hw5/resource/hw5 -> /home/jstone14/ENAE450_ws/src/install/hw5/share/ament_index/resource_index/packages
symbolically linking /home/jstone14/ENAE450_ws/src/build/hw5/package.xml -> /home/jstone14/ENAE450_ws/src/install/hw5/share/hw5
creating /home/jstone14/ENAE450_ws/src/install/hw5/share/hw5/launch
symbolically linking /home/jstone14/ENAE450_ws/src/build/hw5/launch/p2.launch.py -> /home/jstone14/ENAE450_ws/src/install/hw5/share/hw5/launch
symbolically linking /home/jstone14/ENAE450_ws/src/build/hw5/launch/p3.launch.py -> /home/jstone14/ENAE450_ws/src/install/hw5/share/hw5/launch
symbolically linking /home/jstone14/ENAE450_ws/src/build/hw5/launch/tb3_4walls_inside.launch.py -> /home/jstone14/ENAE450_ws/src/install/hw5/share/hw5/launch
symbolically linking /home/jstone14/ENAE450_ws/src/build/hw5/launch/tb3_4walls_outside.launch.py -> /home/jstone14/ENAE450_ws/src/install/hw5/share/hw5/launch
creating /home/jstone14/ENAE450_ws/src/install/hw5/share/hw5/worlds
symbolically linking /home/jstone14/ENAE450_ws/src/build/hw5/worlds/tb3_4walls.world -> /home/jstone14/ENAE450_ws/src/install/hw5/share/hw5/worlds
creating /home/jstone14/ENAE450_ws/src/install/hw5/share/hw5/models
creating /home/jstone14/ENAE450_ws/src/install/hw5/share/hw5/models/tb3_4walls
symbolically linking /home/jstone14/ENAE450_ws/src/build/hw5/models/tb3_4walls/four_walls.sdf -> /home/jstone14/ENAE450_ws/src/install/hw5/share/hw5/models/tb3_4walls
symbolically linking /home/jstone14/ENAE450_ws/src/build/hw5/models/tb3_4walls/model.config -> /home/jstone14/ENAE450_ws/src/install/hw5/share/hw5/models/tb3_4walls
