[0.945s] Invoking command in '/home/jstone14/ENAE450_ws/src/build/hw5': PYTHONPATH=/home/jstone14/ENAE450_ws/src/build/hw5/prefix_override:/home/jstone14/ENAE450_ws/src/install/hw5/lib/python3.10/site-packages:${PYTHONPATH} /usr/bin/python3 -W ignore:setup.py install is deprecated setup.py develop --editable --build-directory /home/jstone14/ENAE450_ws/src/build/hw5/build --no-deps symlink_data
[1.280s] running develop
[1.467s] running egg_info
[1.467s] creating hw5.egg-info
[1.467s] writing hw5.egg-info/PKG-INFO
[1.468s] writing dependency_links to hw5.egg-info/dependency_links.txt
[1.468s] writing entry points to hw5.egg-info/entry_points.txt
[1.468s] writing requirements to hw5.egg-info/requires.txt
[1.468s] writing top-level names to hw5.egg-info/top_level.txt
[1.468s] writing manifest file 'hw5.egg-info/SOURCES.txt'
[1.470s] reading manifest file 'hw5.egg-info/SOURCES.txt'
[1.471s] writing manifest file 'hw5.egg-info/SOURCES.txt'
[1.473s] running build_ext
[1.473s] Creating /home/jstone14/ENAE450_ws/src/install/hw5/lib/python3.10/site-packages/hw5.egg-link (link to .)
[1.474s] Installing wallrider_v1 script to /home/jstone14/ENAE450_ws/src/install/hw5/lib/hw5
[1.474s] Installing wallrider_v2 script to /home/jstone14/ENAE450_ws/src/install/hw5/lib/hw5
[1.475s] 
[1.475s] Installed /home/jstone14/ENAE450_ws/src/build/hw5
[1.475s] running symlink_data
[1.475s] creating /home/jstone14/ENAE450_ws/src/install/hw5/share/ament_index
[1.475s] creating /home/jstone14/ENAE450_ws/src/install/hw5/share/ament_index/resource_index
[1.475s] creating /home/jstone14/ENAE450_ws/src/install/hw5/share/ament_index/resource_index/packages
[1.476s] symbolically linking /home/jstone14/ENAE450_ws/src/build/hw5/resource/hw5 -> /home/jstone14/ENAE450_ws/src/install/hw5/share/ament_index/resource_index/packages
[1.476s] symbolically linking /home/jstone14/ENAE450_ws/src/build/hw5/package.xml -> /home/jstone14/ENAE450_ws/src/install/hw5/share/hw5
[1.476s] creating /home/jstone14/ENAE450_ws/src/install/hw5/share/hw5/launch
[1.476s] symbolically linking /home/jstone14/ENAE450_ws/src/build/hw5/launch/p2.launch.py -> /home/jstone14/ENAE450_ws/src/install/hw5/share/hw5/launch
[1.476s] symbolically linking /home/jstone14/ENAE450_ws/src/build/hw5/launch/p3.launch.py -> /home/jstone14/ENAE450_ws/src/install/hw5/share/hw5/launch
[1.476s] symbolically linking /home/jstone14/ENAE450_ws/src/build/hw5/launch/tb3_4walls_inside.launch.py -> /home/jstone14/ENAE450_ws/src/install/hw5/share/hw5/launch
[1.477s] symbolically linking /home/jstone14/ENAE450_ws/src/build/hw5/launch/tb3_4walls_outside.launch.py -> /home/jstone14/ENAE450_ws/src/install/hw5/share/hw5/launch
[1.477s] creating /home/jstone14/ENAE450_ws/src/install/hw5/share/hw5/worlds
[1.477s] symbolically linking /home/jstone14/ENAE450_ws/src/build/hw5/worlds/tb3_4walls.world -> /home/jstone14/ENAE450_ws/src/install/hw5/share/hw5/worlds
[1.477s] creating /home/jstone14/ENAE450_ws/src/install/hw5/share/hw5/models
[1.477s] creating /home/jstone14/ENAE450_ws/src/install/hw5/share/hw5/models/tb3_4walls
[1.478s] symbolically linking /home/jstone14/ENAE450_ws/src/build/hw5/models/tb3_4walls/four_walls.sdf -> /home/jstone14/ENAE450_ws/src/install/hw5/share/hw5/models/tb3_4walls
[1.478s] symbolically linking /home/jstone14/ENAE450_ws/src/build/hw5/models/tb3_4walls/model.config -> /home/jstone14/ENAE450_ws/src/install/hw5/share/hw5/models/tb3_4walls
[1.533s] Invoked command in '/home/jstone14/ENAE450_ws/src/build/hw5' returned '0': PYTHONPATH=/home/jstone14/ENAE450_ws/src/build/hw5/prefix_override:/home/jstone14/ENAE450_ws/src/install/hw5/lib/python3.10/site-packages:${PYTHONPATH} /usr/bin/python3 -W ignore:setup.py install is deprecated setup.py develop --editable --build-directory /home/jstone14/ENAE450_ws/src/build/hw5/build --no-deps symlink_data
