[0.013s] Invoking command in '/home/jstone14/ENAE450_ws/src/interface_package/build/interface_package': CMAKE_PREFIX_PATH=${CMAKE_PREFIX_PATH}:/home/jstone14/tb3_ws/install/turtlebot3_teleop:/home/jstone14/tb3_ws/install/turtlebot3_example:/opt/ros/humble /usr/bin/cmake /home/jstone14/ENAE450_ws/src/interface_package -DAMENT_CMAKE_SYMLINK_INSTALL=1 -DCMAKE_INSTALL_PREFIX=/home/jstone14/ENAE450_ws/src/interface_package/install/interface_package
[0.029s] -- Found ament_cmake: 1.3.8 (/opt/ros/humble/share/ament_cmake/cmake)
[0.138s] -- Override CMake install command with custom implementation using symlinks instead of copying resources
[0.145s] -- Found rclcpp: 16.0.8 (/opt/ros/humble/share/rclcpp/cmake)
[0.177s] -- Found rosidl_generator_c: 3.1.5 (/opt/ros/humble/share/rosidl_generator_c/cmake)
[0.179s] -- Found rosidl_adapter: 3.1.5 (/opt/ros/humble/share/rosidl_adapter/cmake)
[0.184s] -- Found rosidl_generator_cpp: 3.1.5 (/opt/ros/humble/share/rosidl_generator_cpp/cmake)
[0.195s] -- Using all available rosidl_typesupport_c: rosidl_typesupport_fastrtps_c;rosidl_typesupport_introspection_c
[0.210s] -- Using all available rosidl_typesupport_cpp: rosidl_typesupport_fastrtps_cpp;rosidl_typesupport_introspection_cpp
[0.263s] -- Found rmw_implementation_cmake: 6.1.1 (/opt/ros/humble/share/rmw_implementation_cmake/cmake)
[0.265s] -- Found rmw_fastrtps_cpp: 6.2.6 (/opt/ros/humble/share/rmw_fastrtps_cpp/cmake)
[0.395s] -- Using RMW implementation 'rmw_fastrtps_cpp' as default
[0.536s] -- Found rosidl_default_generators: 1.2.0 (/opt/ros/humble/share/rosidl_default_generators/cmake)
[0.658s] [31mCMake Error at /opt/ros/humble/share/rosidl_adapter/cmake/rosidl_adapt_interfaces.cmake:59 (message):
[0.659s]   execute_process(/usr/bin/python3 -m rosidl_adapter --package-name
[0.659s]   interface_package --arguments-file
[0.659s]   /home/jstone14/ENAE450_ws/src/interface_package/build/interface_package/rosidl_adapter__arguments__interface_package.json
[0.659s]   --output-dir
[0.659s]   /home/jstone14/ENAE450_ws/src/interface_package/build/interface_package/rosidl_adapter/interface_package
[0.659s]   --output-file
[0.659s]   /home/jstone14/ENAE450_ws/src/interface_package/build/interface_package/rosidl_adapter/interface_package.idls)
[0.659s]   returned error code 1:
[0.659s] 
[0.659s]   Error processing 'int64 corners[][]' of
[0.659s]   'interface_package/ArucoDetectSrv_Request': ''corners[][]' is an invalid
[0.660s]   field name.  It should have the pattern
[0.660s]   '^(?!.*__)(?!.*_$)[a-z][a-z0-9_]*$''
[0.660s] 
[0.660s]   Traceback (most recent call last):
[0.660s] 
[0.660s]     File "/usr/lib/python3.10/runpy.py", line 196, in _run_module_as_main
[0.660s]       return _run_code(code, main_globals, None,
[0.660s]     File "/usr/lib/python3.10/runpy.py", line 86, in _run_code
[0.660s]       exec(code, run_globals)
[0.660s]     File "/opt/ros/humble/local/lib/python3.10/dist-packages/rosidl_adapter/__main__.py", line 19, in <module>
[0.660s]       sys.exit(main())
[0.660s]     File "/opt/ros/humble/local/lib/python3.10/dist-packages/rosidl_adapter/main.py", line 53, in main
[0.660s]       abs_idl_file = convert_to_idl(
[0.660s]     File "/opt/ros/humble/local/lib/python3.10/dist-packages/rosidl_adapter/__init__.py", line 24, in convert_to_idl
[0.660s]       return convert_srv_to_idl(
[0.660s]     File "/opt/ros/humble/local/lib/python3.10/dist-packages/rosidl_adapter/srv/__init__.py", line 28, in convert_srv_to_idl
[0.660s]       srv = parse_service_string(package_name, input_file.stem, content)
[0.660s]     File "/opt/ros/humble/local/lib/python3.10/dist-packages/rosidl_adapter/parser.py", line 859, in parse_service_string
[0.661s]       request_message = parse_message_string(
[0.661s]     File "/opt/ros/humble/local/lib/python3.10/dist-packages/rosidl_adapter/parser.py", line 519, in parse_message_string
[0.661s]       fields.append(Field(
[0.661s]     File "/opt/ros/humble/local/lib/python3.10/dist-packages/rosidl_adapter/parser.py", line 354, in __init__
[0.661s]       raise NameError(
[0.661s] 
[0.661s]   NameError: 'corners[][]' is an invalid field name.  It should have the
[0.661s]   pattern '^(?!.*__)(?!.*_$)[a-z][a-z0-9_]*$'
[0.661s] 
[0.661s] Call Stack (most recent call first):
[0.661s]   /opt/ros/humble/share/rosidl_cmake/cmake/rosidl_generate_interfaces.cmake:130 (rosidl_adapt_interfaces)
[0.661s]   CMakeLists.txt:12 (rosidl_generate_interfaces)
[0.661s] 
[0.661s] [0m
[0.661s] -- Configuring incomplete, errors occurred!
[0.661s] See also "/home/jstone14/ENAE450_ws/src/interface_package/build/interface_package/CMakeFiles/CMakeOutput.log".
[0.667s] Invoked command in '/home/jstone14/ENAE450_ws/src/interface_package/build/interface_package' returned '1': CMAKE_PREFIX_PATH=${CMAKE_PREFIX_PATH}:/home/jstone14/tb3_ws/install/turtlebot3_teleop:/home/jstone14/tb3_ws/install/turtlebot3_example:/opt/ros/humble /usr/bin/cmake /home/jstone14/ENAE450_ws/src/interface_package -DAMENT_CMAKE_SYMLINK_INSTALL=1 -DCMAKE_INSTALL_PREFIX=/home/jstone14/ENAE450_ws/src/interface_package/install/interface_package
