[0.056s] DEBUG:colcon:Command line arguments: ['/usr/bin/colcon', 'build', '--packages-select', 'hw5']
[0.056s] DEBUG:colcon:Parsed command line arguments: Namespace(log_base=None, log_level=None, verb_name='build', build_base='build', install_base='install', merge_install=False, symlink_install=False, test_result_base=None, continue_on_error=False, executor='parallel', parallel_workers=2, event_handlers=None, ignore_user_meta=False, metas=['./colcon.meta'], base_paths=['.'], packages_ignore=None, packages_ignore_regex=None, paths=None, packages_up_to=None, packages_up_to_regex=None, packages_above=None, packages_above_and_dependencies=None, packages_above_depth=None, packages_select_by_dep=None, packages_skip_by_dep=None, packages_skip_up_to=None, packages_select_build_failed=False, packages_skip_build_finished=False, packages_select_test_failures=False, packages_skip_test_passed=False, packages_select=['hw5'], packages_skip=None, packages_select_regex=None, packages_skip_regex=None, packages_start=None, packages_end=None, allow_overriding=[], cmake_args=None, cmake_target=None, cmake_target_skip_unavailable=False, cmake_clean_cache=False, cmake_clean_first=False, cmake_force_configure=False, ament_cmake_args=None, catkin_cmake_args=None, catkin_skip_building_tests=False, verb_parser=<colcon_defaults.argument_parser.defaults.DefaultArgumentsDecorator object at 0xff6337565bd0>, verb_extension=<colcon_core.verb.build.BuildVerb object at 0xff633771b1f0>, main=<bound method BuildVerb.main of <colcon_core.verb.build.BuildVerb object at 0xff633771b1f0>>)
[0.076s] Level 1:colcon.colcon_core.package_discovery:discover_packages(colcon_meta) check parameters
[0.076s] Level 1:colcon.colcon_core.package_discovery:discover_packages(recursive) check parameters
[0.076s] Level 1:colcon.colcon_core.package_discovery:discover_packages(ignore) check parameters
[0.076s] Level 1:colcon.colcon_core.package_discovery:discover_packages(path) check parameters
[0.076s] Level 1:colcon.colcon_core.package_discovery:discover_packages(colcon_meta) discover
[0.076s] Level 1:colcon.colcon_core.package_discovery:discover_packages(recursive) discover
[0.077s] INFO:colcon.colcon_core.package_discovery:Crawling recursively for packages in '/home/ros/rosPackages/ENAE450/ENAE450_ws/src/ENAE450-Group-Project/final_project'
[0.077s] Level 1:colcon.colcon_core.package_identification:_identify(.) by extensions ['ignore', 'ignore_ament_install']
[0.077s] Level 1:colcon.colcon_core.package_identification:_identify(.) by extension 'ignore'
[0.077s] Level 1:colcon.colcon_core.package_identification:_identify(.) by extension 'ignore_ament_install'
[0.077s] Level 1:colcon.colcon_core.package_identification:_identify(.) by extensions ['colcon_pkg']
[0.077s] Level 1:colcon.colcon_core.package_identification:_identify(.) by extension 'colcon_pkg'
[0.077s] Level 1:colcon.colcon_core.package_identification:_identify(.) by extensions ['colcon_meta']
[0.077s] Level 1:colcon.colcon_core.package_identification:_identify(.) by extension 'colcon_meta'
[0.077s] Level 1:colcon.colcon_core.package_identification:_identify(.) by extensions ['ros']
[0.077s] Level 1:colcon.colcon_core.package_identification:_identify(.) by extension 'ros'
[0.085s] Level 1:colcon.colcon_core.package_identification:_identify(.) by extensions ['cmake', 'python']
[0.085s] Level 1:colcon.colcon_core.package_identification:_identify(.) by extension 'cmake'
[0.085s] Level 1:colcon.colcon_core.package_identification:_identify(.) by extension 'python'
[0.085s] Level 1:colcon.colcon_core.package_identification:_identify(.) by extensions ['python_setup_py']
[0.085s] Level 1:colcon.colcon_core.package_identification:_identify(.) by extension 'python_setup_py'
[0.085s] Level 1:colcon.colcon_core.package_identification:_identify(build) by extensions ['ignore', 'ignore_ament_install']
[0.085s] Level 1:colcon.colcon_core.package_identification:_identify(build) by extension 'ignore'
[0.085s] Level 1:colcon.colcon_core.package_identification:_identify(build) ignored
[0.085s] Level 1:colcon.colcon_core.package_identification:_identify(hw5) by extensions ['ignore', 'ignore_ament_install']
[0.085s] Level 1:colcon.colcon_core.package_identification:_identify(hw5) by extension 'ignore'
[0.085s] Level 1:colcon.colcon_core.package_identification:_identify(hw5) by extension 'ignore_ament_install'
[0.085s] Level 1:colcon.colcon_core.package_identification:_identify(hw5) by extensions ['colcon_pkg']
[0.085s] Level 1:colcon.colcon_core.package_identification:_identify(hw5) by extension 'colcon_pkg'
[0.085s] Level 1:colcon.colcon_core.package_identification:_identify(hw5) by extensions ['colcon_meta']
[0.085s] Level 1:colcon.colcon_core.package_identification:_identify(hw5) by extension 'colcon_meta'
[0.085s] Level 1:colcon.colcon_core.package_identification:_identify(hw5) by extensions ['ros']
[0.085s] Level 1:colcon.colcon_core.package_identification:_identify(hw5) by extension 'ros'
[0.086s] DEBUG:colcon.colcon_core.package_identification:Package 'hw5' with type 'ros.ament_python' and name 'hw5'
[0.086s] Level 1:colcon.colcon_core.package_identification:_identify(install) by extensions ['ignore', 'ignore_ament_install']
[0.086s] Level 1:colcon.colcon_core.package_identification:_identify(install) by extension 'ignore'
[0.086s] Level 1:colcon.colcon_core.package_identification:_identify(install) ignored
[0.086s] Level 1:colcon.colcon_core.package_identification:_identify(interface_package) by extensions ['ignore', 'ignore_ament_install']
[0.086s] Level 1:colcon.colcon_core.package_identification:_identify(interface_package) by extension 'ignore'
[0.086s] Level 1:colcon.colcon_core.package_identification:_identify(interface_package) by extension 'ignore_ament_install'
[0.086s] Level 1:colcon.colcon_core.package_identification:_identify(interface_package) by extensions ['colcon_pkg']
[0.086s] Level 1:colcon.colcon_core.package_identification:_identify(interface_package) by extension 'colcon_pkg'
[0.086s] Level 1:colcon.colcon_core.package_identification:_identify(interface_package) by extensions ['colcon_meta']
[0.086s] Level 1:colcon.colcon_core.package_identification:_identify(interface_package) by extension 'colcon_meta'
[0.086s] Level 1:colcon.colcon_core.package_identification:_identify(interface_package) by extensions ['ros']
[0.086s] Level 1:colcon.colcon_core.package_identification:_identify(interface_package) by extension 'ros'
[0.087s] DEBUG:colcon.colcon_core.package_identification:Package 'interface_package' with type 'ros.ament_cmake' and name 'interface_package'
[0.087s] Level 1:colcon.colcon_core.package_identification:_identify(log) by extensions ['ignore', 'ignore_ament_install']
[0.087s] Level 1:colcon.colcon_core.package_identification:_identify(log) by extension 'ignore'
[0.087s] Level 1:colcon.colcon_core.package_identification:_identify(log) ignored
[0.087s] Level 1:colcon.colcon_core.package_identification:_identify(report) by extensions ['ignore', 'ignore_ament_install']
[0.087s] Level 1:colcon.colcon_core.package_identification:_identify(report) by extension 'ignore'
[0.087s] Level 1:colcon.colcon_core.package_identification:_identify(report) by extension 'ignore_ament_install'
[0.087s] Level 1:colcon.colcon_core.package_identification:_identify(report) by extensions ['colcon_pkg']
[0.087s] Level 1:colcon.colcon_core.package_identification:_identify(report) by extension 'colcon_pkg'
[0.087s] Level 1:colcon.colcon_core.package_identification:_identify(report) by extensions ['colcon_meta']
[0.087s] Level 1:colcon.colcon_core.package_identification:_identify(report) by extension 'colcon_meta'
[0.087s] Level 1:colcon.colcon_core.package_identification:_identify(report) by extensions ['ros']
[0.087s] Level 1:colcon.colcon_core.package_identification:_identify(report) by extension 'ros'
[0.087s] Level 1:colcon.colcon_core.package_identification:_identify(report) by extensions ['cmake', 'python']
[0.087s] Level 1:colcon.colcon_core.package_identification:_identify(report) by extension 'cmake'
[0.087s] Level 1:colcon.colcon_core.package_identification:_identify(report) by extension 'python'
[0.087s] Level 1:colcon.colcon_core.package_identification:_identify(report) by extensions ['python_setup_py']
[0.087s] Level 1:colcon.colcon_core.package_identification:_identify(report) by extension 'python_setup_py'
[0.087s] Level 1:colcon.colcon_core.package_discovery:discover_packages(recursive) using defaults
[0.087s] Level 1:colcon.colcon_core.package_discovery:discover_packages(ignore) discover
[0.087s] Level 1:colcon.colcon_core.package_discovery:discover_packages(ignore) using defaults
[0.087s] Level 1:colcon.colcon_core.package_discovery:discover_packages(path) discover
[0.087s] Level 1:colcon.colcon_core.package_discovery:discover_packages(path) using defaults
[0.097s] INFO:colcon.colcon_core.package_selection:Skipping not selected package 'interface_package' in 'interface_package'
[0.098s] Level 1:colcon.colcon_core.package_discovery:discover_packages(prefix_path) check parameters
[0.098s] Level 1:colcon.colcon_core.package_discovery:discover_packages(prefix_path) discover
[0.098s] DEBUG:colcon.colcon_installed_package_information.package_discovery:Found 2 installed packages in /home/ros/rosPackages/ENAE450/ENAE450_ws/src/ENAE450-Group-Project/final_project/install
[0.099s] DEBUG:colcon.colcon_installed_package_information.package_discovery:Found 0 installed packages in /home/ros/rosPackages/ENAE450/ENAE450_ws/src/ENAE450-Group-Project/install
[0.099s] DEBUG:colcon.colcon_installed_package_information.package_discovery:Found 374 installed packages in /opt/ros/humble
[0.101s] Level 1:colcon.colcon_core.package_discovery:discover_packages(prefix_path) using defaults
[0.125s] Level 5:colcon.colcon_core.verb:set package 'hw5' build argument 'cmake_args' from command line to 'None'
[0.125s] Level 5:colcon.colcon_core.verb:set package 'hw5' build argument 'cmake_target' from command line to 'None'
[0.125s] Level 5:colcon.colcon_core.verb:set package 'hw5' build argument 'cmake_target_skip_unavailable' from command line to 'False'
[0.125s] Level 5:colcon.colcon_core.verb:set package 'hw5' build argument 'cmake_clean_cache' from command line to 'False'
[0.125s] Level 5:colcon.colcon_core.verb:set package 'hw5' build argument 'cmake_clean_first' from command line to 'False'
[0.125s] Level 5:colcon.colcon_core.verb:set package 'hw5' build argument 'cmake_force_configure' from command line to 'False'
[0.125s] Level 5:colcon.colcon_core.verb:set package 'hw5' build argument 'ament_cmake_args' from command line to 'None'
[0.125s] Level 5:colcon.colcon_core.verb:set package 'hw5' build argument 'catkin_cmake_args' from command line to 'None'
[0.125s] Level 5:colcon.colcon_core.verb:set package 'hw5' build argument 'catkin_skip_building_tests' from command line to 'False'
[0.125s] DEBUG:colcon.colcon_core.verb:Building package 'hw5' with the following arguments: {'ament_cmake_args': None, 'build_base': '/home/ros/rosPackages/ENAE450/ENAE450_ws/src/ENAE450-Group-Project/final_project/build/hw5', 'catkin_cmake_args': None, 'catkin_skip_building_tests': False, 'cmake_args': None, 'cmake_clean_cache': False, 'cmake_clean_first': False, 'cmake_force_configure': False, 'cmake_target': None, 'cmake_target_skip_unavailable': False, 'install_base': '/home/ros/rosPackages/ENAE450/ENAE450_ws/src/ENAE450-Group-Project/final_project/install/hw5', 'merge_install': False, 'path': '/home/ros/rosPackages/ENAE450/ENAE450_ws/src/ENAE450-Group-Project/final_project/hw5', 'symlink_install': False, 'test_result_base': None}
[0.125s] INFO:colcon.colcon_core.executor:Executing jobs using 'parallel' executor
[0.125s] DEBUG:colcon.colcon_parallel_executor.executor.parallel:run_until_complete
[0.126s] INFO:colcon.colcon_ros.task.ament_python.build:Building ROS package in '/home/ros/rosPackages/ENAE450/ENAE450_ws/src/ENAE450-Group-Project/final_project/hw5' with build type 'ament_python'
[0.126s] Level 1:colcon.colcon_core.shell:create_environment_hook('hw5', 'ament_prefix_path')
[0.127s] INFO:colcon.colcon_core.plugin_system:Skipping extension 'colcon_core.shell.bat': Not used on non-Windows systems
[0.127s] INFO:colcon.colcon_core.shell:Creating environment hook '/home/ros/rosPackages/ENAE450/ENAE450_ws/src/ENAE450-Group-Project/final_project/install/hw5/share/hw5/hook/ament_prefix_path.ps1'
[0.127s] INFO:colcon.colcon_core.shell:Creating environment descriptor '/home/ros/rosPackages/ENAE450/ENAE450_ws/src/ENAE450-Group-Project/final_project/install/hw5/share/hw5/hook/ament_prefix_path.dsv'
[0.127s] INFO:colcon.colcon_core.shell:Creating environment hook '/home/ros/rosPackages/ENAE450/ENAE450_ws/src/ENAE450-Group-Project/final_project/install/hw5/share/hw5/hook/ament_prefix_path.sh'
[0.128s] INFO:colcon.colcon_core.shell:Skip shell extension 'powershell' for command environment: Not usable outside of PowerShell
[0.128s] DEBUG:colcon.colcon_core.shell:Skip shell extension 'dsv' for command environment
[0.230s] INFO:colcon.colcon_core.task.python.build:Building Python package in '/home/ros/rosPackages/ENAE450/ENAE450_ws/src/ENAE450-Group-Project/final_project/hw5'
[0.231s] INFO:colcon.colcon_core.shell:Skip shell extension 'powershell' for command environment: Not usable outside of PowerShell
[0.231s] DEBUG:colcon.colcon_core.shell:Skip shell extension 'dsv' for command environment
[0.508s] DEBUG:colcon.colcon_core.event_handler.log_command:Invoking command in '/home/ros/rosPackages/ENAE450/ENAE450_ws/src/ENAE450-Group-Project/final_project/hw5': PYTHONPATH=/home/ros/rosPackages/ENAE450/ENAE450_ws/src/ENAE450-Group-Project/final_project/build/hw5/prefix_override:/home/ros/rosPackages/ENAE450/ENAE450_ws/src/ENAE450-Group-Project/final_project/install/hw5/lib/python3.10/site-packages:${PYTHONPATH} /usr/bin/python3 -W ignore:setup.py install is deprecated setup.py egg_info --egg-base ../build/hw5 build --build-base /home/ros/rosPackages/ENAE450/ENAE450_ws/src/ENAE450-Group-Project/final_project/build/hw5/build install --record /home/ros/rosPackages/ENAE450/ENAE450_ws/src/ENAE450-Group-Project/final_project/build/hw5/install.log --single-version-externally-managed install_data
[0.757s] DEBUG:colcon.colcon_core.event_handler.log_command:Invoked command in '/home/ros/rosPackages/ENAE450/ENAE450_ws/src/ENAE450-Group-Project/final_project/hw5' returned '0': PYTHONPATH=/home/ros/rosPackages/ENAE450/ENAE450_ws/src/ENAE450-Group-Project/final_project/build/hw5/prefix_override:/home/ros/rosPackages/ENAE450/ENAE450_ws/src/ENAE450-Group-Project/final_project/install/hw5/lib/python3.10/site-packages:${PYTHONPATH} /usr/bin/python3 -W ignore:setup.py install is deprecated setup.py egg_info --egg-base ../build/hw5 build --build-base /home/ros/rosPackages/ENAE450/ENAE450_ws/src/ENAE450-Group-Project/final_project/build/hw5/build install --record /home/ros/rosPackages/ENAE450/ENAE450_ws/src/ENAE450-Group-Project/final_project/build/hw5/install.log --single-version-externally-managed install_data
[0.758s] Level 1:colcon.colcon_core.environment:checking '/home/ros/rosPackages/ENAE450/ENAE450_ws/src/ENAE450-Group-Project/final_project/install/hw5' for CMake module files
[0.758s] Level 1:colcon.colcon_core.environment:checking '/home/ros/rosPackages/ENAE450/ENAE450_ws/src/ENAE450-Group-Project/final_project/install/hw5' for CMake config files
[0.759s] Level 1:colcon.colcon_core.environment:checking '/home/ros/rosPackages/ENAE450/ENAE450_ws/src/ENAE450-Group-Project/final_project/install/hw5/lib'
[0.759s] Level 1:colcon.colcon_core.environment:checking '/home/ros/rosPackages/ENAE450/ENAE450_ws/src/ENAE450-Group-Project/final_project/install/hw5/bin'
[0.759s] Level 1:colcon.colcon_core.environment:checking '/home/ros/rosPackages/ENAE450/ENAE450_ws/src/ENAE450-Group-Project/final_project/install/hw5/lib/pkgconfig/hw5.pc'
[0.759s] Level 1:colcon.colcon_core.environment:checking '/home/ros/rosPackages/ENAE450/ENAE450_ws/src/ENAE450-Group-Project/final_project/install/hw5/lib/python3.10/site-packages'
[0.759s] Level 1:colcon.colcon_core.shell:create_environment_hook('hw5', 'pythonpath')
[0.759s] INFO:colcon.colcon_core.shell:Creating environment hook '/home/ros/rosPackages/ENAE450/ENAE450_ws/src/ENAE450-Group-Project/final_project/install/hw5/share/hw5/hook/pythonpath.ps1'
[0.759s] INFO:colcon.colcon_core.shell:Creating environment descriptor '/home/ros/rosPackages/ENAE450/ENAE450_ws/src/ENAE450-Group-Project/final_project/install/hw5/share/hw5/hook/pythonpath.dsv'
[0.760s] INFO:colcon.colcon_core.shell:Creating environment hook '/home/ros/rosPackages/ENAE450/ENAE450_ws/src/ENAE450-Group-Project/final_project/install/hw5/share/hw5/hook/pythonpath.sh'
[0.760s] Level 1:colcon.colcon_core.environment:checking '/home/ros/rosPackages/ENAE450/ENAE450_ws/src/ENAE450-Group-Project/final_project/install/hw5/bin'
[0.760s] Level 1:colcon.colcon_core.environment:create_environment_scripts_only(hw5)
[0.760s] INFO:colcon.colcon_core.shell:Creating package script '/home/ros/rosPackages/ENAE450/ENAE450_ws/src/ENAE450-Group-Project/final_project/install/hw5/share/hw5/package.ps1'
[0.761s] INFO:colcon.colcon_core.shell:Creating package descriptor '/home/ros/rosPackages/ENAE450/ENAE450_ws/src/ENAE450-Group-Project/final_project/install/hw5/share/hw5/package.dsv'
[0.761s] INFO:colcon.colcon_core.shell:Creating package script '/home/ros/rosPackages/ENAE450/ENAE450_ws/src/ENAE450-Group-Project/final_project/install/hw5/share/hw5/package.sh'
[0.761s] INFO:colcon.colcon_core.shell:Creating package script '/home/ros/rosPackages/ENAE450/ENAE450_ws/src/ENAE450-Group-Project/final_project/install/hw5/share/hw5/package.bash'
[0.761s] INFO:colcon.colcon_core.shell:Creating package script '/home/ros/rosPackages/ENAE450/ENAE450_ws/src/ENAE450-Group-Project/final_project/install/hw5/share/hw5/package.zsh'
[0.762s] Level 1:colcon.colcon_core.environment:create_file_with_runtime_dependencies(/home/ros/rosPackages/ENAE450/ENAE450_ws/src/ENAE450-Group-Project/final_project/install/hw5/share/colcon-core/packages/hw5)
[0.762s] DEBUG:colcon.colcon_parallel_executor.executor.parallel:closing loop
[0.762s] DEBUG:colcon.colcon_parallel_executor.executor.parallel:loop closed
[0.762s] DEBUG:colcon.colcon_parallel_executor.executor.parallel:run_until_complete finished with '0'
[0.762s] DEBUG:colcon.colcon_core.event_reactor:joining thread
[0.765s] INFO:colcon.colcon_core.plugin_system:Skipping extension 'colcon_notification.desktop_notification.terminal_notifier': Not used on non-Darwin systems
[0.766s] INFO:colcon.colcon_core.plugin_system:Skipping extension 'colcon_notification.desktop_notification.win32': Not used on non-Windows systems
[0.766s] INFO:colcon.colcon_notification.desktop_notification:Sending desktop notification using 'notify2'
[0.774s] DEBUG:colcon.colcon_core.event_reactor:joined thread
[0.774s] INFO:colcon.colcon_core.shell:Creating prefix script '/home/ros/rosPackages/ENAE450/ENAE450_ws/src/ENAE450-Group-Project/final_project/install/local_setup.ps1'
[0.775s] INFO:colcon.colcon_core.shell:Creating prefix util module '/home/ros/rosPackages/ENAE450/ENAE450_ws/src/ENAE450-Group-Project/final_project/install/_local_setup_util_ps1.py'
[0.775s] INFO:colcon.colcon_core.shell:Creating prefix chain script '/home/ros/rosPackages/ENAE450/ENAE450_ws/src/ENAE450-Group-Project/final_project/install/setup.ps1'
[0.776s] INFO:colcon.colcon_core.shell:Creating prefix script '/home/ros/rosPackages/ENAE450/ENAE450_ws/src/ENAE450-Group-Project/final_project/install/local_setup.sh'
[0.776s] INFO:colcon.colcon_core.shell:Creating prefix util module '/home/ros/rosPackages/ENAE450/ENAE450_ws/src/ENAE450-Group-Project/final_project/install/_local_setup_util_sh.py'
[0.776s] INFO:colcon.colcon_core.shell:Creating prefix chain script '/home/ros/rosPackages/ENAE450/ENAE450_ws/src/ENAE450-Group-Project/final_project/install/setup.sh'
[0.777s] INFO:colcon.colcon_core.shell:Creating prefix script '/home/ros/rosPackages/ENAE450/ENAE450_ws/src/ENAE450-Group-Project/final_project/install/local_setup.bash'
[0.777s] INFO:colcon.colcon_core.shell:Creating prefix chain script '/home/ros/rosPackages/ENAE450/ENAE450_ws/src/ENAE450-Group-Project/final_project/install/setup.bash'
[0.778s] INFO:colcon.colcon_core.shell:Creating prefix script '/home/ros/rosPackages/ENAE450/ENAE450_ws/src/ENAE450-Group-Project/final_project/install/local_setup.zsh'
[0.778s] INFO:colcon.colcon_core.shell:Creating prefix chain script '/home/ros/rosPackages/ENAE450/ENAE450_ws/src/ENAE450-Group-Project/final_project/install/setup.zsh'
