[0.016s] Invoking command in '/home/jstone14/ENAE450_ws/src/interface_package/build/interface_package': CMAKE_PREFIX_PATH=${CMAKE_PREFIX_PATH}:/home/jstone14/tb3_ws/install/turtlebot3_teleop:/home/jstone14/tb3_ws/install/turtlebot3_example:/opt/ros/humble /usr/bin/cmake /home/jstone14/ENAE450_ws/src/interface_package -DAMENT_CMAKE_SYMLINK_INSTALL=1 -DCMAKE_INSTALL_PREFIX=/home/jstone14/ENAE450_ws/src/interface_package/install/interface_package
[0.026s] -- Found ament_cmake: 1.3.8 (/opt/ros/humble/share/ament_cmake/cmake)
[0.180s] -- Override CMake install command with custom implementation using symlinks instead of copying resources
[0.186s] -- Found rclcpp: 16.0.8 (/opt/ros/humble/share/rclcpp/cmake)
[0.214s] -- Found rosidl_generator_c: 3.1.5 (/opt/ros/humble/share/rosidl_generator_c/cmake)
[0.217s] -- Found rosidl_adapter: 3.1.5 (/opt/ros/humble/share/rosidl_adapter/cmake)
[0.222s] -- Found rosidl_generator_cpp: 3.1.5 (/opt/ros/humble/share/rosidl_generator_cpp/cmake)
[0.233s] -- Using all available rosidl_typesupport_c: rosidl_typesupport_fastrtps_c;rosidl_typesupport_introspection_c
[0.247s] -- Using all available rosidl_typesupport_cpp: rosidl_typesupport_fastrtps_cpp;rosidl_typesupport_introspection_cpp
[0.301s] -- Found rmw_implementation_cmake: 6.1.1 (/opt/ros/humble/share/rmw_implementation_cmake/cmake)
[0.305s] -- Found rmw_fastrtps_cpp: 6.2.6 (/opt/ros/humble/share/rmw_fastrtps_cpp/cmake)
[0.438s] -- Using RMW implementation 'rmw_fastrtps_cpp' as default
[0.582s] -- Found rosidl_default_generators: 1.2.0 (/opt/ros/humble/share/rosidl_default_generators/cmake)
[0.719s] [31mCMake Error at /opt/ros/humble/share/rosidl_adapter/cmake/rosidl_adapt_interfaces.cmake:59 (message):
[0.719s]   execute_process(/usr/bin/python3 -m rosidl_adapter --package-name
[0.719s]   interface_package --arguments-file
[0.719s]   /home/jstone14/ENAE450_ws/src/interface_package/build/interface_package/rosidl_adapter__arguments__interface_package.json
[0.719s]   --output-dir
[0.719s]   /home/jstone14/ENAE450_ws/src/interface_package/build/interface_package/rosidl_adapter/interface_package
[0.719s]   --output-file
[0.719s]   /home/jstone14/ENAE450_ws/src/interface_package/build/interface_package/rosidl_adapter/interface_package.idls)
[0.719s]   returned error code 1:
[0.719s] 
[0.719s]   Error processing 'Float[][] corners' of
[0.720s]   'interface_package/ArucoDetectSrv_Request': ''Float[]' is an invalid
[0.720s]   message name.  It should have the pattern '^[A-Z][A-Za-z0-9]*$''
[0.720s] 
[0.720s]   Traceback (most recent call last):
[0.720s] 
[0.720s]     File "/usr/lib/python3.10/runpy.py", line 196, in _run_module_as_main
[0.720s]       return _run_code(code, main_globals, None,
[0.720s]     File "/usr/lib/python3.10/runpy.py", line 86, in _run_code
[0.720s]       exec(code, run_globals)
[0.720s]     File "/opt/ros/humble/local/lib/python3.10/dist-packages/rosidl_adapter/__main__.py", line 19, in <module>
[0.720s]       sys.exit(main())
[0.721s]     File "/opt/ros/humble/local/lib/python3.10/dist-packages/rosidl_adapter/main.py", line 53, in main
[0.721s]       abs_idl_file = convert_to_idl(
[0.721s]     File "/opt/ros/humble/local/lib/python3.10/dist-packages/rosidl_adapter/__init__.py", line 24, in convert_to_idl
[0.721s]       return convert_srv_to_idl(
[0.721s]     File "/opt/ros/humble/local/lib/python3.10/dist-packages/rosidl_adapter/srv/__init__.py", line 28, in convert_srv_to_idl
[0.721s]       srv = parse_service_string(package_name, input_file.stem, content)
[0.721s]     File "/opt/ros/humble/local/lib/python3.10/dist-packages/rosidl_adapter/parser.py", line 859, in parse_service_string
[0.721s]       request_message = parse_message_string(
[0.721s]     File "/opt/ros/humble/local/lib/python3.10/dist-packages/rosidl_adapter/parser.py", line 520, in parse_message_string
[0.721s]       Type(type_string, context_package_name=pkg_name),
[0.721s]     File "/opt/ros/humble/local/lib/python3.10/dist-packages/rosidl_adapter/parser.py", line 277, in __init__
[0.721s]       super(Type, self).__init__(
[0.721s]     File "/opt/ros/humble/local/lib/python3.10/dist-packages/rosidl_adapter/parser.py", line 205, in __init__
[0.721s]       raise InvalidResourceName(
[0.721s] 
[0.721s]   rosidl_adapter.parser.InvalidResourceName: 'Float[]' is an invalid message
[0.721s]   name.  It should have the pattern '^[A-Z][A-Za-z0-9]*$'
[0.722s] 
[0.722s] Call Stack (most recent call first):
[0.722s]   /opt/ros/humble/share/rosidl_cmake/cmake/rosidl_generate_interfaces.cmake:130 (rosidl_adapt_interfaces)
[0.722s]   CMakeLists.txt:12 (rosidl_generate_interfaces)
[0.722s] 
[0.722s] [0m
[0.722s] -- Configuring incomplete, errors occurred!
[0.722s] See also "/home/jstone14/ENAE450_ws/src/interface_package/build/interface_package/CMakeFiles/CMakeOutput.log".
[0.726s] Invoked command in '/home/jstone14/ENAE450_ws/src/interface_package/build/interface_package' returned '1': CMAKE_PREFIX_PATH=${CMAKE_PREFIX_PATH}:/home/jstone14/tb3_ws/install/turtlebot3_teleop:/home/jstone14/tb3_ws/install/turtlebot3_example:/opt/ros/humble /usr/bin/cmake /home/jstone14/ENAE450_ws/src/interface_package -DAMENT_CMAKE_SYMLINK_INSTALL=1 -DCMAKE_INSTALL_PREFIX=/home/jstone14/ENAE450_ws/src/interface_package/install/interface_package
