[0.277s] Invoking command in '/home/jstone14/ENAE450_ws/src/build/interface_package': CMAKE_PREFIX_PATH=${CMAKE_PREFIX_PATH}:/home/jstone14/tb3_ws/install/turtlebot3_teleop:/home/jstone14/tb3_ws/install/turtlebot3_example:/opt/ros/humble /usr/bin/cmake /home/jstone14/ENAE450_ws/src/interface_package -DAMENT_CMAKE_SYMLINK_INSTALL=1 -DCMAKE_INSTALL_PREFIX=/home/jstone14/ENAE450_ws/src/install/interface_package
[0.345s] -- The C compiler identification is GNU 11.4.0
[0.402s] -- The CXX compiler identification is GNU 11.4.0
[0.409s] -- Detecting C compiler ABI info
[0.478s] -- Detecting C compiler ABI info - done
[0.482s] -- Check for working C compiler: /usr/bin/cc - skipped
[0.483s] -- Detecting C compile features
[0.484s] -- Detecting C compile features - done
[0.486s] -- Detecting CXX compiler ABI info
[0.562s] -- Detecting CXX compiler ABI info - done
[0.568s] -- Check for working CXX compiler: /usr/bin/c++ - skipped
[0.568s] -- Detecting CXX compile features
[0.568s] -- Detecting CXX compile features - done
[0.572s] -- Found ament_cmake: 1.3.8 (/opt/ros/humble/share/ament_cmake/cmake)
[0.738s] -- Found Python3: /usr/bin/python3 (found version "3.10.12") found components: Interpreter 
[0.814s] -- Override CMake install command with custom implementation using symlinks instead of copying resources
[0.873s] -- Found rclcpp: 16.0.8 (/opt/ros/humble/share/rclcpp/cmake)
[0.939s] -- Found rosidl_generator_c: 3.1.5 (/opt/ros/humble/share/rosidl_generator_c/cmake)
[0.948s] -- Found rosidl_adapter: 3.1.5 (/opt/ros/humble/share/rosidl_adapter/cmake)
[0.961s] -- Found rosidl_generator_cpp: 3.1.5 (/opt/ros/humble/share/rosidl_generator_cpp/cmake)
[0.979s] -- Using all available rosidl_typesupport_c: rosidl_typesupport_fastrtps_c;rosidl_typesupport_introspection_c
[1.009s] -- Using all available rosidl_typesupport_cpp: rosidl_typesupport_fastrtps_cpp;rosidl_typesupport_introspection_cpp
[1.107s] -- Found rmw_implementation_cmake: 6.1.1 (/opt/ros/humble/share/rmw_implementation_cmake/cmake)
[1.112s] -- Found rmw_fastrtps_cpp: 6.2.6 (/opt/ros/humble/share/rmw_fastrtps_cpp/cmake)
[1.228s] -- Found OpenSSL: /usr/lib/x86_64-linux-gnu/libcrypto.so (found version "3.0.2")  
[1.265s] -- Found FastRTPS: /opt/ros/humble/include  
[1.321s] -- Using RMW implementation 'rmw_fastrtps_cpp' as default
[1.344s] -- Looking for pthread.h
[1.432s] -- Looking for pthread.h - found
[1.433s] -- Performing Test CMAKE_HAVE_LIBC_PTHREAD
[1.536s] -- Performing Test CMAKE_HAVE_LIBC_PTHREAD - Success
[1.537s] -- Found Threads: TRUE  
[1.704s] -- Found rosidl_default_generators: 1.2.0 (/opt/ros/humble/share/rosidl_default_generators/cmake)
[1.946s] -- Found ament_cmake_ros: 0.10.0 (/opt/ros/humble/share/ament_cmake_ros/cmake)
[2.244s] -- Using all available rosidl_typesupport_c: rosidl_typesupport_fastrtps_c;rosidl_typesupport_introspection_c
[2.359s] -- Using all available rosidl_typesupport_cpp: rosidl_typesupport_fastrtps_cpp;rosidl_typesupport_introspection_cpp
[2.381s] -- Found PythonInterp: /usr/bin/python3 (found suitable version "3.10.12", minimum required is "3.6") 
[2.384s] -- Found python_cmake_module: 0.10.0 (/opt/ros/humble/share/python_cmake_module/cmake)
[2.407s] -- Found PythonLibs: /usr/lib/x86_64-linux-gnu/libpython3.10.so (found suitable version "3.10.12", minimum required is "3.5") 
[2.407s] -- Using PYTHON_EXECUTABLE: /usr/bin/python3
[2.407s] -- Using PYTHON_INCLUDE_DIRS: /usr/include/python3.10
[2.407s] -- Using PYTHON_LIBRARIES: /usr/lib/x86_64-linux-gnu/libpython3.10.so
[2.428s] -- Found PythonExtra: .so  
[2.468s] -- Found ament_lint_auto: 0.12.10 (/opt/ros/humble/share/ament_lint_auto/cmake)
[2.523s] -- Added test 'cppcheck' to perform static code analysis on C / C++ code
[2.523s] -- Configured cppcheck include dirs: 
[2.523s] -- Configured cppcheck exclude dirs and/or files: 
[2.527s] -- Added test 'flake8' to check Python code syntax and style conventions
[2.535s] -- Added test 'lint_cmake' to check CMake code style
[2.539s] -- Added test 'pep257' to check Python code against some of the docstring style conventions in PEP 257
[2.566s] -- Added test 'uncrustify' to check C / C++ code style
[2.566s] -- Configured uncrustify additional arguments: 
[2.570s] -- Added test 'xmllint' to check XML markup files
[2.575s] -- Configuring done
[2.603s] -- Generating done
[2.606s] -- Build files have been written to: /home/jstone14/ENAE450_ws/src/build/interface_package
[2.620s] Invoked command in '/home/jstone14/ENAE450_ws/src/build/interface_package' returned '0': CMAKE_PREFIX_PATH=${CMAKE_PREFIX_PATH}:/home/jstone14/tb3_ws/install/turtlebot3_teleop:/home/jstone14/tb3_ws/install/turtlebot3_example:/opt/ros/humble /usr/bin/cmake /home/jstone14/ENAE450_ws/src/interface_package -DAMENT_CMAKE_SYMLINK_INSTALL=1 -DCMAKE_INSTALL_PREFIX=/home/jstone14/ENAE450_ws/src/install/interface_package
[2.621s] Invoking command in '/home/jstone14/ENAE450_ws/src/build/interface_package': CMAKE_PREFIX_PATH=${CMAKE_PREFIX_PATH}:/home/jstone14/tb3_ws/install/turtlebot3_teleop:/home/jstone14/tb3_ws/install/turtlebot3_example:/opt/ros/humble /usr/bin/cmake --build /home/jstone14/ENAE450_ws/src/build/interface_package -- -j4 -l4
[2.658s] [  3%] [34m[1mGenerating C code for ROS interfaces[0m
[2.669s] [  6%] [34m[1mGenerating C++ code for ROS interfaces[0m
[2.676s] [  6%] Built target ament_cmake_python_symlink_interface_package
[2.937s] [  6%] Built target interface_package__cpp
[2.953s] [  9%] [34m[1mGenerating C++ type support dispatch for ROS interfaces[0m
[2.957s] [ 12%] [34m[1mGenerating C++ type support for eProsima Fast-RTPS[0m
[2.969s] [ 16%] [32mBuilding C object CMakeFiles/interface_package__rosidl_generator_c.dir/rosidl_generator_c/interface_package/srv/detail/aruco_detect_srv__functions.c.o[0m
[2.985s] running egg_info
[2.985s] creating interface_package.egg-info
[2.986s] writing interface_package.egg-info/PKG-INFO
[2.986s] writing dependency_links to interface_package.egg-info/dependency_links.txt
[2.986s] writing top-level names to interface_package.egg-info/top_level.txt
[2.986s] writing manifest file 'interface_package.egg-info/SOURCES.txt'
[2.988s] reading manifest file 'interface_package.egg-info/SOURCES.txt'
[2.988s] writing manifest file 'interface_package.egg-info/SOURCES.txt'
[3.022s] [ 16%] Built target ament_cmake_python_build_interface_package_egg
[3.034s] [ 19%] [32m[1mLinking C shared library libinterface_package__rosidl_generator_c.so[0m
[3.034s] [ 22%] [34m[1mGenerating C++ introspection for ROS interfaces[0m
[3.078s] [ 22%] Built target interface_package__rosidl_generator_c
[3.088s] [ 25%] [34m[1mGenerating C type support for eProsima Fast-RTPS[0m
[3.196s] [ 29%] [32mBuilding CXX object CMakeFiles/interface_package__rosidl_typesupport_cpp.dir/rosidl_typesupport_cpp/interface_package/srv/aruco_detect_srv__type_support.cpp.o[0m
[3.248s] [ 32%] [32mBuilding CXX object CMakeFiles/interface_package__rosidl_typesupport_fastrtps_cpp.dir/rosidl_typesupport_fastrtps_cpp/interface_package/srv/detail/dds_fastrtps/aruco_detect_srv__type_support.cpp.o[0m
[3.289s] [ 35%] [32mBuilding CXX object CMakeFiles/interface_package__rosidl_typesupport_introspection_cpp.dir/rosidl_typesupport_introspection_cpp/interface_package/srv/detail/aruco_detect_srv__type_support.cpp.o[0m
[3.353s] [ 38%] [32mBuilding CXX object CMakeFiles/interface_package__rosidl_typesupport_fastrtps_c.dir/rosidl_typesupport_fastrtps_c/interface_package/srv/detail/aruco_detect_srv__type_support_c.cpp.o[0m
[3.490s] [ 41%] [32m[1mLinking CXX shared library libinterface_package__rosidl_typesupport_cpp.so[0m
[3.541s] [ 41%] Built target interface_package__rosidl_typesupport_cpp
[3.557s] [ 45%] [34m[1mGenerating C introspection for ROS interfaces[0m
[3.716s] [ 48%] [32m[1mLinking CXX shared library libinterface_package__rosidl_typesupport_introspection_cpp.so[0m
[3.737s] [ 51%] [32m[1mLinking CXX shared library libinterface_package__rosidl_typesupport_fastrtps_cpp.so[0m
[3.993s] [ 51%] Built target interface_package__rosidl_typesupport_fastrtps_cpp
[3.994s] [ 51%] Built target interface_package__rosidl_typesupport_introspection_cpp
[4.001s] [ 54%] [32m[1mLinking CXX shared library libinterface_package__rosidl_typesupport_fastrtps_c.so[0m
[4.011s] [ 58%] [34m[1mGenerating C type support dispatch for ROS interfaces[0m
[4.091s] [ 58%] Built target interface_package__rosidl_typesupport_fastrtps_c
[4.094s] [ 61%] [32mBuilding C object CMakeFiles/interface_package__rosidl_typesupport_introspection_c.dir/rosidl_typesupport_introspection_c/interface_package/srv/detail/aruco_detect_srv__type_support.c.o[0m
[4.127s] [ 64%] [32m[1mLinking C shared library libinterface_package__rosidl_typesupport_introspection_c.so[0m
[4.157s] [ 64%] Built target interface_package__rosidl_typesupport_introspection_c
[4.236s] [ 67%] [32mBuilding CXX object CMakeFiles/interface_package__rosidl_typesupport_c.dir/rosidl_typesupport_c/interface_package/srv/aruco_detect_srv__type_support.cpp.o[0m
[4.262s] [ 70%] [32m[1mLinking CXX shared library libinterface_package__rosidl_typesupport_c.so[0m
[4.299s] [ 70%] Built target interface_package__rosidl_typesupport_c
[4.319s] [ 70%] Built target interface_package
[4.337s] [ 74%] [34m[1mGenerating Python code for ROS interfaces[0m
[4.650s] [ 74%] Built target interface_package__py
[4.668s] [ 77%] [32mBuilding C object CMakeFiles/interface_package__rosidl_generator_py.dir/rosidl_generator_py/interface_package/srv/_aruco_detect_srv_s.c.o[0m
[4.759s] [ 80%] [32m[1mLinking C shared library rosidl_generator_py/interface_package/libinterface_package__rosidl_generator_py.so[0m
[4.792s] [ 80%] Built target interface_package__rosidl_generator_py
[4.812s] [ 87%] [32mBuilding C object CMakeFiles/interface_package__rosidl_typesupport_c__pyext.dir/rosidl_generator_py/interface_package/_interface_package_s.ep.rosidl_typesupport_c.c.o[0m
[4.813s] [ 87%] [32mBuilding C object CMakeFiles/interface_package__rosidl_typesupport_fastrtps_c__pyext.dir/rosidl_generator_py/interface_package/_interface_package_s.ep.rosidl_typesupport_fastrtps_c.c.o[0m
[4.813s] [ 90%] [32mBuilding C object CMakeFiles/interface_package__rosidl_typesupport_introspection_c__pyext.dir/rosidl_generator_py/interface_package/_interface_package_s.ep.rosidl_typesupport_introspection_c.c.o[0m
[4.898s] [ 96%] [32m[1mLinking C shared library rosidl_generator_py/interface_package/interface_package_s__rosidl_typesupport_introspection_c.cpython-310-x86_64-linux-gnu.so[0m
[4.898s] [ 96%] [32m[1mLinking C shared library rosidl_generator_py/interface_package/interface_package_s__rosidl_typesupport_c.cpython-310-x86_64-linux-gnu.so[0m
[4.900s] [100%] [32m[1mLinking C shared library rosidl_generator_py/interface_package/interface_package_s__rosidl_typesupport_fastrtps_c.cpython-310-x86_64-linux-gnu.so[0m
[4.929s] [100%] Built target interface_package__rosidl_typesupport_c__pyext
[4.929s] [100%] Built target interface_package__rosidl_typesupport_introspection_c__pyext
[4.929s] [100%] Built target interface_package__rosidl_typesupport_fastrtps_c__pyext
[4.943s] Invoked command in '/home/jstone14/ENAE450_ws/src/build/interface_package' returned '0': CMAKE_PREFIX_PATH=${CMAKE_PREFIX_PATH}:/home/jstone14/tb3_ws/install/turtlebot3_teleop:/home/jstone14/tb3_ws/install/turtlebot3_example:/opt/ros/humble /usr/bin/cmake --build /home/jstone14/ENAE450_ws/src/build/interface_package -- -j4 -l4
[5.012s] Invoking command in '/home/jstone14/ENAE450_ws/src/build/interface_package': CMAKE_PREFIX_PATH=${CMAKE_PREFIX_PATH}:/home/jstone14/tb3_ws/install/turtlebot3_teleop:/home/jstone14/tb3_ws/install/turtlebot3_example:/opt/ros/humble /usr/bin/cmake --install /home/jstone14/ENAE450_ws/src/build/interface_package
[5.020s] -- Install configuration: ""
[5.020s] -- Execute custom install script
[5.021s] -- Symlinking: /home/jstone14/ENAE450_ws/src/install/interface_package/share/ament_index/resource_index/rosidl_interfaces/interface_package
[5.030s] -- Symlinking: /home/jstone14/ENAE450_ws/src/install/interface_package/include/interface_package/interface_package/msg/rosidl_generator_c__visibility_control.h
[5.039s] -- Symlinking: /home/jstone14/ENAE450_ws/src/install/interface_package/include/interface_package/interface_package/srv/aruco_detect_srv.h
[5.048s] -- Symlinking: /home/jstone14/ENAE450_ws/src/install/interface_package/include/interface_package/interface_package/srv/detail/aruco_detect_srv__functions.h
[5.055s] -- Symlinking: /home/jstone14/ENAE450_ws/src/install/interface_package/include/interface_package/interface_package/srv/detail/aruco_detect_srv__struct.h
[5.063s] -- Symlinking: /home/jstone14/ENAE450_ws/src/install/interface_package/include/interface_package/interface_package/srv/detail/aruco_detect_srv__type_support.h
[5.072s] -- Symlinking: /home/jstone14/ENAE450_ws/src/install/interface_package/share/interface_package/environment/library_path.sh
[5.080s] -- Symlinking: /home/jstone14/ENAE450_ws/src/install/interface_package/share/interface_package/environment/library_path.dsv
[5.088s] -- Symlinking: /home/jstone14/ENAE450_ws/src/install/interface_package/include/interface_package/interface_package/msg/rosidl_typesupport_fastrtps_c__visibility_control.h
[5.096s] -- Symlinking: /home/jstone14/ENAE450_ws/src/install/interface_package/include/interface_package/interface_package/srv/detail/aruco_detect_srv__rosidl_typesupport_fastrtps_c.h
[5.104s] -- Symlinking: /home/jstone14/ENAE450_ws/src/install/interface_package/include/interface_package/interface_package/srv/aruco_detect_srv.hpp
[5.113s] -- Symlinking: /home/jstone14/ENAE450_ws/src/install/interface_package/include/interface_package/interface_package/srv/detail/aruco_detect_srv__builder.hpp
[5.122s] -- Symlinking: /home/jstone14/ENAE450_ws/src/install/interface_package/include/interface_package/interface_package/srv/detail/aruco_detect_srv__struct.hpp
[5.129s] -- Symlinking: /home/jstone14/ENAE450_ws/src/install/interface_package/include/interface_package/interface_package/srv/detail/aruco_detect_srv__traits.hpp
[5.138s] -- Symlinking: /home/jstone14/ENAE450_ws/src/install/interface_package/include/interface_package/interface_package/msg/rosidl_typesupport_fastrtps_cpp__visibility_control.h
[5.146s] -- Symlinking: /home/jstone14/ENAE450_ws/src/install/interface_package/include/interface_package/interface_package/srv/detail/aruco_detect_srv__rosidl_typesupport_fastrtps_cpp.hpp
[5.153s] -- Symlinking: /home/jstone14/ENAE450_ws/src/install/interface_package/include/interface_package/interface_package/msg/rosidl_typesupport_introspection_c__visibility_control.h
[5.161s] -- Symlinking: /home/jstone14/ENAE450_ws/src/install/interface_package/include/interface_package/interface_package/srv/detail/aruco_detect_srv__rosidl_typesupport_introspection_c.h
[5.169s] -- Symlinking: /home/jstone14/ENAE450_ws/src/install/interface_package/include/interface_package/interface_package/srv/detail/aruco_detect_srv__rosidl_typesupport_introspection_cpp.hpp
[5.177s] -- Symlinking: /home/jstone14/ENAE450_ws/src/install/interface_package/share/interface_package/environment/pythonpath.sh
[5.186s] -- Symlinking: /home/jstone14/ENAE450_ws/src/install/interface_package/share/interface_package/environment/pythonpath.dsv
[5.195s] -- Symlinking: /home/jstone14/ENAE450_ws/src/install/interface_package/local/lib/python3.10/dist-packages/interface_package-0.0.0-py3.10.egg-info/PKG-INFO
[5.202s] -- Symlinking: /home/jstone14/ENAE450_ws/src/install/interface_package/local/lib/python3.10/dist-packages/interface_package-0.0.0-py3.10.egg-info/SOURCES.txt
[5.210s] -- Symlinking: /home/jstone14/ENAE450_ws/src/install/interface_package/local/lib/python3.10/dist-packages/interface_package-0.0.0-py3.10.egg-info/dependency_links.txt
[5.219s] -- Symlinking: /home/jstone14/ENAE450_ws/src/install/interface_package/local/lib/python3.10/dist-packages/interface_package-0.0.0-py3.10.egg-info/top_level.txt
[5.226s] -- Symlinking: /home/jstone14/ENAE450_ws/src/install/interface_package/local/lib/python3.10/dist-packages/interface_package/__init__.py
[5.235s] -- Symlinking: /home/jstone14/ENAE450_ws/src/install/interface_package/local/lib/python3.10/dist-packages/interface_package/_interface_package_s.ep.rosidl_typesupport_c.c
[5.242s] -- Symlinking: /home/jstone14/ENAE450_ws/src/install/interface_package/local/lib/python3.10/dist-packages/interface_package/_interface_package_s.ep.rosidl_typesupport_fastrtps_c.c
[5.250s] -- Symlinking: /home/jstone14/ENAE450_ws/src/install/interface_package/local/lib/python3.10/dist-packages/interface_package/_interface_package_s.ep.rosidl_typesupport_introspection_c.c
[5.258s] -- Symlinking: /home/jstone14/ENAE450_ws/src/install/interface_package/local/lib/python3.10/dist-packages/interface_package/interface_package_s__rosidl_typesupport_c.cpython-310-x86_64-linux-gnu.so
[5.265s] -- Symlinking: /home/jstone14/ENAE450_ws/src/install/interface_package/local/lib/python3.10/dist-packages/interface_package/interface_package_s__rosidl_typesupport_fastrtps_c.cpython-310-x86_64-linux-gnu.so
[5.272s] -- Symlinking: /home/jstone14/ENAE450_ws/src/install/interface_package/local/lib/python3.10/dist-packages/interface_package/interface_package_s__rosidl_typesupport_introspection_c.cpython-310-x86_64-linux-gnu.so
[5.280s] -- Symlinking: /home/jstone14/ENAE450_ws/src/install/interface_package/local/lib/python3.10/dist-packages/interface_package/libinterface_package__rosidl_generator_py.so
[5.288s] -- Symlinking: /home/jstone14/ENAE450_ws/src/install/interface_package/local/lib/python3.10/dist-packages/interface_package/srv/__init__.py
[5.298s] -- Symlinking: /home/jstone14/ENAE450_ws/src/install/interface_package/local/lib/python3.10/dist-packages/interface_package/srv/_aruco_detect_srv.py
[5.308s] -- Symlinking: /home/jstone14/ENAE450_ws/src/install/interface_package/local/lib/python3.10/dist-packages/interface_package/srv/_aruco_detect_srv_s.c
[5.317s] -- Up-to-date symlink: /home/jstone14/ENAE450_ws/src/install/interface_package/local/lib/python3.10/dist-packages/interface_package/interface_package_s__rosidl_typesupport_fastrtps_c.cpython-310-x86_64-linux-gnu.so
[5.318s] -- Up-to-date symlink: /home/jstone14/ENAE450_ws/src/install/interface_package/local/lib/python3.10/dist-packages/interface_package/interface_package_s__rosidl_typesupport_introspection_c.cpython-310-x86_64-linux-gnu.so
[5.318s] -- Up-to-date symlink: /home/jstone14/ENAE450_ws/src/install/interface_package/local/lib/python3.10/dist-packages/interface_package/interface_package_s__rosidl_typesupport_c.cpython-310-x86_64-linux-gnu.so
[5.318s] -- Symlinking: /home/jstone14/ENAE450_ws/src/install/interface_package/share/interface_package/srv/ArucoDetectSrv.idl
[5.327s] -- Symlinking: /home/jstone14/ENAE450_ws/src/install/interface_package/share/interface_package/srv/ArucoDetectSrv.srv
[5.336s] -- Symlinking: /home/jstone14/ENAE450_ws/src/install/interface_package/share/interface_package/srv/ArucoDetectSrv_Request.msg
[5.344s] -- Symlinking: /home/jstone14/ENAE450_ws/src/install/interface_package/share/interface_package/srv/ArucoDetectSrv_Response.msg
[5.352s] -- Symlinking: /home/jstone14/ENAE450_ws/src/install/interface_package/share/ament_index/resource_index/package_run_dependencies/interface_package
[5.360s] -- Symlinking: /home/jstone14/ENAE450_ws/src/install/interface_package/share/ament_index/resource_index/parent_prefix_path/interface_package
[5.368s] -- Symlinking: /home/jstone14/ENAE450_ws/src/install/interface_package/share/interface_package/environment/ament_prefix_path.sh
[5.376s] -- Symlinking: /home/jstone14/ENAE450_ws/src/install/interface_package/share/interface_package/environment/ament_prefix_path.dsv
[5.384s] -- Symlinking: /home/jstone14/ENAE450_ws/src/install/interface_package/share/interface_package/environment/path.sh
[5.392s] -- Symlinking: /home/jstone14/ENAE450_ws/src/install/interface_package/share/interface_package/environment/path.dsv
[5.400s] -- Symlinking: /home/jstone14/ENAE450_ws/src/install/interface_package/share/interface_package/local_setup.bash
[5.408s] -- Symlinking: /home/jstone14/ENAE450_ws/src/install/interface_package/share/interface_package/local_setup.sh
[5.417s] -- Symlinking: /home/jstone14/ENAE450_ws/src/install/interface_package/share/interface_package/local_setup.zsh
[5.426s] -- Symlinking: /home/jstone14/ENAE450_ws/src/install/interface_package/share/interface_package/local_setup.dsv
[5.434s] -- Symlinking: /home/jstone14/ENAE450_ws/src/install/interface_package/share/interface_package/package.dsv
[5.441s] -- Symlinking: /home/jstone14/ENAE450_ws/src/install/interface_package/share/ament_index/resource_index/packages/interface_package
[5.449s] -- Symlinking: /home/jstone14/ENAE450_ws/src/install/interface_package/share/interface_package/cmake/rosidl_cmake-extras.cmake
[5.457s] -- Symlinking: /home/jstone14/ENAE450_ws/src/install/interface_package/share/interface_package/cmake/ament_cmake_export_include_directories-extras.cmake
[5.465s] -- Symlinking: /home/jstone14/ENAE450_ws/src/install/interface_package/share/interface_package/cmake/ament_cmake_export_libraries-extras.cmake
[5.473s] -- Symlinking: /home/jstone14/ENAE450_ws/src/install/interface_package/share/interface_package/cmake/ament_cmake_export_targets-extras.cmake
[5.481s] -- Symlinking: /home/jstone14/ENAE450_ws/src/install/interface_package/share/interface_package/cmake/rosidl_cmake_export_typesupport_targets-extras.cmake
[5.491s] -- Symlinking: /home/jstone14/ENAE450_ws/src/install/interface_package/share/interface_package/cmake/ament_cmake_export_dependencies-extras.cmake
[5.498s] -- Symlinking: /home/jstone14/ENAE450_ws/src/install/interface_package/share/interface_package/cmake/rosidl_cmake_export_typesupport_libraries-extras.cmake
[5.505s] -- Symlinking: /home/jstone14/ENAE450_ws/src/install/interface_package/share/interface_package/cmake/interface_packageConfig.cmake
[5.514s] -- Symlinking: /home/jstone14/ENAE450_ws/src/install/interface_package/share/interface_package/cmake/interface_packageConfig-version.cmake
[5.522s] -- Symlinking: /home/jstone14/ENAE450_ws/src/install/interface_package/share/interface_package/package.xml
[5.530s] -- Installing: /home/jstone14/ENAE450_ws/src/install/interface_package/lib/libinterface_package__rosidl_generator_c.so
[5.530s] -- Set runtime path of "/home/jstone14/ENAE450_ws/src/install/interface_package/lib/libinterface_package__rosidl_generator_c.so" to ""
[5.531s] -- Installing: /home/jstone14/ENAE450_ws/src/install/interface_package/lib/libinterface_package__rosidl_typesupport_fastrtps_c.so
[5.531s] -- Set runtime path of "/home/jstone14/ENAE450_ws/src/install/interface_package/lib/libinterface_package__rosidl_typesupport_fastrtps_c.so" to ""
[5.531s] -- Installing: /home/jstone14/ENAE450_ws/src/install/interface_package/lib/libinterface_package__rosidl_typesupport_fastrtps_cpp.so
[5.532s] -- Set runtime path of "/home/jstone14/ENAE450_ws/src/install/interface_package/lib/libinterface_package__rosidl_typesupport_fastrtps_cpp.so" to ""
[5.532s] -- Installing: /home/jstone14/ENAE450_ws/src/install/interface_package/lib/libinterface_package__rosidl_typesupport_introspection_c.so
[5.532s] -- Set runtime path of "/home/jstone14/ENAE450_ws/src/install/interface_package/lib/libinterface_package__rosidl_typesupport_introspection_c.so" to ""
[5.533s] -- Installing: /home/jstone14/ENAE450_ws/src/install/interface_package/lib/libinterface_package__rosidl_typesupport_c.so
[5.533s] -- Set runtime path of "/home/jstone14/ENAE450_ws/src/install/interface_package/lib/libinterface_package__rosidl_typesupport_c.so" to ""
[5.533s] -- Installing: /home/jstone14/ENAE450_ws/src/install/interface_package/lib/libinterface_package__rosidl_typesupport_introspection_cpp.so
[5.534s] -- Set runtime path of "/home/jstone14/ENAE450_ws/src/install/interface_package/lib/libinterface_package__rosidl_typesupport_introspection_cpp.so" to ""
[5.534s] -- Installing: /home/jstone14/ENAE450_ws/src/install/interface_package/lib/libinterface_package__rosidl_typesupport_cpp.so
[5.534s] -- Set runtime path of "/home/jstone14/ENAE450_ws/src/install/interface_package/lib/libinterface_package__rosidl_typesupport_cpp.so" to ""
[5.568s] Listing '/home/jstone14/ENAE450_ws/src/install/interface_package/local/lib/python3.10/dist-packages/interface_package'...
[5.568s] Compiling '/home/jstone14/ENAE450_ws/src/install/interface_package/local/lib/python3.10/dist-packages/interface_package/__init__.py'...
[5.568s] Listing '/home/jstone14/ENAE450_ws/src/install/interface_package/local/lib/python3.10/dist-packages/interface_package/srv'...
[5.569s] Compiling '/home/jstone14/ENAE450_ws/src/install/interface_package/local/lib/python3.10/dist-packages/interface_package/srv/__init__.py'...
[5.569s] Compiling '/home/jstone14/ENAE450_ws/src/install/interface_package/local/lib/python3.10/dist-packages/interface_package/srv/_aruco_detect_srv.py'...
[5.572s] -- Installing: /home/jstone14/ENAE450_ws/src/install/interface_package/lib/libinterface_package__rosidl_generator_py.so
[5.577s] -- Set runtime path of "/home/jstone14/ENAE450_ws/src/install/interface_package/lib/libinterface_package__rosidl_generator_py.so" to ""
[5.577s] -- Installing: /home/jstone14/ENAE450_ws/src/install/interface_package/share/interface_package/cmake/export_interface_package__rosidl_generator_cExport.cmake
[5.577s] -- Installing: /home/jstone14/ENAE450_ws/src/install/interface_package/share/interface_package/cmake/export_interface_package__rosidl_generator_cExport-noconfig.cmake
[5.577s] -- Installing: /home/jstone14/ENAE450_ws/src/install/interface_package/share/interface_package/cmake/export_interface_package__rosidl_typesupport_fastrtps_cExport.cmake
[5.577s] -- Installing: /home/jstone14/ENAE450_ws/src/install/interface_package/share/interface_package/cmake/export_interface_package__rosidl_typesupport_fastrtps_cExport-noconfig.cmake
[5.577s] -- Installing: /home/jstone14/ENAE450_ws/src/install/interface_package/share/interface_package/cmake/export_interface_package__rosidl_generator_cppExport.cmake
[5.577s] -- Installing: /home/jstone14/ENAE450_ws/src/install/interface_package/share/interface_package/cmake/export_interface_package__rosidl_typesupport_fastrtps_cppExport.cmake
[5.577s] -- Installing: /home/jstone14/ENAE450_ws/src/install/interface_package/share/interface_package/cmake/export_interface_package__rosidl_typesupport_fastrtps_cppExport-noconfig.cmake
[5.577s] -- Installing: /home/jstone14/ENAE450_ws/src/install/interface_package/share/interface_package/cmake/interface_package__rosidl_typesupport_introspection_cExport.cmake
[5.577s] -- Installing: /home/jstone14/ENAE450_ws/src/install/interface_package/share/interface_package/cmake/interface_package__rosidl_typesupport_introspection_cExport-noconfig.cmake
[5.578s] -- Installing: /home/jstone14/ENAE450_ws/src/install/interface_package/share/interface_package/cmake/interface_package__rosidl_typesupport_cExport.cmake
[5.578s] -- Installing: /home/jstone14/ENAE450_ws/src/install/interface_package/share/interface_package/cmake/interface_package__rosidl_typesupport_cExport-noconfig.cmake
[5.578s] -- Installing: /home/jstone14/ENAE450_ws/src/install/interface_package/share/interface_package/cmake/interface_package__rosidl_typesupport_introspection_cppExport.cmake
[5.578s] -- Installing: /home/jstone14/ENAE450_ws/src/install/interface_package/share/interface_package/cmake/interface_package__rosidl_typesupport_introspection_cppExport-noconfig.cmake
[5.578s] -- Installing: /home/jstone14/ENAE450_ws/src/install/interface_package/share/interface_package/cmake/interface_package__rosidl_typesupport_cppExport.cmake
[5.578s] -- Installing: /home/jstone14/ENAE450_ws/src/install/interface_package/share/interface_package/cmake/interface_package__rosidl_typesupport_cppExport-noconfig.cmake
[5.578s] -- Installing: /home/jstone14/ENAE450_ws/src/install/interface_package/share/interface_package/cmake/export_interface_package__rosidl_generator_pyExport.cmake
[5.578s] -- Installing: /home/jstone14/ENAE450_ws/src/install/interface_package/share/interface_package/cmake/export_interface_package__rosidl_generator_pyExport-noconfig.cmake
[5.580s] Invoked command in '/home/jstone14/ENAE450_ws/src/build/interface_package' returned '0': CMAKE_PREFIX_PATH=${CMAKE_PREFIX_PATH}:/home/jstone14/tb3_ws/install/turtlebot3_teleop:/home/jstone14/tb3_ws/install/turtlebot3_example:/opt/ros/humble /usr/bin/cmake --install /home/jstone14/ENAE450_ws/src/build/interface_package
