-- Found ament_cmake: 1.3.8 (/opt/ros/humble/share/ament_cmake/cmake)
-- Override CMake install command with custom implementation using symlinks instead of copying resources
-- Found rclcpp: 16.0.8 (/opt/ros/humble/share/rclcpp/cmake)
-- Found rosidl_generator_c: 3.1.5 (/opt/ros/humble/share/rosidl_generator_c/cmake)
-- Found rosidl_adapter: 3.1.5 (/opt/ros/humble/share/rosidl_adapter/cmake)
-- Found rosidl_generator_cpp: 3.1.5 (/opt/ros/humble/share/rosidl_generator_cpp/cmake)
-- Using all available rosidl_typesupport_c: rosidl_typesupport_fastrtps_c;rosidl_typesupport_introspection_c
-- Using all available rosidl_typesupport_cpp: rosidl_typesupport_fastrtps_cpp;rosidl_typesupport_introspection_cpp
-- Found rmw_implementation_cmake: 6.1.1 (/opt/ros/humble/share/rmw_implementation_cmake/cmake)
-- Found rmw_fastrtps_cpp: 6.2.6 (/opt/ros/humble/share/rmw_fastrtps_cpp/cmake)
-- Using RMW implementation 'rmw_fastrtps_cpp' as default
-- Found rosidl_default_generators: 1.2.0 (/opt/ros/humble/share/rosidl_default_generators/cmake)
-- Found ament_cmake_ros: 0.10.0 (/opt/ros/humble/share/ament_cmake_ros/cmake)
-- Using all available rosidl_typesupport_c: rosidl_typesupport_fastrtps_c;rosidl_typesupport_introspection_c
-- Using all available rosidl_typesupport_cpp: rosidl_typesupport_fastrtps_cpp;rosidl_typesupport_introspection_cpp
-- Found python_cmake_module: 0.10.0 (/opt/ros/humble/share/python_cmake_module/cmake)
-- Using PYTHON_EXECUTABLE: /usr/bin/python3
-- Using PYTHON_INCLUDE_DIRS: /usr/include/python3.10
-- Using PYTHON_LIBRARIES: /usr/lib/x86_64-linux-gnu/libpython3.10.so
-- Found ament_lint_auto: 0.12.10 (/opt/ros/humble/share/ament_lint_auto/cmake)
-- Added test 'cppcheck' to perform static code analysis on C / C++ code
-- Configured cppcheck include dirs: $<BUILD_INTERFACE:/home/jstone14/ENAE450_ws/src/interface_package/build/interface_package/rosidl_generator_c>;$<BUILD_INTERFACE:/home/jstone14/ENAE450_ws/src/interface_package/build/interface_package/rosidl_typesupport_fastrtps_c>;$<BUILD_INTERFACE:/home/jstone14/ENAE450_ws/src/interface_package/build/interface_package/rosidl_generator_cpp>;$<BUILD_INTERFACE:/home/jstone14/ENAE450_ws/src/interface_package/build/interface_package/rosidl_typesupport_fastrtps_cpp>;$<BUILD_INTERFACE:/home/jstone14/ENAE450_ws/src/interface_package/build/interface_package/rosidl_typesupport_introspection_c>;$<BUILD_INTERFACE:/home/jstone14/ENAE450_ws/src/interface_package/build/interface_package/rosidl_typesupport_introspection_cpp>;/home/jstone14/ENAE450_ws/src/interface_package/build/interface_package/rosidl_generator_c;/home/jstone14/ENAE450_ws/src/interface_package/build/interface_package/rosidl_generator_py
-- Configured cppcheck exclude dirs and/or files: 
-- Added test 'flake8' to check Python code syntax and style conventions
-- Added test 'lint_cmake' to check CMake code style
-- Added test 'pep257' to check Python code against some of the docstring style conventions in PEP 257
-- Added test 'uncrustify' to check C / C++ code style
-- Configured uncrustify additional arguments: 
-- Added test 'xmllint' to check XML markup files
-- Configuring done
-- Generating done
-- Build files have been written to: /home/jstone14/ENAE450_ws/src/interface_package/build/interface_package
[35m[1mConsolidate compiler generated dependencies of target interface_package__rosidl_generator_c[0m
[  3%] Built target interface_package__cpp
[ 12%] Built target interface_package__rosidl_generator_c
[ 12%] Built target ament_cmake_python_symlink_interface_package
[35m[1mConsolidate compiler generated dependencies of target interface_package__rosidl_typesupport_fastrtps_cpp[0m
[35m[1mConsolidate compiler generated dependencies of target interface_package__rosidl_typesupport_cpp[0m
[35m[1mConsolidate compiler generated dependencies of target interface_package__rosidl_typesupport_introspection_cpp[0m
[35m[1mConsolidate compiler generated dependencies of target interface_package__rosidl_typesupport_fastrtps_c[0m
[ 22%] Built target interface_package__rosidl_typesupport_fastrtps_cpp
[ 32%] Built target interface_package__rosidl_typesupport_introspection_cpp
[ 41%] Built target interface_package__rosidl_typesupport_cpp
[35m[1mConsolidate compiler generated dependencies of target interface_package__rosidl_typesupport_introspection_c[0m
[ 51%] Built target interface_package__rosidl_typesupport_fastrtps_c
[35m[1mConsolidate compiler generated dependencies of target interface_package__rosidl_typesupport_c[0m
[ 64%] Built target interface_package__rosidl_typesupport_introspection_c
[ 70%] Built target interface_package__rosidl_typesupport_c
[ 70%] Built target interface_package
[ 74%] Built target interface_package__py
[35m[1mConsolidate compiler generated dependencies of target interface_package__rosidl_generator_py[0m
[ 80%] Built target interface_package__rosidl_generator_py
[35m[1mConsolidate compiler generated dependencies of target interface_package__rosidl_typesupport_introspection_c__pyext[0m
[35m[1mConsolidate compiler generated dependencies of target interface_package__rosidl_typesupport_c__pyext[0m
[35m[1mConsolidate compiler generated dependencies of target interface_package__rosidl_typesupport_fastrtps_c__pyext[0m
[ 93%] Built target interface_package__rosidl_typesupport_fastrtps_c__pyext
[ 93%] Built target interface_package__rosidl_typesupport_introspection_c__pyext
[100%] Built target interface_package__rosidl_typesupport_c__pyext
running egg_info
writing interface_package.egg-info/PKG-INFO
writing dependency_links to interface_package.egg-info/dependency_links.txt
writing top-level names to interface_package.egg-info/top_level.txt
reading manifest file 'interface_package.egg-info/SOURCES.txt'
writing manifest file 'interface_package.egg-info/SOURCES.txt'
[100%] Built target ament_cmake_python_build_interface_package_egg
-- Install configuration: ""
-- Execute custom install script
-- Up-to-date symlink: /home/jstone14/ENAE450_ws/src/interface_package/install/interface_package/share/ament_index/resource_index/rosidl_interfaces/interface_package
-- Up-to-date symlink: /home/jstone14/ENAE450_ws/src/interface_package/install/interface_package/include/interface_package/interface_package/msg/rosidl_generator_c__visibility_control.h
-- Up-to-date symlink: /home/jstone14/ENAE450_ws/src/interface_package/install/interface_package/include/interface_package/interface_package/srv/aruco_detect_srv.h
-- Up-to-date symlink: /home/jstone14/ENAE450_ws/src/interface_package/install/interface_package/include/interface_package/interface_package/srv/detail/aruco_detect_srv__functions.h
-- Up-to-date symlink: /home/jstone14/ENAE450_ws/src/interface_package/install/interface_package/include/interface_package/interface_package/srv/detail/aruco_detect_srv__struct.h
-- Up-to-date symlink: /home/jstone14/ENAE450_ws/src/interface_package/install/interface_package/include/interface_package/interface_package/srv/detail/aruco_detect_srv__type_support.h
-- Up-to-date symlink: /home/jstone14/ENAE450_ws/src/interface_package/install/interface_package/share/interface_package/environment/library_path.sh
-- Up-to-date symlink: /home/jstone14/ENAE450_ws/src/interface_package/install/interface_package/share/interface_package/environment/library_path.dsv
-- Up-to-date symlink: /home/jstone14/ENAE450_ws/src/interface_package/install/interface_package/include/interface_package/interface_package/msg/rosidl_typesupport_fastrtps_c__visibility_control.h
-- Up-to-date symlink: /home/jstone14/ENAE450_ws/src/interface_package/install/interface_package/include/interface_package/interface_package/srv/detail/aruco_detect_srv__rosidl_typesupport_fastrtps_c.h
-- Up-to-date symlink: /home/jstone14/ENAE450_ws/src/interface_package/install/interface_package/include/interface_package/interface_package/srv/aruco_detect_srv.hpp
-- Up-to-date symlink: /home/jstone14/ENAE450_ws/src/interface_package/install/interface_package/include/interface_package/interface_package/srv/detail/aruco_detect_srv__builder.hpp
-- Up-to-date symlink: /home/jstone14/ENAE450_ws/src/interface_package/install/interface_package/include/interface_package/interface_package/srv/detail/aruco_detect_srv__struct.hpp
-- Up-to-date symlink: /home/jstone14/ENAE450_ws/src/interface_package/install/interface_package/include/interface_package/interface_package/srv/detail/aruco_detect_srv__traits.hpp
-- Up-to-date symlink: /home/jstone14/ENAE450_ws/src/interface_package/install/interface_package/include/interface_package/interface_package/msg/rosidl_typesupport_fastrtps_cpp__visibility_control.h
-- Up-to-date symlink: /home/jstone14/ENAE450_ws/src/interface_package/install/interface_package/include/interface_package/interface_package/srv/detail/aruco_detect_srv__rosidl_typesupport_fastrtps_cpp.hpp
-- Up-to-date symlink: /home/jstone14/ENAE450_ws/src/interface_package/install/interface_package/include/interface_package/interface_package/msg/rosidl_typesupport_introspection_c__visibility_control.h
-- Up-to-date symlink: /home/jstone14/ENAE450_ws/src/interface_package/install/interface_package/include/interface_package/interface_package/srv/detail/aruco_detect_srv__rosidl_typesupport_introspection_c.h
-- Up-to-date symlink: /home/jstone14/ENAE450_ws/src/interface_package/install/interface_package/include/interface_package/interface_package/srv/detail/aruco_detect_srv__rosidl_typesupport_introspection_cpp.hpp
-- Up-to-date symlink: /home/jstone14/ENAE450_ws/src/interface_package/install/interface_package/share/interface_package/environment/pythonpath.sh
-- Up-to-date symlink: /home/jstone14/ENAE450_ws/src/interface_package/install/interface_package/share/interface_package/environment/pythonpath.dsv
-- Up-to-date symlink: /home/jstone14/ENAE450_ws/src/interface_package/install/interface_package/local/lib/python3.10/dist-packages/interface_package-0.0.0-py3.10.egg-info/PKG-INFO
-- Up-to-date symlink: /home/jstone14/ENAE450_ws/src/interface_package/install/interface_package/local/lib/python3.10/dist-packages/interface_package-0.0.0-py3.10.egg-info/SOURCES.txt
-- Up-to-date symlink: /home/jstone14/ENAE450_ws/src/interface_package/install/interface_package/local/lib/python3.10/dist-packages/interface_package-0.0.0-py3.10.egg-info/dependency_links.txt
-- Up-to-date symlink: /home/jstone14/ENAE450_ws/src/interface_package/install/interface_package/local/lib/python3.10/dist-packages/interface_package-0.0.0-py3.10.egg-info/top_level.txt
-- Up-to-date symlink: /home/jstone14/ENAE450_ws/src/interface_package/install/interface_package/local/lib/python3.10/dist-packages/interface_package/__init__.py
-- Up-to-date symlink: /home/jstone14/ENAE450_ws/src/interface_package/install/interface_package/local/lib/python3.10/dist-packages/interface_package/_interface_package_s.ep.rosidl_typesupport_c.c
-- Up-to-date symlink: /home/jstone14/ENAE450_ws/src/interface_package/install/interface_package/local/lib/python3.10/dist-packages/interface_package/_interface_package_s.ep.rosidl_typesupport_fastrtps_c.c
-- Up-to-date symlink: /home/jstone14/ENAE450_ws/src/interface_package/install/interface_package/local/lib/python3.10/dist-packages/interface_package/_interface_package_s.ep.rosidl_typesupport_introspection_c.c
-- Up-to-date symlink: /home/jstone14/ENAE450_ws/src/interface_package/install/interface_package/local/lib/python3.10/dist-packages/interface_package/interface_package_s__rosidl_typesupport_c.cpython-310-x86_64-linux-gnu.so
-- Up-to-date symlink: /home/jstone14/ENAE450_ws/src/interface_package/install/interface_package/local/lib/python3.10/dist-packages/interface_package/interface_package_s__rosidl_typesupport_fastrtps_c.cpython-310-x86_64-linux-gnu.so
-- Up-to-date symlink: /home/jstone14/ENAE450_ws/src/interface_package/install/interface_package/local/lib/python3.10/dist-packages/interface_package/interface_package_s__rosidl_typesupport_introspection_c.cpython-310-x86_64-linux-gnu.so
-- Up-to-date symlink: /home/jstone14/ENAE450_ws/src/interface_package/install/interface_package/local/lib/python3.10/dist-packages/interface_package/libinterface_package__rosidl_generator_py.so
-- Up-to-date symlink: /home/jstone14/ENAE450_ws/src/interface_package/install/interface_package/local/lib/python3.10/dist-packages/interface_package/srv/__init__.py
-- Up-to-date symlink: /home/jstone14/ENAE450_ws/src/interface_package/install/interface_package/local/lib/python3.10/dist-packages/interface_package/srv/_aruco_detect_srv.py
-- Up-to-date symlink: /home/jstone14/ENAE450_ws/src/interface_package/install/interface_package/local/lib/python3.10/dist-packages/interface_package/srv/_aruco_detect_srv_s.c
-- Up-to-date symlink: /home/jstone14/ENAE450_ws/src/interface_package/install/interface_package/local/lib/python3.10/dist-packages/interface_package/interface_package_s__rosidl_typesupport_fastrtps_c.cpython-310-x86_64-linux-gnu.so
-- Up-to-date symlink: /home/jstone14/ENAE450_ws/src/interface_package/install/interface_package/local/lib/python3.10/dist-packages/interface_package/interface_package_s__rosidl_typesupport_introspection_c.cpython-310-x86_64-linux-gnu.so
-- Up-to-date symlink: /home/jstone14/ENAE450_ws/src/interface_package/install/interface_package/local/lib/python3.10/dist-packages/interface_package/interface_package_s__rosidl_typesupport_c.cpython-310-x86_64-linux-gnu.so
-- Up-to-date symlink: /home/jstone14/ENAE450_ws/src/interface_package/install/interface_package/share/interface_package/srv/ArucoDetectSrv.idl
-- Up-to-date symlink: /home/jstone14/ENAE450_ws/src/interface_package/install/interface_package/share/interface_package/srv/ArucoDetectSrv.srv
-- Up-to-date symlink: /home/jstone14/ENAE450_ws/src/interface_package/install/interface_package/share/interface_package/srv/ArucoDetectSrv_Request.msg
-- Up-to-date symlink: /home/jstone14/ENAE450_ws/src/interface_package/install/interface_package/share/interface_package/srv/ArucoDetectSrv_Response.msg
-- Up-to-date symlink: /home/jstone14/ENAE450_ws/src/interface_package/install/interface_package/share/ament_index/resource_index/package_run_dependencies/interface_package
-- Up-to-date symlink: /home/jstone14/ENAE450_ws/src/interface_package/install/interface_package/share/ament_index/resource_index/parent_prefix_path/interface_package
-- Up-to-date symlink: /home/jstone14/ENAE450_ws/src/interface_package/install/interface_package/share/interface_package/environment/ament_prefix_path.sh
-- Up-to-date symlink: /home/jstone14/ENAE450_ws/src/interface_package/install/interface_package/share/interface_package/environment/ament_prefix_path.dsv
-- Up-to-date symlink: /home/jstone14/ENAE450_ws/src/interface_package/install/interface_package/share/interface_package/environment/path.sh
-- Up-to-date symlink: /home/jstone14/ENAE450_ws/src/interface_package/install/interface_package/share/interface_package/environment/path.dsv
-- Up-to-date symlink: /home/jstone14/ENAE450_ws/src/interface_package/install/interface_package/share/interface_package/local_setup.bash
-- Up-to-date symlink: /home/jstone14/ENAE450_ws/src/interface_package/install/interface_package/share/interface_package/local_setup.sh
-- Up-to-date symlink: /home/jstone14/ENAE450_ws/src/interface_package/install/interface_package/share/interface_package/local_setup.zsh
-- Up-to-date symlink: /home/jstone14/ENAE450_ws/src/interface_package/install/interface_package/share/interface_package/local_setup.dsv
-- Symlinking: /home/jstone14/ENAE450_ws/src/interface_package/install/interface_package/share/interface_package/package.dsv
-- Up-to-date symlink: /home/jstone14/ENAE450_ws/src/interface_package/install/interface_package/share/ament_index/resource_index/packages/interface_package
-- Up-to-date symlink: /home/jstone14/ENAE450_ws/src/interface_package/install/interface_package/share/interface_package/cmake/rosidl_cmake-extras.cmake
-- Up-to-date symlink: /home/jstone14/ENAE450_ws/src/interface_package/install/interface_package/share/interface_package/cmake/ament_cmake_export_include_directories-extras.cmake
-- Up-to-date symlink: /home/jstone14/ENAE450_ws/src/interface_package/install/interface_package/share/interface_package/cmake/ament_cmake_export_libraries-extras.cmake
-- Up-to-date symlink: /home/jstone14/ENAE450_ws/src/interface_package/install/interface_package/share/interface_package/cmake/ament_cmake_export_targets-extras.cmake
-- Up-to-date symlink: /home/jstone14/ENAE450_ws/src/interface_package/install/interface_package/share/interface_package/cmake/rosidl_cmake_export_typesupport_targets-extras.cmake
-- Up-to-date symlink: /home/jstone14/ENAE450_ws/src/interface_package/install/interface_package/share/interface_package/cmake/ament_cmake_export_dependencies-extras.cmake
-- Up-to-date symlink: /home/jstone14/ENAE450_ws/src/interface_package/install/interface_package/share/interface_package/cmake/rosidl_cmake_export_typesupport_libraries-extras.cmake
-- Up-to-date symlink: /home/jstone14/ENAE450_ws/src/interface_package/install/interface_package/share/interface_package/cmake/interface_packageConfig.cmake
-- Up-to-date symlink: /home/jstone14/ENAE450_ws/src/interface_package/install/interface_package/share/interface_package/cmake/interface_packageConfig-version.cmake
-- Up-to-date symlink: /home/jstone14/ENAE450_ws/src/interface_package/install/interface_package/share/interface_package/package.xml
-- Up-to-date: /home/jstone14/ENAE450_ws/src/interface_package/install/interface_package/lib/libinterface_package__rosidl_generator_c.so
-- Up-to-date: /home/jstone14/ENAE450_ws/src/interface_package/install/interface_package/lib/libinterface_package__rosidl_typesupport_fastrtps_c.so
-- Up-to-date: /home/jstone14/ENAE450_ws/src/interface_package/install/interface_package/lib/libinterface_package__rosidl_typesupport_fastrtps_cpp.so
-- Up-to-date: /home/jstone14/ENAE450_ws/src/interface_package/install/interface_package/lib/libinterface_package__rosidl_typesupport_introspection_c.so
-- Up-to-date: /home/jstone14/ENAE450_ws/src/interface_package/install/interface_package/lib/libinterface_package__rosidl_typesupport_c.so
-- Up-to-date: /home/jstone14/ENAE450_ws/src/interface_package/install/interface_package/lib/libinterface_package__rosidl_typesupport_introspection_cpp.so
-- Up-to-date: /home/jstone14/ENAE450_ws/src/interface_package/install/interface_package/lib/libinterface_package__rosidl_typesupport_cpp.so
Listing '/home/jstone14/ENAE450_ws/src/interface_package/install/interface_package/local/lib/python3.10/dist-packages/interface_package'...
Compiling '/home/jstone14/ENAE450_ws/src/interface_package/install/interface_package/local/lib/python3.10/dist-packages/interface_package/__init__.py'...
Listing '/home/jstone14/ENAE450_ws/src/interface_package/install/interface_package/local/lib/python3.10/dist-packages/interface_package/srv'...
-- Up-to-date: /home/jstone14/ENAE450_ws/src/interface_package/install/interface_package/lib/libinterface_package__rosidl_generator_py.so
-- Up-to-date: /home/jstone14/ENAE450_ws/src/interface_package/install/interface_package/share/interface_package/cmake/export_interface_package__rosidl_generator_cExport.cmake
-- Up-to-date: /home/jstone14/ENAE450_ws/src/interface_package/install/interface_package/share/interface_package/cmake/export_interface_package__rosidl_generator_cExport-noconfig.cmake
-- Up-to-date: /home/jstone14/ENAE450_ws/src/interface_package/install/interface_package/share/interface_package/cmake/export_interface_package__rosidl_typesupport_fastrtps_cExport.cmake
-- Up-to-date: /home/jstone14/ENAE450_ws/src/interface_package/install/interface_package/share/interface_package/cmake/export_interface_package__rosidl_typesupport_fastrtps_cExport-noconfig.cmake
-- Up-to-date: /home/jstone14/ENAE450_ws/src/interface_package/install/interface_package/share/interface_package/cmake/export_interface_package__rosidl_generator_cppExport.cmake
-- Up-to-date: /home/jstone14/ENAE450_ws/src/interface_package/install/interface_package/share/interface_package/cmake/export_interface_package__rosidl_typesupport_fastrtps_cppExport.cmake
-- Up-to-date: /home/jstone14/ENAE450_ws/src/interface_package/install/interface_package/share/interface_package/cmake/export_interface_package__rosidl_typesupport_fastrtps_cppExport-noconfig.cmake
-- Up-to-date: /home/jstone14/ENAE450_ws/src/interface_package/install/interface_package/share/interface_package/cmake/interface_package__rosidl_typesupport_introspection_cExport.cmake
-- Up-to-date: /home/jstone14/ENAE450_ws/src/interface_package/install/interface_package/share/interface_package/cmake/interface_package__rosidl_typesupport_introspection_cExport-noconfig.cmake
-- Up-to-date: /home/jstone14/ENAE450_ws/src/interface_package/install/interface_package/share/interface_package/cmake/interface_package__rosidl_typesupport_cExport.cmake
-- Up-to-date: /home/jstone14/ENAE450_ws/src/interface_package/install/interface_package/share/interface_package/cmake/interface_package__rosidl_typesupport_cExport-noconfig.cmake
-- Up-to-date: /home/jstone14/ENAE450_ws/src/interface_package/install/interface_package/share/interface_package/cmake/interface_package__rosidl_typesupport_introspection_cppExport.cmake
-- Up-to-date: /home/jstone14/ENAE450_ws/src/interface_package/install/interface_package/share/interface_package/cmake/interface_package__rosidl_typesupport_introspection_cppExport-noconfig.cmake
-- Up-to-date: /home/jstone14/ENAE450_ws/src/interface_package/install/interface_package/share/interface_package/cmake/interface_package__rosidl_typesupport_cppExport.cmake
-- Up-to-date: /home/jstone14/ENAE450_ws/src/interface_package/install/interface_package/share/interface_package/cmake/interface_package__rosidl_typesupport_cppExport-noconfig.cmake
-- Up-to-date: /home/jstone14/ENAE450_ws/src/interface_package/install/interface_package/share/interface_package/cmake/export_interface_package__rosidl_generator_pyExport.cmake
-- Up-to-date: /home/jstone14/ENAE450_ws/src/interface_package/install/interface_package/share/interface_package/cmake/export_interface_package__rosidl_generator_pyExport-noconfig.cmake
