[0.016s] Invoking command in '/home/jstone14/ENAE450_ws/src/interface_package/build/interface_package': CMAKE_PREFIX_PATH=${CMAKE_PREFIX_PATH}:/home/jstone14/tb3_ws/install/turtlebot3_teleop:/home/jstone14/tb3_ws/install/turtlebot3_example:/opt/ros/humble /usr/bin/cmake /home/jstone14/ENAE450_ws/src/interface_package -DAMENT_CMAKE_SYMLINK_INSTALL=1 -DCMAKE_INSTALL_PREFIX=/home/jstone14/ENAE450_ws/src/interface_package/install/interface_package
[0.032s] -- Found ament_cmake: 1.3.8 (/opt/ros/humble/share/ament_cmake/cmake)
[0.148s] -- Override CMake install command with custom implementation using symlinks instead of copying resources
[0.152s] -- Found rclcpp: 16.0.8 (/opt/ros/humble/share/rclcpp/cmake)
[0.178s] -- Found rosidl_generator_c: 3.1.5 (/opt/ros/humble/share/rosidl_generator_c/cmake)
[0.181s] -- Found rosidl_adapter: 3.1.5 (/opt/ros/humble/share/rosidl_adapter/cmake)
[0.186s] -- Found rosidl_generator_cpp: 3.1.5 (/opt/ros/humble/share/rosidl_generator_cpp/cmake)
[0.196s] -- Using all available rosidl_typesupport_c: rosidl_typesupport_fastrtps_c;rosidl_typesupport_introspection_c
[0.213s] -- Using all available rosidl_typesupport_cpp: rosidl_typesupport_fastrtps_cpp;rosidl_typesupport_introspection_cpp
[0.266s] -- Found rmw_implementation_cmake: 6.1.1 (/opt/ros/humble/share/rmw_implementation_cmake/cmake)
[0.268s] -- Found rmw_fastrtps_cpp: 6.2.6 (/opt/ros/humble/share/rmw_fastrtps_cpp/cmake)
[0.431s] -- Using RMW implementation 'rmw_fastrtps_cpp' as default
[0.583s] -- Found rosidl_default_generators: 1.2.0 (/opt/ros/humble/share/rosidl_default_generators/cmake)
[0.816s] -- Found ament_cmake_ros: 0.10.0 (/opt/ros/humble/share/ament_cmake_ros/cmake)
[1.092s] -- Using all available rosidl_typesupport_c: rosidl_typesupport_fastrtps_c;rosidl_typesupport_introspection_c
[1.199s] -- Using all available rosidl_typesupport_cpp: rosidl_typesupport_fastrtps_cpp;rosidl_typesupport_introspection_cpp
[1.220s] -- Found python_cmake_module: 0.10.0 (/opt/ros/humble/share/python_cmake_module/cmake)
[1.241s] -- Using PYTHON_EXECUTABLE: /usr/bin/python3
[1.241s] -- Using PYTHON_INCLUDE_DIRS: /usr/include/python3.10
[1.241s] -- Using PYTHON_LIBRARIES: /usr/lib/x86_64-linux-gnu/libpython3.10.so
[1.258s] -- Found ament_lint_auto: 0.12.10 (/opt/ros/humble/share/ament_lint_auto/cmake)
[1.292s] -- Added test 'cppcheck' to perform static code analysis on C / C++ code
[1.292s] -- Configured cppcheck include dirs: $<BUILD_INTERFACE:/home/jstone14/ENAE450_ws/src/interface_package/build/interface_package/rosidl_generator_c>;$<BUILD_INTERFACE:/home/jstone14/ENAE450_ws/src/interface_package/build/interface_package/rosidl_typesupport_fastrtps_c>;$<BUILD_INTERFACE:/home/jstone14/ENAE450_ws/src/interface_package/build/interface_package/rosidl_generator_cpp>;$<BUILD_INTERFACE:/home/jstone14/ENAE450_ws/src/interface_package/build/interface_package/rosidl_typesupport_fastrtps_cpp>;$<BUILD_INTERFACE:/home/jstone14/ENAE450_ws/src/interface_package/build/interface_package/rosidl_typesupport_introspection_c>;$<BUILD_INTERFACE:/home/jstone14/ENAE450_ws/src/interface_package/build/interface_package/rosidl_typesupport_introspection_cpp>;/home/jstone14/ENAE450_ws/src/interface_package/build/interface_package/rosidl_generator_c;/home/jstone14/ENAE450_ws/src/interface_package/build/interface_package/rosidl_generator_py
[1.292s] -- Configured cppcheck exclude dirs and/or files: 
[1.296s] -- Added test 'flake8' to check Python code syntax and style conventions
[1.301s] -- Added test 'lint_cmake' to check CMake code style
[1.304s] -- Added test 'pep257' to check Python code against some of the docstring style conventions in PEP 257
[1.327s] -- Added test 'uncrustify' to check C / C++ code style
[1.328s] -- Configured uncrustify additional arguments: 
[1.330s] -- Added test 'xmllint' to check XML markup files
[1.334s] -- Configuring done
[1.372s] -- Generating done
[1.377s] -- Build files have been written to: /home/jstone14/ENAE450_ws/src/interface_package/build/interface_package
[1.389s] Invoked command in '/home/jstone14/ENAE450_ws/src/interface_package/build/interface_package' returned '0': CMAKE_PREFIX_PATH=${CMAKE_PREFIX_PATH}:/home/jstone14/tb3_ws/install/turtlebot3_teleop:/home/jstone14/tb3_ws/install/turtlebot3_example:/opt/ros/humble /usr/bin/cmake /home/jstone14/ENAE450_ws/src/interface_package -DAMENT_CMAKE_SYMLINK_INSTALL=1 -DCMAKE_INSTALL_PREFIX=/home/jstone14/ENAE450_ws/src/interface_package/install/interface_package
[1.390s] Invoking command in '/home/jstone14/ENAE450_ws/src/interface_package/build/interface_package': CMAKE_PREFIX_PATH=${CMAKE_PREFIX_PATH}:/home/jstone14/tb3_ws/install/turtlebot3_teleop:/home/jstone14/tb3_ws/install/turtlebot3_example:/opt/ros/humble /usr/bin/cmake --build /home/jstone14/ENAE450_ws/src/interface_package/build/interface_package -- -j4 -l4
[1.431s] [35m[1mConsolidate compiler generated dependencies of target interface_package__rosidl_generator_c[0m
[1.441s] [  3%] Built target interface_package__cpp
[1.444s] [ 12%] Built target interface_package__rosidl_generator_c
[1.453s] [ 12%] Built target ament_cmake_python_symlink_interface_package
[1.453s] [35m[1mConsolidate compiler generated dependencies of target interface_package__rosidl_typesupport_fastrtps_cpp[0m
[1.455s] [35m[1mConsolidate compiler generated dependencies of target interface_package__rosidl_typesupport_cpp[0m
[1.465s] [35m[1mConsolidate compiler generated dependencies of target interface_package__rosidl_typesupport_introspection_cpp[0m
[1.470s] [35m[1mConsolidate compiler generated dependencies of target interface_package__rosidl_typesupport_fastrtps_c[0m
[1.478s] [ 22%] Built target interface_package__rosidl_typesupport_fastrtps_cpp
[1.484s] [ 32%] Built target interface_package__rosidl_typesupport_introspection_cpp
[1.486s] [ 41%] Built target interface_package__rosidl_typesupport_cpp
[1.492s] [35m[1mConsolidate compiler generated dependencies of target interface_package__rosidl_typesupport_introspection_c[0m
[1.496s] [ 51%] Built target interface_package__rosidl_typesupport_fastrtps_c
[1.498s] [35m[1mConsolidate compiler generated dependencies of target interface_package__rosidl_typesupport_c[0m
[1.510s] [ 64%] Built target interface_package__rosidl_typesupport_introspection_c
[1.511s] [ 70%] Built target interface_package__rosidl_typesupport_c
[1.532s] [ 70%] Built target interface_package
[1.553s] [ 74%] Built target interface_package__py
[1.566s] [35m[1mConsolidate compiler generated dependencies of target interface_package__rosidl_generator_py[0m
[1.580s] [ 80%] Built target interface_package__rosidl_generator_py
[1.591s] [35m[1mConsolidate compiler generated dependencies of target interface_package__rosidl_typesupport_introspection_c__pyext[0m
[1.591s] [35m[1mConsolidate compiler generated dependencies of target interface_package__rosidl_typesupport_c__pyext[0m
[1.591s] [35m[1mConsolidate compiler generated dependencies of target interface_package__rosidl_typesupport_fastrtps_c__pyext[0m
[1.619s] [ 93%] Built target interface_package__rosidl_typesupport_fastrtps_c__pyext
[1.619s] [ 93%] Built target interface_package__rosidl_typesupport_introspection_c__pyext
[1.628s] [100%] Built target interface_package__rosidl_typesupport_c__pyext
[1.783s] running egg_info
[1.784s] writing interface_package.egg-info/PKG-INFO
[1.784s] writing dependency_links to interface_package.egg-info/dependency_links.txt
[1.785s] writing top-level names to interface_package.egg-info/top_level.txt
[1.787s] reading manifest file 'interface_package.egg-info/SOURCES.txt'
[1.788s] writing manifest file 'interface_package.egg-info/SOURCES.txt'
[1.815s] [100%] Built target ament_cmake_python_build_interface_package_egg
[1.826s] Invoked command in '/home/jstone14/ENAE450_ws/src/interface_package/build/interface_package' returned '0': CMAKE_PREFIX_PATH=${CMAKE_PREFIX_PATH}:/home/jstone14/tb3_ws/install/turtlebot3_teleop:/home/jstone14/tb3_ws/install/turtlebot3_example:/opt/ros/humble /usr/bin/cmake --build /home/jstone14/ENAE450_ws/src/interface_package/build/interface_package -- -j4 -l4
[1.896s] Invoking command in '/home/jstone14/ENAE450_ws/src/interface_package/build/interface_package': CMAKE_PREFIX_PATH=${CMAKE_PREFIX_PATH}:/home/jstone14/tb3_ws/install/turtlebot3_teleop:/home/jstone14/tb3_ws/install/turtlebot3_example:/opt/ros/humble /usr/bin/cmake --install /home/jstone14/ENAE450_ws/src/interface_package/build/interface_package
[1.903s] -- Install configuration: ""
[1.904s] -- Execute custom install script
[1.904s] -- Up-to-date symlink: /home/jstone14/ENAE450_ws/src/interface_package/install/interface_package/share/ament_index/resource_index/rosidl_interfaces/interface_package
[1.905s] -- Up-to-date symlink: /home/jstone14/ENAE450_ws/src/interface_package/install/interface_package/include/interface_package/interface_package/msg/rosidl_generator_c__visibility_control.h
[1.905s] -- Up-to-date symlink: /home/jstone14/ENAE450_ws/src/interface_package/install/interface_package/include/interface_package/interface_package/srv/aruco_detect_srv.h
[1.905s] -- Up-to-date symlink: /home/jstone14/ENAE450_ws/src/interface_package/install/interface_package/include/interface_package/interface_package/srv/detail/aruco_detect_srv__functions.h
[1.905s] -- Up-to-date symlink: /home/jstone14/ENAE450_ws/src/interface_package/install/interface_package/include/interface_package/interface_package/srv/detail/aruco_detect_srv__struct.h
[1.905s] -- Up-to-date symlink: /home/jstone14/ENAE450_ws/src/interface_package/install/interface_package/include/interface_package/interface_package/srv/detail/aruco_detect_srv__type_support.h
[1.905s] -- Up-to-date symlink: /home/jstone14/ENAE450_ws/src/interface_package/install/interface_package/share/interface_package/environment/library_path.sh
[1.905s] -- Up-to-date symlink: /home/jstone14/ENAE450_ws/src/interface_package/install/interface_package/share/interface_package/environment/library_path.dsv
[1.906s] -- Up-to-date symlink: /home/jstone14/ENAE450_ws/src/interface_package/install/interface_package/include/interface_package/interface_package/msg/rosidl_typesupport_fastrtps_c__visibility_control.h
[1.906s] -- Up-to-date symlink: /home/jstone14/ENAE450_ws/src/interface_package/install/interface_package/include/interface_package/interface_package/srv/detail/aruco_detect_srv__rosidl_typesupport_fastrtps_c.h
[1.906s] -- Up-to-date symlink: /home/jstone14/ENAE450_ws/src/interface_package/install/interface_package/include/interface_package/interface_package/srv/aruco_detect_srv.hpp
[1.906s] -- Up-to-date symlink: /home/jstone14/ENAE450_ws/src/interface_package/install/interface_package/include/interface_package/interface_package/srv/detail/aruco_detect_srv__builder.hpp
[1.907s] -- Up-to-date symlink: /home/jstone14/ENAE450_ws/src/interface_package/install/interface_package/include/interface_package/interface_package/srv/detail/aruco_detect_srv__struct.hpp
[1.907s] -- Up-to-date symlink: /home/jstone14/ENAE450_ws/src/interface_package/install/interface_package/include/interface_package/interface_package/srv/detail/aruco_detect_srv__traits.hpp
[1.907s] -- Up-to-date symlink: /home/jstone14/ENAE450_ws/src/interface_package/install/interface_package/include/interface_package/interface_package/msg/rosidl_typesupport_fastrtps_cpp__visibility_control.h
[1.907s] -- Up-to-date symlink: /home/jstone14/ENAE450_ws/src/interface_package/install/interface_package/include/interface_package/interface_package/srv/detail/aruco_detect_srv__rosidl_typesupport_fastrtps_cpp.hpp
[1.907s] -- Up-to-date symlink: /home/jstone14/ENAE450_ws/src/interface_package/install/interface_package/include/interface_package/interface_package/msg/rosidl_typesupport_introspection_c__visibility_control.h
[1.908s] -- Up-to-date symlink: /home/jstone14/ENAE450_ws/src/interface_package/install/interface_package/include/interface_package/interface_package/srv/detail/aruco_detect_srv__rosidl_typesupport_introspection_c.h
[1.908s] -- Up-to-date symlink: /home/jstone14/ENAE450_ws/src/interface_package/install/interface_package/include/interface_package/interface_package/srv/detail/aruco_detect_srv__rosidl_typesupport_introspection_cpp.hpp
[1.908s] -- Up-to-date symlink: /home/jstone14/ENAE450_ws/src/interface_package/install/interface_package/share/interface_package/environment/pythonpath.sh
[1.908s] -- Up-to-date symlink: /home/jstone14/ENAE450_ws/src/interface_package/install/interface_package/share/interface_package/environment/pythonpath.dsv
[1.909s] -- Up-to-date symlink: /home/jstone14/ENAE450_ws/src/interface_package/install/interface_package/local/lib/python3.10/dist-packages/interface_package-0.0.0-py3.10.egg-info/PKG-INFO
[1.909s] -- Up-to-date symlink: /home/jstone14/ENAE450_ws/src/interface_package/install/interface_package/local/lib/python3.10/dist-packages/interface_package-0.0.0-py3.10.egg-info/SOURCES.txt
[1.909s] -- Up-to-date symlink: /home/jstone14/ENAE450_ws/src/interface_package/install/interface_package/local/lib/python3.10/dist-packages/interface_package-0.0.0-py3.10.egg-info/dependency_links.txt
[1.909s] -- Up-to-date symlink: /home/jstone14/ENAE450_ws/src/interface_package/install/interface_package/local/lib/python3.10/dist-packages/interface_package-0.0.0-py3.10.egg-info/top_level.txt
[1.909s] -- Up-to-date symlink: /home/jstone14/ENAE450_ws/src/interface_package/install/interface_package/local/lib/python3.10/dist-packages/interface_package/__init__.py
[1.910s] -- Up-to-date symlink: /home/jstone14/ENAE450_ws/src/interface_package/install/interface_package/local/lib/python3.10/dist-packages/interface_package/_interface_package_s.ep.rosidl_typesupport_c.c
[1.910s] -- Up-to-date symlink: /home/jstone14/ENAE450_ws/src/interface_package/install/interface_package/local/lib/python3.10/dist-packages/interface_package/_interface_package_s.ep.rosidl_typesupport_fastrtps_c.c
[1.910s] -- Up-to-date symlink: /home/jstone14/ENAE450_ws/src/interface_package/install/interface_package/local/lib/python3.10/dist-packages/interface_package/_interface_package_s.ep.rosidl_typesupport_introspection_c.c
[1.910s] -- Up-to-date symlink: /home/jstone14/ENAE450_ws/src/interface_package/install/interface_package/local/lib/python3.10/dist-packages/interface_package/interface_package_s__rosidl_typesupport_c.cpython-310-x86_64-linux-gnu.so
[1.910s] -- Up-to-date symlink: /home/jstone14/ENAE450_ws/src/interface_package/install/interface_package/local/lib/python3.10/dist-packages/interface_package/interface_package_s__rosidl_typesupport_fastrtps_c.cpython-310-x86_64-linux-gnu.so
[1.910s] -- Up-to-date symlink: /home/jstone14/ENAE450_ws/src/interface_package/install/interface_package/local/lib/python3.10/dist-packages/interface_package/interface_package_s__rosidl_typesupport_introspection_c.cpython-310-x86_64-linux-gnu.so
[1.910s] -- Up-to-date symlink: /home/jstone14/ENAE450_ws/src/interface_package/install/interface_package/local/lib/python3.10/dist-packages/interface_package/libinterface_package__rosidl_generator_py.so
[1.911s] -- Up-to-date symlink: /home/jstone14/ENAE450_ws/src/interface_package/install/interface_package/local/lib/python3.10/dist-packages/interface_package/srv/__init__.py
[1.911s] -- Up-to-date symlink: /home/jstone14/ENAE450_ws/src/interface_package/install/interface_package/local/lib/python3.10/dist-packages/interface_package/srv/_aruco_detect_srv.py
[1.911s] -- Up-to-date symlink: /home/jstone14/ENAE450_ws/src/interface_package/install/interface_package/local/lib/python3.10/dist-packages/interface_package/srv/_aruco_detect_srv_s.c
[1.911s] -- Up-to-date symlink: /home/jstone14/ENAE450_ws/src/interface_package/install/interface_package/local/lib/python3.10/dist-packages/interface_package/interface_package_s__rosidl_typesupport_fastrtps_c.cpython-310-x86_64-linux-gnu.so
[1.912s] -- Up-to-date symlink: /home/jstone14/ENAE450_ws/src/interface_package/install/interface_package/local/lib/python3.10/dist-packages/interface_package/interface_package_s__rosidl_typesupport_introspection_c.cpython-310-x86_64-linux-gnu.so
[1.912s] -- Up-to-date symlink: /home/jstone14/ENAE450_ws/src/interface_package/install/interface_package/local/lib/python3.10/dist-packages/interface_package/interface_package_s__rosidl_typesupport_c.cpython-310-x86_64-linux-gnu.so
[1.912s] -- Up-to-date symlink: /home/jstone14/ENAE450_ws/src/interface_package/install/interface_package/share/interface_package/srv/ArucoDetectSrv.idl
[1.912s] -- Up-to-date symlink: /home/jstone14/ENAE450_ws/src/interface_package/install/interface_package/share/interface_package/srv/ArucoDetectSrv.srv
[1.913s] -- Up-to-date symlink: /home/jstone14/ENAE450_ws/src/interface_package/install/interface_package/share/interface_package/srv/ArucoDetectSrv_Request.msg
[1.913s] -- Up-to-date symlink: /home/jstone14/ENAE450_ws/src/interface_package/install/interface_package/share/interface_package/srv/ArucoDetectSrv_Response.msg
[1.913s] -- Up-to-date symlink: /home/jstone14/ENAE450_ws/src/interface_package/install/interface_package/share/ament_index/resource_index/package_run_dependencies/interface_package
[1.913s] -- Up-to-date symlink: /home/jstone14/ENAE450_ws/src/interface_package/install/interface_package/share/ament_index/resource_index/parent_prefix_path/interface_package
[1.914s] -- Up-to-date symlink: /home/jstone14/ENAE450_ws/src/interface_package/install/interface_package/share/interface_package/environment/ament_prefix_path.sh
[1.914s] -- Up-to-date symlink: /home/jstone14/ENAE450_ws/src/interface_package/install/interface_package/share/interface_package/environment/ament_prefix_path.dsv
[1.914s] -- Up-to-date symlink: /home/jstone14/ENAE450_ws/src/interface_package/install/interface_package/share/interface_package/environment/path.sh
[1.914s] -- Up-to-date symlink: /home/jstone14/ENAE450_ws/src/interface_package/install/interface_package/share/interface_package/environment/path.dsv
[1.915s] -- Up-to-date symlink: /home/jstone14/ENAE450_ws/src/interface_package/install/interface_package/share/interface_package/local_setup.bash
[1.915s] -- Up-to-date symlink: /home/jstone14/ENAE450_ws/src/interface_package/install/interface_package/share/interface_package/local_setup.sh
[1.915s] -- Up-to-date symlink: /home/jstone14/ENAE450_ws/src/interface_package/install/interface_package/share/interface_package/local_setup.zsh
[1.916s] -- Up-to-date symlink: /home/jstone14/ENAE450_ws/src/interface_package/install/interface_package/share/interface_package/local_setup.dsv
[1.916s] -- Symlinking: /home/jstone14/ENAE450_ws/src/interface_package/install/interface_package/share/interface_package/package.dsv
[1.925s] -- Up-to-date symlink: /home/jstone14/ENAE450_ws/src/interface_package/install/interface_package/share/ament_index/resource_index/packages/interface_package
[1.925s] -- Up-to-date symlink: /home/jstone14/ENAE450_ws/src/interface_package/install/interface_package/share/interface_package/cmake/rosidl_cmake-extras.cmake
[1.925s] -- Up-to-date symlink: /home/jstone14/ENAE450_ws/src/interface_package/install/interface_package/share/interface_package/cmake/ament_cmake_export_include_directories-extras.cmake
[1.925s] -- Up-to-date symlink: /home/jstone14/ENAE450_ws/src/interface_package/install/interface_package/share/interface_package/cmake/ament_cmake_export_libraries-extras.cmake
[1.925s] -- Up-to-date symlink: /home/jstone14/ENAE450_ws/src/interface_package/install/interface_package/share/interface_package/cmake/ament_cmake_export_targets-extras.cmake
[1.926s] -- Up-to-date symlink: /home/jstone14/ENAE450_ws/src/interface_package/install/interface_package/share/interface_package/cmake/rosidl_cmake_export_typesupport_targets-extras.cmake
[1.926s] -- Up-to-date symlink: /home/jstone14/ENAE450_ws/src/interface_package/install/interface_package/share/interface_package/cmake/ament_cmake_export_dependencies-extras.cmake
[1.926s] -- Up-to-date symlink: /home/jstone14/ENAE450_ws/src/interface_package/install/interface_package/share/interface_package/cmake/rosidl_cmake_export_typesupport_libraries-extras.cmake
[1.926s] -- Up-to-date symlink: /home/jstone14/ENAE450_ws/src/interface_package/install/interface_package/share/interface_package/cmake/interface_packageConfig.cmake
[1.926s] -- Up-to-date symlink: /home/jstone14/ENAE450_ws/src/interface_package/install/interface_package/share/interface_package/cmake/interface_packageConfig-version.cmake
[1.926s] -- Up-to-date symlink: /home/jstone14/ENAE450_ws/src/interface_package/install/interface_package/share/interface_package/package.xml
[1.926s] -- Up-to-date: /home/jstone14/ENAE450_ws/src/interface_package/install/interface_package/lib/libinterface_package__rosidl_generator_c.so
[1.926s] -- Up-to-date: /home/jstone14/ENAE450_ws/src/interface_package/install/interface_package/lib/libinterface_package__rosidl_typesupport_fastrtps_c.so
[1.927s] -- Up-to-date: /home/jstone14/ENAE450_ws/src/interface_package/install/interface_package/lib/libinterface_package__rosidl_typesupport_fastrtps_cpp.so
[1.927s] -- Up-to-date: /home/jstone14/ENAE450_ws/src/interface_package/install/interface_package/lib/libinterface_package__rosidl_typesupport_introspection_c.so
[1.927s] -- Up-to-date: /home/jstone14/ENAE450_ws/src/interface_package/install/interface_package/lib/libinterface_package__rosidl_typesupport_c.so
[1.927s] -- Up-to-date: /home/jstone14/ENAE450_ws/src/interface_package/install/interface_package/lib/libinterface_package__rosidl_typesupport_introspection_cpp.so
[1.928s] -- Up-to-date: /home/jstone14/ENAE450_ws/src/interface_package/install/interface_package/lib/libinterface_package__rosidl_typesupport_cpp.so
[1.959s] Listing '/home/jstone14/ENAE450_ws/src/interface_package/install/interface_package/local/lib/python3.10/dist-packages/interface_package'...
[1.959s] Compiling '/home/jstone14/ENAE450_ws/src/interface_package/install/interface_package/local/lib/python3.10/dist-packages/interface_package/__init__.py'...
[1.959s] Listing '/home/jstone14/ENAE450_ws/src/interface_package/install/interface_package/local/lib/python3.10/dist-packages/interface_package/srv'...
[1.968s] -- Up-to-date: /home/jstone14/ENAE450_ws/src/interface_package/install/interface_package/lib/libinterface_package__rosidl_generator_py.so
[1.971s] -- Up-to-date: /home/jstone14/ENAE450_ws/src/interface_package/install/interface_package/share/interface_package/cmake/export_interface_package__rosidl_generator_cExport.cmake
[1.971s] -- Up-to-date: /home/jstone14/ENAE450_ws/src/interface_package/install/interface_package/share/interface_package/cmake/export_interface_package__rosidl_generator_cExport-noconfig.cmake
[1.971s] -- Up-to-date: /home/jstone14/ENAE450_ws/src/interface_package/install/interface_package/share/interface_package/cmake/export_interface_package__rosidl_typesupport_fastrtps_cExport.cmake
[1.971s] -- Up-to-date: /home/jstone14/ENAE450_ws/src/interface_package/install/interface_package/share/interface_package/cmake/export_interface_package__rosidl_typesupport_fastrtps_cExport-noconfig.cmake
[1.971s] -- Up-to-date: /home/jstone14/ENAE450_ws/src/interface_package/install/interface_package/share/interface_package/cmake/export_interface_package__rosidl_generator_cppExport.cmake
[1.971s] -- Up-to-date: /home/jstone14/ENAE450_ws/src/interface_package/install/interface_package/share/interface_package/cmake/export_interface_package__rosidl_typesupport_fastrtps_cppExport.cmake
[1.971s] -- Up-to-date: /home/jstone14/ENAE450_ws/src/interface_package/install/interface_package/share/interface_package/cmake/export_interface_package__rosidl_typesupport_fastrtps_cppExport-noconfig.cmake
[1.971s] -- Up-to-date: /home/jstone14/ENAE450_ws/src/interface_package/install/interface_package/share/interface_package/cmake/interface_package__rosidl_typesupport_introspection_cExport.cmake
[1.973s] -- Up-to-date: /home/jstone14/ENAE450_ws/src/interface_package/install/interface_package/share/interface_package/cmake/interface_package__rosidl_typesupport_introspection_cExport-noconfig.cmake
[1.974s] -- Up-to-date: /home/jstone14/ENAE450_ws/src/interface_package/install/interface_package/share/interface_package/cmake/interface_package__rosidl_typesupport_cExport.cmake
[1.974s] -- Up-to-date: /home/jstone14/ENAE450_ws/src/interface_package/install/interface_package/share/interface_package/cmake/interface_package__rosidl_typesupport_cExport-noconfig.cmake
[1.974s] -- Up-to-date: /home/jstone14/ENAE450_ws/src/interface_package/install/interface_package/share/interface_package/cmake/interface_package__rosidl_typesupport_introspection_cppExport.cmake
[1.975s] -- Up-to-date: /home/jstone14/ENAE450_ws/src/interface_package/install/interface_package/share/interface_package/cmake/interface_package__rosidl_typesupport_introspection_cppExport-noconfig.cmake
[1.975s] -- Up-to-date: /home/jstone14/ENAE450_ws/src/interface_package/install/interface_package/share/interface_package/cmake/interface_package__rosidl_typesupport_cppExport.cmake
[1.975s] -- Up-to-date: /home/jstone14/ENAE450_ws/src/interface_package/install/interface_package/share/interface_package/cmake/interface_package__rosidl_typesupport_cppExport-noconfig.cmake
[1.975s] -- Up-to-date: /home/jstone14/ENAE450_ws/src/interface_package/install/interface_package/share/interface_package/cmake/export_interface_package__rosidl_generator_pyExport.cmake
[1.975s] -- Up-to-date: /home/jstone14/ENAE450_ws/src/interface_package/install/interface_package/share/interface_package/cmake/export_interface_package__rosidl_generator_pyExport-noconfig.cmake
[1.975s] Invoked command in '/home/jstone14/ENAE450_ws/src/interface_package/build/interface_package' returned '0': CMAKE_PREFIX_PATH=${CMAKE_PREFIX_PATH}:/home/jstone14/tb3_ws/install/turtlebot3_teleop:/home/jstone14/tb3_ws/install/turtlebot3_example:/opt/ros/humble /usr/bin/cmake --install /home/jstone14/ENAE450_ws/src/interface_package/build/interface_package
