running egg_info
writing ../build/hw5/hw5.egg-info/PKG-INFO
writing dependency_links to ../build/hw5/hw5.egg-info/dependency_links.txt
writing entry points to ../build/hw5/hw5.egg-info/entry_points.txt
writing requirements to ../build/hw5/hw5.egg-info/requires.txt
writing top-level names to ../build/hw5/hw5.egg-info/top_level.txt
reading manifest file '../build/hw5/hw5.egg-info/SOURCES.txt'
writing manifest file '../build/hw5/hw5.egg-info/SOURCES.txt'
running build
running build_py
copying hw5/wallrider_v1.py -> /home/ros/rosPackages/ENAE450/ENAE450_ws/src/ENAE450-Group-Project/final_project/build/hw5/build/lib/hw5
copying hw5/aruco_detect.py -> /home/ros/rosPackages/ENAE450/ENAE450_ws/src/ENAE450-Group-Project/final_project/build/hw5/build/lib/hw5
copying hw5/wallrider_v2.py -> /home/ros/rosPackages/ENAE450/ENAE450_ws/src/ENAE450-Group-Project/final_project/build/hw5/build/lib/hw5
copying hw5/__init__.py -> /home/ros/rosPackages/ENAE450/ENAE450_ws/src/ENAE450-Group-Project/final_project/build/hw5/build/lib/hw5
running install
running install_lib
copying /home/ros/rosPackages/ENAE450/ENAE450_ws/src/ENAE450-Group-Project/final_project/build/hw5/build/lib/hw5/aruco_detect.py -> /home/ros/rosPackages/ENAE450/ENAE450_ws/src/ENAE450-Group-Project/final_project/install/hw5/lib/python3.10/site-packages/hw5
byte-compiling /home/ros/rosPackages/ENAE450/ENAE450_ws/src/ENAE450-Group-Project/final_project/install/hw5/lib/python3.10/site-packages/hw5/aruco_detect.py to aruco_detect.cpython-310.pyc
running install_data
copying resource/hw5 -> /home/ros/rosPackages/ENAE450/ENAE450_ws/src/ENAE450-Group-Project/final_project/install/hw5/share/ament_index/resource_index/packages
copying package.xml -> /home/ros/rosPackages/ENAE450/ENAE450_ws/src/ENAE450-Group-Project/final_project/install/hw5/share/hw5
copying launch/tb3_4walls_inside.launch.py -> /home/ros/rosPackages/ENAE450/ENAE450_ws/src/ENAE450-Group-Project/final_project/install/hw5/share/hw5/launch
copying launch/p2.launch.py -> /home/ros/rosPackages/ENAE450/ENAE450_ws/src/ENAE450-Group-Project/final_project/install/hw5/share/hw5/launch
copying launch/p3.launch.py -> /home/ros/rosPackages/ENAE450/ENAE450_ws/src/ENAE450-Group-Project/final_project/install/hw5/share/hw5/launch
copying launch/tb3_4walls_outside.launch.py -> /home/ros/rosPackages/ENAE450/ENAE450_ws/src/ENAE450-Group-Project/final_project/install/hw5/share/hw5/launch
copying worlds/tb3_4walls.world -> /home/ros/rosPackages/ENAE450/ENAE450_ws/src/ENAE450-Group-Project/final_project/install/hw5/share/hw5/worlds
copying models/tb3_4walls/model.config -> /home/ros/rosPackages/ENAE450/ENAE450_ws/src/ENAE450-Group-Project/final_project/install/hw5/share/hw5/models/tb3_4walls
copying models/tb3_4walls/four_walls.sdf -> /home/ros/rosPackages/ENAE450/ENAE450_ws/src/ENAE450-Group-Project/final_project/install/hw5/share/hw5/models/tb3_4walls
running install_egg_info
removing '/home/ros/rosPackages/ENAE450/ENAE450_ws/src/ENAE450-Group-Project/final_project/install/hw5/lib/python3.10/site-packages/hw5-0.0.0-py3.10.egg-info' (and everything under it)
Copying ../build/hw5/hw5.egg-info to /home/ros/rosPackages/ENAE450/ENAE450_ws/src/ENAE450-Group-Project/final_project/install/hw5/lib/python3.10/site-packages/hw5-0.0.0-py3.10.egg-info
running install_scripts
Installing aruco_detect script to /home/ros/rosPackages/ENAE450/ENAE450_ws/src/ENAE450-Group-Project/final_project/install/hw5/lib/hw5
Installing wallrider_v1 script to /home/ros/rosPackages/ENAE450/ENAE450_ws/src/ENAE450-Group-Project/final_project/install/hw5/lib/hw5
Installing wallrider_v2 script to /home/ros/rosPackages/ENAE450/ENAE450_ws/src/ENAE450-Group-Project/final_project/install/hw5/lib/hw5
writing list of installed files to '/home/ros/rosPackages/ENAE450/ENAE450_ws/src/ENAE450-Group-Project/final_project/build/hw5/install.log'
