[0.016s] Invoking command in '/home/jstone14/ENAE450_ws/src/interface_package/build/interface_package': CMAKE_PREFIX_PATH=${CMAKE_PREFIX_PATH}:/home/jstone14/tb3_ws/install/turtlebot3_teleop:/home/jstone14/tb3_ws/install/turtlebot3_example:/opt/ros/humble /usr/bin/cmake /home/jstone14/ENAE450_ws/src/interface_package -DAMENT_CMAKE_SYMLINK_INSTALL=1 -DCMAKE_INSTALL_PREFIX=/home/jstone14/ENAE450_ws/src/interface_package/install/interface_package
[0.025s] -- Found ament_cmake: 1.3.8 (/opt/ros/humble/share/ament_cmake/cmake)
[0.143s] -- Override CMake install command with custom implementation using symlinks instead of copying resources
[0.150s] -- Found rclcpp: 16.0.8 (/opt/ros/humble/share/rclcpp/cmake)
[0.177s] -- Found rosidl_generator_c: 3.1.5 (/opt/ros/humble/share/rosidl_generator_c/cmake)
[0.179s] -- Found rosidl_adapter: 3.1.5 (/opt/ros/humble/share/rosidl_adapter/cmake)
[0.184s] -- Found rosidl_generator_cpp: 3.1.5 (/opt/ros/humble/share/rosidl_generator_cpp/cmake)
[0.195s] -- Using all available rosidl_typesupport_c: rosidl_typesupport_fastrtps_c;rosidl_typesupport_introspection_c
[0.210s] -- Using all available rosidl_typesupport_cpp: rosidl_typesupport_fastrtps_cpp;rosidl_typesupport_introspection_cpp
[0.264s] -- Found rmw_implementation_cmake: 6.1.1 (/opt/ros/humble/share/rmw_implementation_cmake/cmake)
[0.266s] -- Found rmw_fastrtps_cpp: 6.2.6 (/opt/ros/humble/share/rmw_fastrtps_cpp/cmake)
[0.414s] -- Using RMW implementation 'rmw_fastrtps_cpp' as default
[0.573s] -- Found rosidl_default_generators: 1.2.0 (/opt/ros/humble/share/rosidl_default_generators/cmake)
[0.684s] [31mCMake Error at /opt/ros/humble/share/rosidl_adapter/cmake/rosidl_adapt_interfaces.cmake:59 (message):
[0.685s]   execute_process(/usr/bin/python3 -m rosidl_adapter --package-name
[0.685s]   interface_package --arguments-file
[0.686s]   /home/jstone14/ENAE450_ws/src/interface_package/build/interface_package/rosidl_adapter__arguments__interface_package.json
[0.686s]   --output-dir
[0.687s]   /home/jstone14/ENAE450_ws/src/interface_package/build/interface_package/rosidl_adapter/interface_package
[0.687s]   --output-file
[0.688s]   /home/jstone14/ENAE450_ws/src/interface_package/build/interface_package/rosidl_adapter/interface_package.idls)
[0.688s]   returned error code 1:
[0.689s] 
[0.689s]   Error processing 'int[][] corners' of
[0.690s]   'interface_package/ArucoDetectSrv_Request': ''int[]' is an invalid message
[0.692s]   name.  It should have the pattern '^[A-Z][A-Za-z0-9]*$''
[0.693s] 
[0.693s]   Traceback (most recent call last):
[0.694s] 
[0.694s]     File "/usr/lib/python3.10/runpy.py", line 196, in _run_module_as_main
[0.695s]       return _run_code(code, main_globals, None,
[0.695s]     File "/usr/lib/python3.10/runpy.py", line 86, in _run_code
[0.696s]       exec(code, run_globals)
[0.696s]     File "/opt/ros/humble/local/lib/python3.10/dist-packages/rosidl_adapter/__main__.py", line 19, in <module>
[0.697s]       sys.exit(main())
[0.697s]     File "/opt/ros/humble/local/lib/python3.10/dist-packages/rosidl_adapter/main.py", line 53, in main
[0.698s]       abs_idl_file = convert_to_idl(
[0.698s]     File "/opt/ros/humble/local/lib/python3.10/dist-packages/rosidl_adapter/__init__.py", line 24, in convert_to_idl
[0.699s]       return convert_srv_to_idl(
[0.700s]     File "/opt/ros/humble/local/lib/python3.10/dist-packages/rosidl_adapter/srv/__init__.py", line 28, in convert_srv_to_idl
[0.700s]       srv = parse_service_string(package_name, input_file.stem, content)
[0.701s]     File "/opt/ros/humble/local/lib/python3.10/dist-packages/rosidl_adapter/parser.py", line 859, in parse_service_string
[0.701s]       request_message = parse_message_string(
[0.701s]     File "/opt/ros/humble/local/lib/python3.10/dist-packages/rosidl_adapter/parser.py", line 520, in parse_message_string
[0.702s]       Type(type_string, context_package_name=pkg_name),
[0.702s]     File "/opt/ros/humble/local/lib/python3.10/dist-packages/rosidl_adapter/parser.py", line 277, in __init__
[0.702s]       super(Type, self).__init__(
[0.702s]     File "/opt/ros/humble/local/lib/python3.10/dist-packages/rosidl_adapter/parser.py", line 205, in __init__
[0.702s]       raise InvalidResourceName(
[0.702s] 
[0.702s]   rosidl_adapter.parser.InvalidResourceName: 'int[]' is an invalid message
[0.702s]   name.  It should have the pattern '^[A-Z][A-Za-z0-9]*$'
[0.702s] 
[0.702s] Call Stack (most recent call first):
[0.702s]   /opt/ros/humble/share/rosidl_cmake/cmake/rosidl_generate_interfaces.cmake:130 (rosidl_adapt_interfaces)
[0.702s]   CMakeLists.txt:12 (rosidl_generate_interfaces)
[0.703s] 
[0.703s] [0m
[0.703s] -- Configuring incomplete, errors occurred!
[0.703s] See also "/home/jstone14/ENAE450_ws/src/interface_package/build/interface_package/CMakeFiles/CMakeOutput.log".
[0.703s] Invoked command in '/home/jstone14/ENAE450_ws/src/interface_package/build/interface_package' returned '1': CMAKE_PREFIX_PATH=${CMAKE_PREFIX_PATH}:/home/jstone14/tb3_ws/install/turtlebot3_teleop:/home/jstone14/tb3_ws/install/turtlebot3_example:/opt/ros/humble /usr/bin/cmake /home/jstone14/ENAE450_ws/src/interface_package -DAMENT_CMAKE_SYMLINK_INSTALL=1 -DCMAKE_INSTALL_PREFIX=/home/jstone14/ENAE450_ws/src/interface_package/install/interface_package
