[0.103s] DEBUG:colcon:Command line arguments: ['/usr/bin/colcon', 'build', '--packages-select', 'interface_package']
[0.103s] DEBUG:colcon:Parsed command line arguments: Namespace(log_base=None, log_level=None, verb_name='build', build_base='build', install_base='install', merge_install=False, symlink_install=False, test_result_base=None, continue_on_error=False, executor='parallel', parallel_workers=4, event_handlers=None, ignore_user_meta=False, metas=['./colcon.meta'], base_paths=['.'], packages_ignore=None, packages_ignore_regex=None, paths=None, packages_up_to=None, packages_up_to_regex=None, packages_above=None, packages_above_and_dependencies=None, packages_above_depth=None, packages_select_by_dep=None, packages_skip_by_dep=None, packages_skip_up_to=None, packages_select_build_failed=False, packages_skip_build_finished=False, packages_select_test_failures=False, packages_skip_test_passed=False, packages_select=['interface_package'], packages_skip=None, packages_select_regex=None, packages_skip_regex=None, packages_start=None, packages_end=None, cmake_args=None, cmake_target=None, cmake_target_skip_unavailable=False, cmake_clean_cache=False, cmake_clean_first=False, cmake_force_configure=False, ament_cmake_args=None, catkin_cmake_args=None, catkin_skip_building_tests=False, mixin_files=None, mixin=None, verb_parser=<colcon_mixin.mixin.mixin_argument.MixinArgumentDecorator object at 0x7f5b2630a200>, verb_extension=<colcon_core.verb.build.BuildVerb object at 0x7f5b26309840>, main=<bound method BuildVerb.main of <colcon_core.verb.build.BuildVerb object at 0x7f5b26309840>>, mixin_verb=('build',))
[0.327s] Level 1:colcon.colcon_core.package_discovery:discover_packages(colcon_meta) check parameters
[0.327s] Level 1:colcon.colcon_core.package_discovery:discover_packages(recursive) check parameters
[0.327s] Level 1:colcon.colcon_core.package_discovery:discover_packages(ignore) check parameters
[0.327s] Level 1:colcon.colcon_core.package_discovery:discover_packages(path) check parameters
[0.327s] Level 1:colcon.colcon_core.package_discovery:discover_packages(colcon_meta) discover
[0.327s] Level 1:colcon.colcon_core.package_discovery:discover_packages(recursive) discover
[0.327s] INFO:colcon.colcon_core.package_discovery:Crawling recursively for packages in '/home/jstone14/ENAE450_ws/src/interface_package'
[0.328s] Level 1:colcon.colcon_core.package_identification:_identify(.) by extensions ['ignore', 'ignore_ament_install']
[0.328s] Level 1:colcon.colcon_core.package_identification:_identify(.) by extension 'ignore'
[0.328s] Level 1:colcon.colcon_core.package_identification:_identify(.) by extension 'ignore_ament_install'
[0.328s] Level 1:colcon.colcon_core.package_identification:_identify(.) by extensions ['colcon_pkg']
[0.328s] Level 1:colcon.colcon_core.package_identification:_identify(.) by extension 'colcon_pkg'
[0.328s] Level 1:colcon.colcon_core.package_identification:_identify(.) by extensions ['colcon_meta']
[0.328s] Level 1:colcon.colcon_core.package_identification:_identify(.) by extension 'colcon_meta'
[0.328s] Level 1:colcon.colcon_core.package_identification:_identify(.) by extensions ['ros']
[0.328s] Level 1:colcon.colcon_core.package_identification:_identify(.) by extension 'ros'
[0.349s] DEBUG:colcon.colcon_core.package_identification:Package '.' with type 'ros.ament_cmake' and name 'interface_package'
[0.349s] Level 1:colcon.colcon_core.package_discovery:discover_packages(recursive) using defaults
[0.349s] Level 1:colcon.colcon_core.package_discovery:discover_packages(ignore) discover
[0.349s] Level 1:colcon.colcon_core.package_discovery:discover_packages(ignore) using defaults
[0.349s] Level 1:colcon.colcon_core.package_discovery:discover_packages(path) discover
[0.349s] Level 1:colcon.colcon_core.package_discovery:discover_packages(path) using defaults
[0.365s] Level 5:colcon.colcon_core.verb:set package 'interface_package' build argument 'cmake_args' from command line to 'None'
[0.365s] Level 5:colcon.colcon_core.verb:set package 'interface_package' build argument 'cmake_target' from command line to 'None'
[0.365s] Level 5:colcon.colcon_core.verb:set package 'interface_package' build argument 'cmake_target_skip_unavailable' from command line to 'False'
[0.366s] Level 5:colcon.colcon_core.verb:set package 'interface_package' build argument 'cmake_clean_cache' from command line to 'False'
[0.366s] Level 5:colcon.colcon_core.verb:set package 'interface_package' build argument 'cmake_clean_first' from command line to 'False'
[0.366s] Level 5:colcon.colcon_core.verb:set package 'interface_package' build argument 'cmake_force_configure' from command line to 'False'
[0.366s] Level 5:colcon.colcon_core.verb:set package 'interface_package' build argument 'ament_cmake_args' from command line to 'None'
[0.366s] Level 5:colcon.colcon_core.verb:set package 'interface_package' build argument 'catkin_cmake_args' from command line to 'None'
[0.366s] Level 5:colcon.colcon_core.verb:set package 'interface_package' build argument 'catkin_skip_building_tests' from command line to 'False'
[0.366s] DEBUG:colcon.colcon_core.verb:Building package 'interface_package' with the following arguments: {'ament_cmake_args': None, 'build_base': '/home/jstone14/ENAE450_ws/src/interface_package/build/interface_package', 'catkin_cmake_args': None, 'catkin_skip_building_tests': False, 'cmake_args': None, 'cmake_clean_cache': False, 'cmake_clean_first': False, 'cmake_force_configure': False, 'cmake_target': None, 'cmake_target_skip_unavailable': False, 'install_base': '/home/jstone14/ENAE450_ws/src/interface_package/install/interface_package', 'merge_install': False, 'path': '/home/jstone14/ENAE450_ws/src/interface_package', 'symlink_install': False, 'test_result_base': None}
[0.366s] INFO:colcon.colcon_core.executor:Executing jobs using 'parallel' executor
[0.367s] DEBUG:colcon.colcon_parallel_executor.executor.parallel:run_until_complete
[0.367s] INFO:colcon.colcon_ros.task.ament_cmake.build:Building ROS package in '/home/jstone14/ENAE450_ws/src/interface_package' with build type 'ament_cmake'
[0.368s] INFO:colcon.colcon_cmake.task.cmake.build:Building CMake package in '/home/jstone14/ENAE450_ws/src/interface_package'
[0.370s] INFO:colcon.colcon_core.plugin_system:Skipping extension 'colcon_core.shell.bat': Not used on non-Windows systems
[0.370s] INFO:colcon.colcon_core.shell:Skip shell extension 'powershell' for command environment: Not usable outside of PowerShell
[0.370s] DEBUG:colcon.colcon_core.shell:Skip shell extension 'dsv' for command environment
[0.385s] DEBUG:colcon.colcon_core.event_handler.log_command:Invoking command in '/home/jstone14/ENAE450_ws/src/interface_package/build/interface_package': CMAKE_PREFIX_PATH=${CMAKE_PREFIX_PATH}:/home/jstone14/tb3_ws/install/turtlebot3_teleop:/home/jstone14/tb3_ws/install/turtlebot3_example:/opt/ros/humble /usr/bin/cmake /home/jstone14/ENAE450_ws/src/interface_package -DCMAKE_INSTALL_PREFIX=/home/jstone14/ENAE450_ws/src/interface_package/install/interface_package
[2.067s] DEBUG:colcon.colcon_core.event_handler.log_command:Invoked command in '/home/jstone14/ENAE450_ws/src/interface_package/build/interface_package' returned '0': CMAKE_PREFIX_PATH=${CMAKE_PREFIX_PATH}:/home/jstone14/tb3_ws/install/turtlebot3_teleop:/home/jstone14/tb3_ws/install/turtlebot3_example:/opt/ros/humble /usr/bin/cmake /home/jstone14/ENAE450_ws/src/interface_package -DCMAKE_INSTALL_PREFIX=/home/jstone14/ENAE450_ws/src/interface_package/install/interface_package
[2.069s] DEBUG:colcon.colcon_core.event_handler.log_command:Invoking command in '/home/jstone14/ENAE450_ws/src/interface_package/build/interface_package': CMAKE_PREFIX_PATH=${CMAKE_PREFIX_PATH}:/home/jstone14/tb3_ws/install/turtlebot3_teleop:/home/jstone14/tb3_ws/install/turtlebot3_example:/opt/ros/humble /usr/bin/cmake --build /home/jstone14/ENAE450_ws/src/interface_package/build/interface_package -- -j4 -l4
[5.823s] DEBUG:colcon.colcon_core.event_handler.log_command:Invoked command in '/home/jstone14/ENAE450_ws/src/interface_package/build/interface_package' returned '0': CMAKE_PREFIX_PATH=${CMAKE_PREFIX_PATH}:/home/jstone14/tb3_ws/install/turtlebot3_teleop:/home/jstone14/tb3_ws/install/turtlebot3_example:/opt/ros/humble /usr/bin/cmake --build /home/jstone14/ENAE450_ws/src/interface_package/build/interface_package -- -j4 -l4
[5.887s] DEBUG:colcon.colcon_core.event_handler.log_command:Invoking command in '/home/jstone14/ENAE450_ws/src/interface_package/build/interface_package': CMAKE_PREFIX_PATH=${CMAKE_PREFIX_PATH}:/home/jstone14/tb3_ws/install/turtlebot3_teleop:/home/jstone14/tb3_ws/install/turtlebot3_example:/opt/ros/humble /usr/bin/cmake --install /home/jstone14/ENAE450_ws/src/interface_package/build/interface_package
[6.481s] Level 1:colcon.colcon_core.environment:create_environment_scripts_only(interface_package)
[6.482s] DEBUG:colcon.colcon_core.event_handler.log_command:Invoked command in '/home/jstone14/ENAE450_ws/src/interface_package/build/interface_package' returned '0': CMAKE_PREFIX_PATH=${CMAKE_PREFIX_PATH}:/home/jstone14/tb3_ws/install/turtlebot3_teleop:/home/jstone14/tb3_ws/install/turtlebot3_example:/opt/ros/humble /usr/bin/cmake --install /home/jstone14/ENAE450_ws/src/interface_package/build/interface_package
[6.484s] Level 1:colcon.colcon_core.environment:checking '/home/jstone14/ENAE450_ws/src/interface_package/install/interface_package' for CMake module files
[6.484s] Level 1:colcon.colcon_core.environment:checking '/home/jstone14/ENAE450_ws/src/interface_package/install/interface_package' for CMake config files
[6.484s] Level 1:colcon.colcon_core.shell:create_environment_hook('interface_package', 'cmake_prefix_path')
[6.485s] INFO:colcon.colcon_core.shell:Creating environment hook '/home/jstone14/ENAE450_ws/src/interface_package/install/interface_package/share/interface_package/hook/cmake_prefix_path.ps1'
[6.486s] INFO:colcon.colcon_core.shell:Creating environment descriptor '/home/jstone14/ENAE450_ws/src/interface_package/install/interface_package/share/interface_package/hook/cmake_prefix_path.dsv'
[6.487s] INFO:colcon.colcon_core.shell:Creating environment hook '/home/jstone14/ENAE450_ws/src/interface_package/install/interface_package/share/interface_package/hook/cmake_prefix_path.sh'
[6.488s] Level 1:colcon.colcon_core.environment:checking '/home/jstone14/ENAE450_ws/src/interface_package/install/interface_package/lib'
[6.488s] Level 1:colcon.colcon_core.shell:create_environment_hook('interface_package', 'ld_library_path_lib')
[6.489s] INFO:colcon.colcon_core.shell:Creating environment hook '/home/jstone14/ENAE450_ws/src/interface_package/install/interface_package/share/interface_package/hook/ld_library_path_lib.ps1'
[6.489s] INFO:colcon.colcon_core.shell:Creating environment descriptor '/home/jstone14/ENAE450_ws/src/interface_package/install/interface_package/share/interface_package/hook/ld_library_path_lib.dsv'
[6.489s] INFO:colcon.colcon_core.shell:Creating environment hook '/home/jstone14/ENAE450_ws/src/interface_package/install/interface_package/share/interface_package/hook/ld_library_path_lib.sh'
[6.490s] Level 1:colcon.colcon_core.environment:checking '/home/jstone14/ENAE450_ws/src/interface_package/install/interface_package/bin'
[6.490s] Level 1:colcon.colcon_core.environment:checking '/home/jstone14/ENAE450_ws/src/interface_package/install/interface_package/lib/pkgconfig/interface_package.pc'
[6.491s] Level 1:colcon.colcon_core.environment:checking '/home/jstone14/ENAE450_ws/src/interface_package/install/interface_package/lib/python3.10/site-packages'
[6.491s] Level 1:colcon.colcon_core.environment:checking '/home/jstone14/ENAE450_ws/src/interface_package/install/interface_package/bin'
[6.492s] INFO:colcon.colcon_core.shell:Creating package script '/home/jstone14/ENAE450_ws/src/interface_package/install/interface_package/share/interface_package/package.ps1'
[6.493s] INFO:colcon.colcon_core.shell:Creating package descriptor '/home/jstone14/ENAE450_ws/src/interface_package/install/interface_package/share/interface_package/package.dsv'
[6.493s] INFO:colcon.colcon_core.shell:Creating package script '/home/jstone14/ENAE450_ws/src/interface_package/install/interface_package/share/interface_package/package.sh'
[6.494s] INFO:colcon.colcon_core.shell:Creating package script '/home/jstone14/ENAE450_ws/src/interface_package/install/interface_package/share/interface_package/package.bash'
[6.495s] INFO:colcon.colcon_core.shell:Creating package script '/home/jstone14/ENAE450_ws/src/interface_package/install/interface_package/share/interface_package/package.zsh'
[6.495s] Level 1:colcon.colcon_core.environment:create_file_with_runtime_dependencies(/home/jstone14/ENAE450_ws/src/interface_package/install/interface_package/share/colcon-core/packages/interface_package)
[6.556s] Level 1:colcon.colcon_core.environment:create_environment_scripts_only(interface_package)
[6.556s] Level 1:colcon.colcon_core.environment:checking '/home/jstone14/ENAE450_ws/src/interface_package/install/interface_package' for CMake module files
[6.557s] Level 1:colcon.colcon_core.environment:checking '/home/jstone14/ENAE450_ws/src/interface_package/install/interface_package' for CMake config files
[6.557s] Level 1:colcon.colcon_core.shell:create_environment_hook('interface_package', 'cmake_prefix_path')
[6.557s] INFO:colcon.colcon_core.shell:Creating environment hook '/home/jstone14/ENAE450_ws/src/interface_package/install/interface_package/share/interface_package/hook/cmake_prefix_path.ps1'
[6.558s] INFO:colcon.colcon_core.shell:Creating environment descriptor '/home/jstone14/ENAE450_ws/src/interface_package/install/interface_package/share/interface_package/hook/cmake_prefix_path.dsv'
[6.558s] INFO:colcon.colcon_core.shell:Creating environment hook '/home/jstone14/ENAE450_ws/src/interface_package/install/interface_package/share/interface_package/hook/cmake_prefix_path.sh'
[6.559s] Level 1:colcon.colcon_core.environment:checking '/home/jstone14/ENAE450_ws/src/interface_package/install/interface_package/lib'
[6.559s] Level 1:colcon.colcon_core.shell:create_environment_hook('interface_package', 'ld_library_path_lib')
[6.559s] INFO:colcon.colcon_core.shell:Creating environment hook '/home/jstone14/ENAE450_ws/src/interface_package/install/interface_package/share/interface_package/hook/ld_library_path_lib.ps1'
[6.560s] INFO:colcon.colcon_core.shell:Creating environment descriptor '/home/jstone14/ENAE450_ws/src/interface_package/install/interface_package/share/interface_package/hook/ld_library_path_lib.dsv'
[6.560s] INFO:colcon.colcon_core.shell:Creating environment hook '/home/jstone14/ENAE450_ws/src/interface_package/install/interface_package/share/interface_package/hook/ld_library_path_lib.sh'
[6.561s] Level 1:colcon.colcon_core.environment:checking '/home/jstone14/ENAE450_ws/src/interface_package/install/interface_package/bin'
[6.561s] Level 1:colcon.colcon_core.environment:checking '/home/jstone14/ENAE450_ws/src/interface_package/install/interface_package/lib/pkgconfig/interface_package.pc'
[6.561s] Level 1:colcon.colcon_core.environment:checking '/home/jstone14/ENAE450_ws/src/interface_package/install/interface_package/lib/python3.10/site-packages'
[6.561s] Level 1:colcon.colcon_core.environment:checking '/home/jstone14/ENAE450_ws/src/interface_package/install/interface_package/bin'
[6.562s] INFO:colcon.colcon_core.shell:Creating package script '/home/jstone14/ENAE450_ws/src/interface_package/install/interface_package/share/interface_package/package.ps1'
[6.562s] INFO:colcon.colcon_core.shell:Creating package descriptor '/home/jstone14/ENAE450_ws/src/interface_package/install/interface_package/share/interface_package/package.dsv'
[6.563s] INFO:colcon.colcon_core.shell:Creating package script '/home/jstone14/ENAE450_ws/src/interface_package/install/interface_package/share/interface_package/package.sh'
[6.564s] INFO:colcon.colcon_core.shell:Creating package script '/home/jstone14/ENAE450_ws/src/interface_package/install/interface_package/share/interface_package/package.bash'
[6.566s] INFO:colcon.colcon_core.shell:Creating package script '/home/jstone14/ENAE450_ws/src/interface_package/install/interface_package/share/interface_package/package.zsh'
[6.567s] Level 1:colcon.colcon_core.environment:create_file_with_runtime_dependencies(/home/jstone14/ENAE450_ws/src/interface_package/install/interface_package/share/colcon-core/packages/interface_package)
[6.567s] DEBUG:colcon.colcon_parallel_executor.executor.parallel:closing loop
[6.568s] DEBUG:colcon.colcon_parallel_executor.executor.parallel:loop closed
[6.568s] DEBUG:colcon.colcon_parallel_executor.executor.parallel:run_until_complete finished with '0'
[6.568s] DEBUG:colcon.colcon_core.event_reactor:joining thread
[6.574s] INFO:colcon.colcon_core.plugin_system:Skipping extension 'colcon_notification.desktop_notification.notify_send': Could not find 'notify-send'
[6.574s] INFO:colcon.colcon_core.plugin_system:Skipping extension 'colcon_notification.desktop_notification.terminal_notifier': Not used on non-Darwin systems
[6.574s] INFO:colcon.colcon_core.plugin_system:Skipping extension 'colcon_notification.desktop_notification.win32': Not used on non-Windows systems
[6.574s] INFO:colcon.colcon_notification.desktop_notification:Sending desktop notification using 'notify2'
[6.576s] DEBUG:colcon.colcon_notification.desktop_notification.notify2:Failed to initialize notify2: org.freedesktop.DBus.Error.Spawn.ExecFailed: /usr/bin/dbus-launch terminated abnormally without any error message
[6.576s] DEBUG:colcon.colcon_core.event_reactor:joined thread
[6.577s] INFO:colcon.colcon_core.shell:Creating prefix script '/home/jstone14/ENAE450_ws/src/interface_package/install/local_setup.ps1'
[6.578s] INFO:colcon.colcon_core.shell:Creating prefix util module '/home/jstone14/ENAE450_ws/src/interface_package/install/_local_setup_util_ps1.py'
[6.582s] INFO:colcon.colcon_core.shell:Creating prefix chain script '/home/jstone14/ENAE450_ws/src/interface_package/install/setup.ps1'
[6.585s] INFO:colcon.colcon_core.shell:Creating prefix script '/home/jstone14/ENAE450_ws/src/interface_package/install/local_setup.sh'
[6.586s] INFO:colcon.colcon_core.shell:Creating prefix util module '/home/jstone14/ENAE450_ws/src/interface_package/install/_local_setup_util_sh.py'
[6.587s] INFO:colcon.colcon_core.shell:Creating prefix chain script '/home/jstone14/ENAE450_ws/src/interface_package/install/setup.sh'
[6.588s] INFO:colcon.colcon_core.shell:Creating prefix script '/home/jstone14/ENAE450_ws/src/interface_package/install/local_setup.bash'
[6.589s] INFO:colcon.colcon_core.shell:Creating prefix chain script '/home/jstone14/ENAE450_ws/src/interface_package/install/setup.bash'
[6.590s] INFO:colcon.colcon_core.shell:Creating prefix script '/home/jstone14/ENAE450_ws/src/interface_package/install/local_setup.zsh'
[6.591s] INFO:colcon.colcon_core.shell:Creating prefix chain script '/home/jstone14/ENAE450_ws/src/interface_package/install/setup.zsh'
